<?xml version="1.0" encoding="UTF-8" ?>
<testsuites name="vitest tests" tests="4" failures="0" errors="0" time="3.557">
    <testsuite name="src/pages/Competitions/utils/competitionTiming.test.ts" timestamp="2026-05-05T20:54:22.531Z" hostname="LAPTOP-F85IDAL9" tests="4" failures="0" errors="0" skipped="0" time="0.0081482">
        <testcase classname="src/pages/Competitions/utils/competitionTiming.test.ts" name="getCompetitionTimeHint &gt; returns a start hint for upcoming competitions" time="0.004763">
        </testcase>
        <testcase classname="src/pages/Competitions/utils/competitionTiming.test.ts" name="getCompetitionTimeHint &gt; returns an end hint for active competitions" time="0.0005743">
        </testcase>
        <testcase classname="src/pages/Competitions/utils/competitionTiming.test.ts" name="getCompetitionTimeHint &gt; returns null for invalid dates" time="0.0002665">
        </testcase>
        <testcase classname="src/pages/Competitions/utils/competitionTiming.test.ts" name="getCompetitionTimeHint &gt; returns null for closed competitions" time="0.0003664">
        </testcase>
    </testsuite>
</testsuites>
