{"C:\\Users\\hamed mejri\\Downloads\\Esprit-PI-4Twin1-2026-ByteBattle-saladin\\Esprit-PI-4Twin1-2026-ByteBattle-saladin\\backend\\src\\app.controller.ts": {"path":"C:\\Users\\hamed mejri\\Downloads\\Esprit-PI-4Twin1-2026-ByteBattle-saladin\\Esprit-PI-4Twin1-2026-ByteBattle-saladin\\backend\\src\\app.controller.ts","statementMap":{"0":{"start":{"line":1,"column":0},"end":{"line":1,"column":49}},"1":{"start":{"line":2,"column":0},"end":{"line":2,"column":56}},"2":{"start":{"line":3,"column":0},"end":{"line":3,"column":43}},"3":{"start":{"line":7,"column":7},"end":{"line":15,"column":null}},"4":{"start":{"line":8,"column":31},"end":{"line":8,"column":43}},"5":{"start":{"line":13,"column":4},"end":{"line":13,"column":38}},"6":{"start":{"line":7,"column":13},"end":{"line":7,"column":26}},"7":{"start":{"line":12,"column":2},"end":{"line":14,"column":null}},"8":{"start":{"line":7,"column":13},"end":{"line":15,"column":null}}},"fnMap":{"0":{"name":"(anonymous_2)","decl":{"start":{"line":8,"column":2},"end":{"line":8,"column":31}},"loc":{"start":{"line":8,"column":53},"end":{"line":8,"column":57}}},"1":{"name":"(anonymous_3)","decl":{"start":{"line":12,"column":2},"end":{"line":12,"column":10}},"loc":{"start":{"line":12,"column":10},"end":{"line":14,"column":3}}}},"branchMap":{},"s":{"0":0,"1":0,"2":0,"3":0,"4":0,"5":0,"6":0,"7":0,"8":0},"f":{"0":0,"1":0},"b":{}}
,"C:\\Users\\hamed mejri\\Downloads\\Esprit-PI-4Twin1-2026-ByteBattle-saladin\\Esprit-PI-4Twin1-2026-ByteBattle-saladin\\backend\\src\\app.module.ts": {"path":"C:\\Users\\hamed mejri\\Downloads\\Esprit-PI-4Twin1-2026-ByteBattle-saladin\\Esprit-PI-4Twin1-2026-ByteBattle-saladin\\backend\\src\\app.module.ts","statementMap":{"0":{"start":{"line":3,"column":0},"end":{"line":3,"column":40}},"1":{"start":{"line":4,"column":0},"end":{"line":4,"column":61}},"2":{"start":{"line":5,"column":0},"end":{"line":5,"column":50}},"3":{"start":{"line":6,"column":0},"end":{"line":6,"column":28}},"4":{"start":{"line":7,"column":0},"end":{"line":7,"column":48}},"5":{"start":{"line":8,"column":0},"end":{"line":8,"column":51}},"6":{"start":{"line":9,"column":0},"end":{"line":9,"column":53}},"7":{"start":{"line":10,"column":0},"end":{"line":10,"column":55}},"8":{"start":{"line":11,"column":0},"end":{"line":11,"column":65}},"9":{"start":{"line":12,"column":0},"end":{"line":12,"column":77}},"10":{"start":{"line":13,"column":0},"end":{"line":13,"column":72}},"11":{"start":{"line":14,"column":0},"end":{"line":14,"column":72}},"12":{"start":{"line":15,"column":0},"end":{"line":15,"column":69}},"13":{"start":{"line":16,"column":0},"end":{"line":16,"column":71}},"14":{"start":{"line":17,"column":0},"end":{"line":17,"column":48}},"15":{"start":{"line":18,"column":0},"end":{"line":18,"column":54}},"16":{"start":{"line":19,"column":0},"end":{"line":19,"column":60}},"17":{"start":{"line":20,"column":0},"end":{"line":20,"column":57}},"18":{"start":{"line":21,"column":0},"end":{"line":21,"column":54}},"19":{"start":{"line":59,"column":7},"end":{"line":59,"column":null}},"20":{"start":{"line":59,"column":13},"end":{"line":59,"column":22}},"21":{"start":{"line":59,"column":13},"end":{"line":59,"column":null}},"22":{"start":{"line":40,"column":53},"end":{"line":42,"column":8}}},"fnMap":{"0":{"name":"(anonymous_1)","decl":{"start":{"line":40,"column":18},"end":{"line":40,"column":19}},"loc":{"start":{"line":40,"column":53},"end":{"line":42,"column":8}}}},"branchMap":{},"s":{"0":0,"1":0,"2":0,"3":0,"4":0,"5":0,"6":0,"7":0,"8":0,"9":0,"10":0,"11":0,"12":0,"13":0,"14":0,"15":0,"16":0,"17":0,"18":0,"19":0,"20":0,"21":0,"22":0},"f":{"0":0},"b":{}}
,"C:\\Users\\hamed mejri\\Downloads\\Esprit-PI-4Twin1-2026-ByteBattle-saladin\\Esprit-PI-4Twin1-2026-ByteBattle-saladin\\backend\\src\\app.service.ts": {"path":"C:\\Users\\hamed mejri\\Downloads\\Esprit-PI-4Twin1-2026-ByteBattle-saladin\\Esprit-PI-4Twin1-2026-ByteBattle-saladin\\backend\\src\\app.service.ts","statementMap":{"0":{"start":{"line":1,"column":0},"end":{"line":1,"column":44}},"1":{"start":{"line":4,"column":7},"end":{"line":11,"column":null}},"2":{"start":{"line":6,"column":4},"end":{"line":9,"column":6}},"3":{"start":{"line":4,"column":13},"end":{"line":4,"column":23}},"4":{"start":{"line":4,"column":13},"end":{"line":11,"column":null}}},"fnMap":{"0":{"name":"(anonymous_1)","decl":{"start":{"line":5,"column":2},"end":{"line":5,"column":10}},"loc":{"start":{"line":5,"column":10},"end":{"line":10,"column":3}}}},"branchMap":{},"s":{"0":0,"1":0,"2":0,"3":0,"4":0},"f":{"0":0},"b":{}}
,"C:\\Users\\hamed mejri\\Downloads\\Esprit-PI-4Twin1-2026-ByteBattle-saladin\\Esprit-PI-4Twin1-2026-ByteBattle-saladin\\backend\\src\\main.ts": {"path":"C:\\Users\\hamed mejri\\Downloads\\Esprit-PI-4Twin1-2026-ByteBattle-saladin\\Esprit-PI-4Twin1-2026-ByteBattle-saladin\\backend\\src\\main.ts","statementMap":{"0":{"start":{"line":2,"column":0},"end":{"line":2,"column":43}},"1":{"start":{"line":3,"column":0},"end":{"line":3,"column":48}},"2":{"start":{"line":4,"column":0},"end":{"line":4,"column":65}},"3":{"start":{"line":5,"column":0},"end":{"line":5,"column":28}},"4":{"start":{"line":6,"column":0},"end":{"line":6,"column":35}},"5":{"start":{"line":7,"column":0},"end":{"line":7,"column":41}},"6":{"start":{"line":8,"column":0},"end":{"line":8,"column":28}},"7":{"start":{"line":9,"column":0},"end":{"line":9,"column":43}},"8":{"start":{"line":10,"column":0},"end":{"line":10,"column":58}},"9":{"start":{"line":11,"column":0},"end":{"line":11,"column":36}},"10":{"start":{"line":12,"column":0},"end":{"line":12,"column":84}},"11":{"start":{"line":15,"column":14},"end":{"line":15,"column":49}},"12":{"start":{"line":17,"column":2},"end":{"line":51,"column":5}},"13":{"start":{"line":19,"column":6},"end":{"line":20,"column":18}},"14":{"start":{"line":21,"column":4},"end":{"line":21,"column":27}},"15":{"start":{"line":22,"column":4},"end":{"line":22,"column":38}},"16":{"start":{"line":23,"column":18},"end":{"line":23,"column":28}},"17":{"start":{"line":24,"column":4},"end":{"line":49,"column":7}},"18":{"start":{"line":25,"column":20},"end":{"line":25,"column":80}},"19":{"start":{"line":26,"column":21},"end":{"line":30,"column":8}},"20":{"start":{"line":32,"column":6},"end":{"line":32,"column":36}},"21":{"start":{"line":33,"column":6},"end":{"line":33,"column":78}},"22":{"start":{"line":35,"column":6},"end":{"line":48,"column":7}},"23":{"start":{"line":36,"column":8},"end":{"line":45,"column":10}},"24":{"start":{"line":50,"column":4},"end":{"line":50,"column":11}},"25":{"start":{"line":54,"column":22},"end":{"line":54,"column":52}},"26":{"start":{"line":55,"column":2},"end":{"line":55,"column":51}},"27":{"start":{"line":57,"column":20},"end":{"line":57,"column":56}},"28":{"start":{"line":58,"column":2},"end":{"line":58,"column":38}},"29":{"start":{"line":59,"column":2},"end":{"line":59,"column":60}},"30":{"start":{"line":61,"column":2},"end":{"line":65,"column":4}},"31":{"start":{"line":68,"column":22},"end":{"line":74,"column":20}},"32":{"start":{"line":73,"column":16},"end":{"line":73,"column":24}},"33":{"start":{"line":75,"column":18},"end":{"line":75,"column":55}},"34":{"start":{"line":76,"column":28},"end":{"line":76,"column":98}},"35":{"start":{"line":76,"column":43},"end":{"line":76,"column":98}},"36":{"start":{"line":77,"column":25},"end":{"line":77,"column":102}},"37":{"start":{"line":77,"column":40},"end":{"line":77,"column":102}},"38":{"start":{"line":79,"column":2},"end":{"line":89,"column":5}},"39":{"start":{"line":82,"column":6},"end":{"line":82,"column":47}},"40":{"start":{"line":82,"column":19},"end":{"line":82,"column":47}},"41":{"start":{"line":83,"column":6},"end":{"line":83,"column":68}},"42":{"start":{"line":83,"column":40},"end":{"line":83,"column":68}},"43":{"start":{"line":84,"column":6},"end":{"line":84,"column":93}},"44":{"start":{"line":84,"column":65},"end":{"line":84,"column":93}},"45":{"start":{"line":85,"column":6},"end":{"line":85,"column":62}},"46":{"start":{"line":85,"column":34},"end":{"line":85,"column":62}},"47":{"start":{"line":86,"column":6},"end":{"line":86,"column":63}},"48":{"start":{"line":91,"column":26},"end":{"line":91,"column":81}},"49":{"start":{"line":92,"column":22},"end":{"line":95,"column":4}},"50":{"start":{"line":97,"column":2},"end":{"line":111,"column":5}},"51":{"start":{"line":98,"column":4},"end":{"line":110,"column":5}},"52":{"start":{"line":99,"column":18},"end":{"line":99,"column":70}},"53":{"start":{"line":100,"column":6},"end":{"line":100,"column":111}},"54":{"start":{"line":100,"column":97},"end":{"line":100,"column":111}},"55":{"start":{"line":102,"column":6},"end":{"line":102,"column":54}},"56":{"start":{"line":102,"column":40},"end":{"line":102,"column":54}},"57":{"start":{"line":103,"column":6},"end":{"line":103,"column":40}},"58":{"start":{"line":104,"column":6},"end":{"line":104,"column":20}},"59":{"start":{"line":106,"column":6},"end":{"line":109,"column":9}},"60":{"start":{"line":114,"column":2},"end":{"line":120,"column":4}},"61":{"start":{"line":123,"column":17},"end":{"line":128,"column":12}},"62":{"start":{"line":129,"column":19},"end":{"line":129,"column":60}},"63":{"start":{"line":130,"column":2},"end":{"line":130,"column":44}},"64":{"start":{"line":132,"column":15},"end":{"line":132,"column":39}},"65":{"start":{"line":133,"column":2},"end":{"line":133,"column":25}},"66":{"start":{"line":134,"column":2},"end":{"line":134,"column":72}},"67":{"start":{"line":135,"column":2},"end":{"line":135,"column":72}},"68":{"start":{"line":138,"column":28},"end":{"line":138,"column":65}},"69":{"start":{"line":139,"column":18},"end":{"line":139,"column":55}},"70":{"start":{"line":141,"column":0},"end":{"line":149,"column":1}},"71":{"start":{"line":142,"column":2},"end":{"line":142,"column":87}},"72":{"start":{"line":144,"column":2},"end":{"line":144,"column":40}},"73":{"start":{"line":145,"column":2},"end":{"line":148,"column":5}},"74":{"start":{"line":146,"column":4},"end":{"line":146,"column":43}},"75":{"start":{"line":147,"column":4},"end":{"line":147,"column":16}}},"fnMap":{"0":{"name":"bootstrap","decl":{"start":{"line":14,"column":15},"end":{"line":14,"column":24}},"loc":{"start":{"line":14,"column":24},"end":{"line":136,"column":1}}},"1":{"name":"(anonymous_11)","decl":{"start":{"line":17,"column":10},"end":{"line":17,"column":11}},"loc":{"start":{"line":17,"column":44},"end":{"line":51,"column":3}}},"2":{"name":"(anonymous_12)","decl":{"start":{"line":24,"column":21},"end":{"line":24,"column":24}},"loc":{"start":{"line":24,"column":26},"end":{"line":49,"column":5}}},"3":{"name":"(anonymous_13)","decl":{"start":{"line":73,"column":9},"end":{"line":73,"column":10}},"loc":{"start":{"line":73,"column":16},"end":{"line":73,"column":24}}},"4":{"name":"(anonymous_14)","decl":{"start":{"line":76,"column":28},"end":{"line":76,"column":29}},"loc":{"start":{"line":76,"column":43},"end":{"line":76,"column":98}}},"5":{"name":"(anonymous_15)","decl":{"start":{"line":77,"column":25},"end":{"line":77,"column":26}},"loc":{"start":{"line":77,"column":40},"end":{"line":77,"column":102}}},"6":{"name":"(anonymous_16)","decl":{"start":{"line":80,"column":12},"end":{"line":80,"column":13}},"loc":{"start":{"line":80,"column":33},"end":{"line":87,"column":5}}},"7":{"name":"(anonymous_17)","decl":{"start":{"line":97,"column":10},"end":{"line":97,"column":15}},"loc":{"start":{"line":97,"column":50},"end":{"line":111,"column":3}}},"8":{"name":"(anonymous_18)","decl":{"start":{"line":145,"column":20},"end":{"line":145,"column":21}},"loc":{"start":{"line":145,"column":30},"end":{"line":148,"column":3}}}},"branchMap":{"0":{"loc":{"start":{"line":19,"column":6},"end":{"line":20,"column":18}},"type":"binary-expr","locations":[{"start":{"line":19,"column":7},"end":{"line":19,"column":54}},{"start":{"line":19,"column":58},"end":{"line":19,"column":92}},{"start":{"line":20,"column":6},"end":{"line":20,"column":18}}]},"1":{"loc":{"start":{"line":25,"column":20},"end":{"line":25,"column":80}},"type":"binary-expr","locations":[{"start":{"line":25,"column":20},"end":{"line":25,"column":35}},{"start":{"line":25,"column":39},"end":{"line":25,"column":69}},{"start":{"line":25,"column":73},"end":{"line":25,"column":80}}]},"2":{"loc":{"start":{"line":57,"column":20},"end":{"line":57,"column":56}},"type":"binary-expr","locations":[{"start":{"line":57,"column":20},"end":{"line":57,"column":47}},{"start":{"line":57,"column":51},"end":{"line":57,"column":56}}]},"3":{"loc":{"start":{"line":69,"column":4},"end":{"line":70,"column":136}},"type":"binary-expr","locations":[{"start":{"line":69,"column":4},"end":{"line":69,"column":27}},{"start":{"line":70,"column":4},"end":{"line":70,"column":136}}]},"4":{"loc":{"start":{"line":75,"column":18},"end":{"line":75,"column":55}},"type":"binary-expr","locations":[{"start":{"line":75,"column":18},"end":{"line":75,"column":38}},{"start":{"line":75,"column":42},"end":{"line":75,"column":55}}]},"5":{"loc":{"start":{"line":82,"column":6},"end":{"line":82,"column":47}},"type":"if","locations":[{"start":{"line":82,"column":6},"end":{"line":82,"column":47}}]},"6":{"loc":{"start":{"line":83,"column":6},"end":{"line":83,"column":68}},"type":"if","locations":[{"start":{"line":83,"column":6},"end":{"line":83,"column":68}}]},"7":{"loc":{"start":{"line":84,"column":6},"end":{"line":84,"column":93}},"type":"if","locations":[{"start":{"line":84,"column":6},"end":{"line":84,"column":93}}]},"8":{"loc":{"start":{"line":84,"column":10},"end":{"line":84,"column":63}},"type":"binary-expr","locations":[{"start":{"line":84,"column":10},"end":{"line":84,"column":34}},{"start":{"line":84,"column":38},"end":{"line":84,"column":63}}]},"9":{"loc":{"start":{"line":85,"column":6},"end":{"line":85,"column":62}},"type":"if","locations":[{"start":{"line":85,"column":6},"end":{"line":85,"column":62}}]},"10":{"loc":{"start":{"line":91,"column":33},"end":{"line":91,"column":80}},"type":"binary-expr","locations":[{"start":{"line":91,"column":33},"end":{"line":91,"column":73}},{"start":{"line":91,"column":77},"end":{"line":91,"column":80}}]},"11":{"loc":{"start":{"line":93,"column":12},"end":{"line":93,"column":68}},"type":"cond-expr","locations":[{"start":{"line":93,"column":47},"end":{"line":93,"column":62}},{"start":{"line":93,"column":65},"end":{"line":93,"column":68}}]},"12":{"loc":{"start":{"line":99,"column":18},"end":{"line":99,"column":70}},"type":"binary-expr","locations":[{"start":{"line":99,"column":18},"end":{"line":99,"column":24}},{"start":{"line":99,"column":28},"end":{"line":99,"column":57}},{"start":{"line":99,"column":61},"end":{"line":99,"column":70}}]},"13":{"loc":{"start":{"line":100,"column":6},"end":{"line":100,"column":111}},"type":"if","locations":[{"start":{"line":100,"column":6},"end":{"line":100,"column":111}}]},"14":{"loc":{"start":{"line":100,"column":10},"end":{"line":100,"column":95}},"type":"binary-expr","locations":[{"start":{"line":100,"column":10},"end":{"line":100,"column":32}},{"start":{"line":100,"column":36},"end":{"line":100,"column":68}},{"start":{"line":100,"column":72},"end":{"line":100,"column":95}}]},"15":{"loc":{"start":{"line":102,"column":6},"end":{"line":102,"column":54}},"type":"if","locations":[{"start":{"line":102,"column":6},"end":{"line":102,"column":54}}]},"16":{"loc":{"start":{"line":132,"column":15},"end":{"line":132,"column":39}},"type":"binary-expr","locations":[{"start":{"line":132,"column":15},"end":{"line":132,"column":31}},{"start":{"line":132,"column":35},"end":{"line":132,"column":39}}]},"17":{"loc":{"start":{"line":141,"column":0},"end":{"line":149,"column":1}},"type":"if","locations":[{"start":{"line":141,"column":0},"end":{"line":149,"column":1}},{"start":{"line":143,"column":7},"end":{"line":149,"column":1}}]}},"s":{"0":0,"1":0,"2":0,"3":0,"4":0,"5":0,"6":0,"7":0,"8":0,"9":0,"10":0,"11":0,"12":0,"13":0,"14":0,"15":0,"16":0,"17":0,"18":0,"19":0,"20":0,"21":0,"22":0,"23":0,"24":0,"25":0,"26":0,"27":0,"28":0,"29":0,"30":0,"31":0,"32":0,"33":0,"34":0,"35":0,"36":0,"37":0,"38":0,"39":0,"40":0,"41":0,"42":0,"43":0,"44":0,"45":0,"46":0,"47":0,"48":0,"49":0,"50":0,"51":0,"52":0,"53":0,"54":0,"55":0,"56":0,"57":0,"58":0,"59":0,"60":0,"61":0,"62":0,"63":0,"64":0,"65":0,"66":0,"67":0,"68":0,"69":0,"70":0,"71":0,"72":0,"73":0,"74":0,"75":0},"f":{"0":0,"1":0,"2":0,"3":0,"4":0,"5":0,"6":0,"7":0,"8":0},"b":{"0":[0,0,0],"1":[0,0,0],"2":[0,0],"3":[0,0],"4":[0,0],"5":[0],"6":[0],"7":[0],"8":[0,0],"9":[0],"10":[0,0],"11":[0,0],"12":[0,0,0],"13":[0],"14":[0,0,0],"15":[0],"16":[0,0],"17":[0,0]}}
,"C:\\Users\\hamed mejri\\Downloads\\Esprit-PI-4Twin1-2026-ByteBattle-saladin\\Esprit-PI-4Twin1-2026-ByteBattle-saladin\\backend\\src\\achievements\\achievements.controller.ts": {"path":"C:\\Users\\hamed mejri\\Downloads\\Esprit-PI-4Twin1-2026-ByteBattle-saladin\\Esprit-PI-4Twin1-2026-ByteBattle-saladin\\backend\\src\\achievements\\achievements.controller.ts","statementMap":{"0":{"start":{"line":1,"column":0},"end":{"line":1,"column":49}},"1":{"start":{"line":2,"column":0},"end":{"line":2,"column":56}},"2":{"start":{"line":3,"column":0},"end":{"line":3,"column":61}},"3":{"start":{"line":7,"column":7},"end":{"line":15,"column":null}},"4":{"start":{"line":8,"column":31},"end":{"line":8,"column":52}},"5":{"start":{"line":13,"column":4},"end":{"line":13,"column":46}},"6":{"start":{"line":7,"column":13},"end":{"line":7,"column":35}},"7":{"start":{"line":12,"column":8},"end":{"line":14,"column":null}},"8":{"start":{"line":7,"column":13},"end":{"line":15,"column":null}}},"fnMap":{"0":{"name":"(anonymous_2)","decl":{"start":{"line":8,"column":2},"end":{"line":8,"column":31}},"loc":{"start":{"line":8,"column":71},"end":{"line":8,"column":75}}},"1":{"name":"(anonymous_3)","decl":{"start":{"line":12,"column":2},"end":{"line":12,"column":7}},"loc":{"start":{"line":12,"column":15},"end":{"line":14,"column":3}}}},"branchMap":{},"s":{"0":0,"1":0,"2":0,"3":0,"4":0,"5":0,"6":0,"7":0,"8":0},"f":{"0":0,"1":0},"b":{}}
,"C:\\Users\\hamed mejri\\Downloads\\Esprit-PI-4Twin1-2026-ByteBattle-saladin\\Esprit-PI-4Twin1-2026-ByteBattle-saladin\\backend\\src\\achievements\\achievements.module.ts": {"path":"C:\\Users\\hamed mejri\\Downloads\\Esprit-PI-4Twin1-2026-ByteBattle-saladin\\Esprit-PI-4Twin1-2026-ByteBattle-saladin\\backend\\src\\achievements\\achievements.module.ts","statementMap":{"0":{"start":{"line":1,"column":0},"end":{"line":1,"column":40}},"1":{"start":{"line":2,"column":0},"end":{"line":2,"column":50}},"2":{"start":{"line":3,"column":0},"end":{"line":3,"column":67}},"3":{"start":{"line":4,"column":0},"end":{"line":4,"column":61}},"4":{"start":{"line":5,"column":0},"end":{"line":5,"column":78}},"5":{"start":{"line":17,"column":7},"end":{"line":17,"column":null}},"6":{"start":{"line":17,"column":13},"end":{"line":17,"column":31}},"7":{"start":{"line":17,"column":13},"end":{"line":17,"column":null}}},"fnMap":{},"branchMap":{},"s":{"0":0,"1":0,"2":0,"3":0,"4":0,"5":0,"6":0,"7":0},"f":{},"b":{}}
,"C:\\Users\\hamed mejri\\Downloads\\Esprit-PI-4Twin1-2026-ByteBattle-saladin\\Esprit-PI-4Twin1-2026-ByteBattle-saladin\\backend\\src\\achievements\\achievements.service.ts": {"path":"C:\\Users\\hamed mejri\\Downloads\\Esprit-PI-4Twin1-2026-ByteBattle-saladin\\Esprit-PI-4Twin1-2026-ByteBattle-saladin\\backend\\src\\achievements\\achievements.service.ts","statementMap":{"0":{"start":{"line":1,"column":0},"end":{"line":1,"column":44}},"1":{"start":{"line":2,"column":0},"end":{"line":2,"column":47}},"2":{"start":{"line":3,"column":0},"end":{"line":3,"column":33}},"3":{"start":{"line":4,"column":0},"end":{"line":4,"column":59}},"4":{"start":{"line":7,"column":7},"end":{"line":21,"column":null}},"5":{"start":{"line":10,"column":12},"end":{"line":10,"column":30}},"6":{"start":{"line":14,"column":4},"end":{"line":14,"column":47}},"7":{"start":{"line":19,"column":4},"end":{"line":19,"column":16}},"8":{"start":{"line":7,"column":13},"end":{"line":7,"column":32}},"9":{"start":{"line":7,"column":13},"end":{"line":21,"column":null}}},"fnMap":{"0":{"name":"(anonymous_4)","decl":{"start":{"line":8,"column":2},"end":{"line":8,"column":null}},"loc":{"start":{"line":10,"column":48},"end":{"line":11,"column":6}}},"1":{"name":"(anonymous_5)","decl":{"start":{"line":13,"column":2},"end":{"line":13,"column":7}},"loc":{"start":{"line":13,"column":15},"end":{"line":15,"column":3}}},"2":{"name":"(anonymous_6)","decl":{"start":{"line":17,"column":2},"end":{"line":17,"column":7}},"loc":{"start":{"line":17,"column":63},"end":{"line":20,"column":3}}}},"branchMap":{},"s":{"0":0,"1":0,"2":0,"3":0,"4":0,"5":0,"6":0,"7":0,"8":0,"9":0},"f":{"0":0,"1":0,"2":0},"b":{}}
,"C:\\Users\\hamed mejri\\Downloads\\Esprit-PI-4Twin1-2026-ByteBattle-saladin\\Esprit-PI-4Twin1-2026-ByteBattle-saladin\\backend\\src\\achievements\\schemas\\achievement.schema.ts": {"path":"C:\\Users\\hamed mejri\\Downloads\\Esprit-PI-4Twin1-2026-ByteBattle-saladin\\Esprit-PI-4Twin1-2026-ByteBattle-saladin\\backend\\src\\achievements\\schemas\\achievement.schema.ts","statementMap":{"0":{"start":{"line":1,"column":0},"end":{"line":1,"column":63}},"1":{"start":{"line":7,"column":7},"end":{"line":22,"column":null}},"2":{"start":{"line":7,"column":13},"end":{"line":7,"column":24}},"3":{"start":{"line":9,"column":2},"end":{"line":9,"column":null}},"4":{"start":{"line":12,"column":2},"end":{"line":12,"column":null}},"5":{"start":{"line":15,"column":2},"end":{"line":15,"column":null}},"6":{"start":{"line":18,"column":2},"end":{"line":18,"column":null}},"7":{"start":{"line":21,"column":2},"end":{"line":21,"column":null}},"8":{"start":{"line":7,"column":13},"end":{"line":22,"column":null}},"9":{"start":{"line":24,"column":13},"end":{"line":24,"column":75}}},"fnMap":{},"branchMap":{},"s":{"0":0,"1":0,"2":0,"3":0,"4":0,"5":0,"6":0,"7":0,"8":0,"9":0},"f":{},"b":{}}
,"C:\\Users\\hamed mejri\\Downloads\\Esprit-PI-4Twin1-2026-ByteBattle-saladin\\Esprit-PI-4Twin1-2026-ByteBattle-saladin\\backend\\src\\admin\\admin.controller.ts": {"path":"C:\\Users\\hamed mejri\\Downloads\\Esprit-PI-4Twin1-2026-ByteBattle-saladin\\Esprit-PI-4Twin1-2026-ByteBattle-saladin\\backend\\src\\admin\\admin.controller.ts","statementMap":{"0":{"start":{"line":2,"column":0},"end":{"line":2,"column":96}},"1":{"start":{"line":3,"column":0},"end":{"line":3,"column":71}},"2":{"start":{"line":4,"column":0},"end":{"line":4,"column":58}},"3":{"start":{"line":5,"column":0},"end":{"line":5,"column":47}},"4":{"start":{"line":6,"column":0},"end":{"line":6,"column":51}},"5":{"start":{"line":7,"column":0},"end":{"line":7,"column":75}},"6":{"start":{"line":8,"column":0},"end":{"line":8,"column":65}},"7":{"start":{"line":9,"column":0},"end":{"line":9,"column":48}},"8":{"start":{"line":10,"column":0},"end":{"line":10,"column":79}},"9":{"start":{"line":17,"column":7},"end":{"line":135,"column":null}},"10":{"start":{"line":19,"column":21},"end":{"line":19,"column":35}},"11":{"start":{"line":20,"column":21},"end":{"line":20,"column":34}},"12":{"start":{"line":21,"column":21},"end":{"line":21,"column":42}},"13":{"start":{"line":34,"column":4},"end":{"line":42,"column":7}},"14":{"start":{"line":52,"column":4},"end":{"line":52,"column":73}},"15":{"start":{"line":62,"column":4},"end":{"line":62,"column":72}},"16":{"start":{"line":68,"column":4},"end":{"line":68,"column":52}},"17":{"start":{"line":74,"column":4},"end":{"line":74,"column":52}},"18":{"start":{"line":82,"column":4},"end":{"line":82,"column":45}},"19":{"start":{"line":92,"column":4},"end":{"line":96,"column":6}},"20":{"start":{"line":109,"column":4},"end":{"line":114,"column":7}},"21":{"start":{"line":120,"column":4},"end":{"line":120,"column":54}},"22":{"start":{"line":126,"column":4},"end":{"line":126,"column":52}},"23":{"start":{"line":132,"column":24},"end":{"line":132,"column":88}},"24":{"start":{"line":133,"column":4},"end":{"line":133,"column":46}},"25":{"start":{"line":17,"column":13},"end":{"line":17,"column":28}},"26":{"start":{"line":26,"column":8},"end":{"line":43,"column":null}},"27":{"start":{"line":47,"column":8},"end":{"line":53,"column":null}},"28":{"start":{"line":57,"column":8},"end":{"line":63,"column":null}},"29":{"start":{"line":67,"column":2},"end":{"line":69,"column":null}},"30":{"start":{"line":73,"column":2},"end":{"line":75,"column":null}},"31":{"start":{"line":81,"column":2},"end":{"line":83,"column":null}},"32":{"start":{"line":87,"column":8},"end":{"line":97,"column":null}},"33":{"start":{"line":101,"column":8},"end":{"line":115,"column":null}},"34":{"start":{"line":119,"column":2},"end":{"line":121,"column":null}},"35":{"start":{"line":125,"column":8},"end":{"line":127,"column":null}},"36":{"start":{"line":131,"column":8},"end":{"line":134,"column":null}},"37":{"start":{"line":17,"column":13},"end":{"line":135,"column":null}}},"fnMap":{"0":{"name":"(anonymous_4)","decl":{"start":{"line":18,"column":2},"end":{"line":18,"column":null}},"loc":{"start":{"line":21,"column":61},"end":{"line":22,"column":6}}},"1":{"name":"(anonymous_5)","decl":{"start":{"line":26,"column":2},"end":{"line":26,"column":7}},"loc":{"start":{"line":32,"column":50},"end":{"line":43,"column":3}}},"2":{"name":"(anonymous_6)","decl":{"start":{"line":47,"column":2},"end":{"line":47,"column":7}},"loc":{"start":{"line":50,"column":48},"end":{"line":53,"column":3}}},"3":{"name":"(anonymous_7)","decl":{"start":{"line":57,"column":2},"end":{"line":57,"column":7}},"loc":{"start":{"line":60,"column":48},"end":{"line":63,"column":3}}},"4":{"name":"(anonymous_8)","decl":{"start":{"line":67,"column":2},"end":{"line":67,"column":22}},"loc":{"start":{"line":67,"column":22},"end":{"line":69,"column":3}}},"5":{"name":"(anonymous_9)","decl":{"start":{"line":73,"column":2},"end":{"line":73,"column":22}},"loc":{"start":{"line":73,"column":22},"end":{"line":75,"column":3}}},"6":{"name":"(anonymous_10)","decl":{"start":{"line":81,"column":2},"end":{"line":81,"column":15}},"loc":{"start":{"line":81,"column":15},"end":{"line":83,"column":3}}},"7":{"name":"(anonymous_11)","decl":{"start":{"line":87,"column":2},"end":{"line":87,"column":7}},"loc":{"start":{"line":90,"column":49},"end":{"line":97,"column":3}}},"8":{"name":"(anonymous_12)","decl":{"start":{"line":101,"column":2},"end":{"line":101,"column":7}},"loc":{"start":{"line":107,"column":45},"end":{"line":115,"column":3}}},"9":{"name":"(anonymous_13)","decl":{"start":{"line":119,"column":2},"end":{"line":119,"column":23}},"loc":{"start":{"line":119,"column":23},"end":{"line":121,"column":3}}},"10":{"name":"(anonymous_14)","decl":{"start":{"line":125,"column":2},"end":{"line":125,"column":7}},"loc":{"start":{"line":125,"column":46},"end":{"line":127,"column":3}}},"11":{"name":"(anonymous_15)","decl":{"start":{"line":131,"column":2},"end":{"line":131,"column":7}},"loc":{"start":{"line":131,"column":88},"end":{"line":134,"column":3}}}},"branchMap":{"0":{"loc":{"start":{"line":35,"column":12},"end":{"line":35,"column":43}},"type":"cond-expr","locations":[{"start":{"line":35,"column":19},"end":{"line":35,"column":31}},{"start":{"line":35,"column":34},"end":{"line":35,"column":43}}]},"1":{"loc":{"start":{"line":36,"column":13},"end":{"line":36,"column":46}},"type":"cond-expr","locations":[{"start":{"line":36,"column":21},"end":{"line":36,"column":34}},{"start":{"line":36,"column":37},"end":{"line":36,"column":46}}]},"2":{"loc":{"start":{"line":39,"column":16},"end":{"line":39,"column":78}},"type":"cond-expr","locations":[{"start":{"line":39,"column":47},"end":{"line":39,"column":66}},{"start":{"line":39,"column":69},"end":{"line":39,"column":78}}]},"3":{"loc":{"start":{"line":41,"column":8},"end":{"line":41,"column":80}},"type":"cond-expr","locations":[{"start":{"line":41,"column":44},"end":{"line":41,"column":68}},{"start":{"line":41,"column":71},"end":{"line":41,"column":80}}]},"4":{"loc":{"start":{"line":93,"column":6},"end":{"line":93,"column":29}},"type":"cond-expr","locations":[{"start":{"line":93,"column":13},"end":{"line":93,"column":25}},{"start":{"line":93,"column":28},"end":{"line":93,"column":29}}]},"5":{"loc":{"start":{"line":94,"column":6},"end":{"line":94,"column":32}},"type":"cond-expr","locations":[{"start":{"line":94,"column":14},"end":{"line":94,"column":27}},{"start":{"line":94,"column":30},"end":{"line":94,"column":32}}]},"6":{"loc":{"start":{"line":95,"column":6},"end":{"line":95,"column":69}},"type":"cond-expr","locations":[{"start":{"line":95,"column":51},"end":{"line":95,"column":57}},{"start":{"line":95,"column":60},"end":{"line":95,"column":69}}]},"7":{"loc":{"start":{"line":95,"column":6},"end":{"line":95,"column":48}},"type":"binary-expr","locations":[{"start":{"line":95,"column":6},"end":{"line":95,"column":23}},{"start":{"line":95,"column":27},"end":{"line":95,"column":48}}]},"8":{"loc":{"start":{"line":109,"column":49},"end":{"line":109,"column":72}},"type":"cond-expr","locations":[{"start":{"line":109,"column":56},"end":{"line":109,"column":68}},{"start":{"line":109,"column":71},"end":{"line":109,"column":72}}]},"9":{"loc":{"start":{"line":109,"column":74},"end":{"line":109,"column":100}},"type":"cond-expr","locations":[{"start":{"line":109,"column":82},"end":{"line":109,"column":95}},{"start":{"line":109,"column":98},"end":{"line":109,"column":100}}]},"10":{"loc":{"start":{"line":110,"column":14},"end":{"line":110,"column":33}},"type":"binary-expr","locations":[{"start":{"line":110,"column":14},"end":{"line":110,"column":20}},{"start":{"line":110,"column":24},"end":{"line":110,"column":33}}]},"11":{"loc":{"start":{"line":111,"column":16},"end":{"line":111,"column":37}},"type":"binary-expr","locations":[{"start":{"line":111,"column":16},"end":{"line":111,"column":24}},{"start":{"line":111,"column":28},"end":{"line":111,"column":37}}]},"12":{"loc":{"start":{"line":112,"column":9},"end":{"line":112,"column":23}},"type":"binary-expr","locations":[{"start":{"line":112,"column":9},"end":{"line":112,"column":10}},{"start":{"line":112,"column":14},"end":{"line":112,"column":23}}]},"13":{"loc":{"start":{"line":113,"column":12},"end":{"line":113,"column":51}},"type":"cond-expr","locations":[{"start":{"line":113,"column":32},"end":{"line":113,"column":40}},{"start":{"line":113,"column":43},"end":{"line":113,"column":51}}]}},"s":{"0":0,"1":0,"2":0,"3":0,"4":0,"5":0,"6":0,"7":0,"8":0,"9":0,"10":0,"11":0,"12":0,"13":0,"14":0,"15":0,"16":0,"17":0,"18":0,"19":0,"20":0,"21":0,"22":0,"23":0,"24":0,"25":0,"26":0,"27":0,"28":0,"29":0,"30":0,"31":0,"32":0,"33":0,"34":0,"35":0,"36":0,"37":0},"f":{"0":0,"1":0,"2":0,"3":0,"4":0,"5":0,"6":0,"7":0,"8":0,"9":0,"10":0,"11":0},"b":{"0":[0,0],"1":[0,0],"2":[0,0],"3":[0,0],"4":[0,0],"5":[0,0],"6":[0,0],"7":[0,0],"8":[0,0],"9":[0,0],"10":[0,0],"11":[0,0],"12":[0,0],"13":[0,0]}}
,"C:\\Users\\hamed mejri\\Downloads\\Esprit-PI-4Twin1-2026-ByteBattle-saladin\\Esprit-PI-4Twin1-2026-ByteBattle-saladin\\backend\\src\\admin\\admin.module.ts": {"path":"C:\\Users\\hamed mejri\\Downloads\\Esprit-PI-4Twin1-2026-ByteBattle-saladin\\Esprit-PI-4Twin1-2026-ByteBattle-saladin\\backend\\src\\admin\\admin.module.ts","statementMap":{"0":{"start":{"line":1,"column":0},"end":{"line":1,"column":40}},"1":{"start":{"line":2,"column":0},"end":{"line":2,"column":50}},"2":{"start":{"line":3,"column":0},"end":{"line":3,"column":64}},"3":{"start":{"line":4,"column":0},"end":{"line":4,"column":53}},"4":{"start":{"line":5,"column":0},"end":{"line":5,"column":47}},"5":{"start":{"line":6,"column":0},"end":{"line":6,"column":49}},"6":{"start":{"line":7,"column":0},"end":{"line":7,"column":73}},"7":{"start":{"line":18,"column":7},"end":{"line":18,"column":null}},"8":{"start":{"line":18,"column":13},"end":{"line":18,"column":24}},"9":{"start":{"line":18,"column":13},"end":{"line":18,"column":null}}},"fnMap":{},"branchMap":{},"s":{"0":0,"1":0,"2":0,"3":0,"4":0,"5":0,"6":0,"7":0,"8":0,"9":0},"f":{},"b":{}}
,"C:\\Users\\hamed mejri\\Downloads\\Esprit-PI-4Twin1-2026-ByteBattle-saladin\\Esprit-PI-4Twin1-2026-ByteBattle-saladin\\backend\\src\\admin\\admin.service.ts": {"path":"C:\\Users\\hamed mejri\\Downloads\\Esprit-PI-4Twin1-2026-ByteBattle-saladin\\Esprit-PI-4Twin1-2026-ByteBattle-saladin\\backend\\src\\admin\\admin.service.ts","statementMap":{"0":{"start":{"line":1,"column":0},"end":{"line":1,"column":83}},"1":{"start":{"line":2,"column":0},"end":{"line":2,"column":47}},"2":{"start":{"line":3,"column":0},"end":{"line":3,"column":33}},"3":{"start":{"line":4,"column":0},"end":{"line":4,"column":66}},"4":{"start":{"line":7,"column":7},"end":{"line":182,"column":null}},"5":{"start":{"line":10,"column":21},"end":{"line":10,"column":32}},"6":{"start":{"line":21,"column":17},"end":{"line":21,"column":54}},"7":{"start":{"line":22,"column":18},"end":{"line":22,"column":72}},"8":{"start":{"line":23,"column":17},"end":{"line":23,"column":35}},"9":{"start":{"line":25,"column":24},"end":{"line":25,"column":26}},"10":{"start":{"line":26,"column":4},"end":{"line":26,"column":80}},"11":{"start":{"line":26,"column":46},"end":{"line":26,"column":80}},"12":{"start":{"line":27,"column":4},"end":{"line":29,"column":5}},"13":{"start":{"line":28,"column":6},"end":{"line":28,"column":75}},"14":{"start":{"line":30,"column":4},"end":{"line":35,"column":5}},"15":{"start":{"line":31,"column":6},"end":{"line":34,"column":8}},"16":{"start":{"line":36,"column":4},"end":{"line":48,"column":5}},"17":{"start":{"line":37,"column":16},"end":{"line":37,"column":39}},"18":{"start":{"line":38,"column":6},"end":{"line":47,"column":7}},"19":{"start":{"line":39,"column":8},"end":{"line":39,"column":40}},"20":{"start":{"line":40,"column":8},"end":{"line":46,"column":11}},"21":{"start":{"line":50,"column":27},"end":{"line":59,"column":6}},"22":{"start":{"line":61,"column":4},"end":{"line":61,"column":41}},"23":{"start":{"line":70,"column":4},"end":{"line":77,"column":5}},"24":{"start":{"line":71,"column":6},"end":{"line":73,"column":7}},"25":{"start":{"line":72,"column":8},"end":{"line":72,"column":78}},"26":{"start":{"line":74,"column":6},"end":{"line":76,"column":7}},"27":{"start":{"line":75,"column":8},"end":{"line":75,"column":79}},"28":{"start":{"line":79,"column":21},"end":{"line":79,"column":23}},"29":{"start":{"line":80,"column":4},"end":{"line":84,"column":5}},"30":{"start":{"line":81,"column":20},"end":{"line":81,"column":65}},"31":{"start":{"line":82,"column":6},"end":{"line":82,"column":24}},"32":{"start":{"line":83,"column":6},"end":{"line":83,"column":44}},"33":{"start":{"line":85,"column":4},"end":{"line":85,"column":77}},"34":{"start":{"line":85,"column":46},"end":{"line":85,"column":77}},"35":{"start":{"line":87,"column":17},"end":{"line":90,"column":13}},"36":{"start":{"line":91,"column":4},"end":{"line":91,"column":61}},"37":{"start":{"line":91,"column":15},"end":{"line":91,"column":61}},"38":{"start":{"line":92,"column":4},"end":{"line":92,"column":16}},"39":{"start":{"line":101,"column":4},"end":{"line":105,"column":5}},"40":{"start":{"line":102,"column":6},"end":{"line":104,"column":7}},"41":{"start":{"line":103,"column":8},"end":{"line":103,"column":78}},"42":{"start":{"line":107,"column":18},"end":{"line":107,"column":24}},"43":{"start":{"line":108,"column":17},"end":{"line":115,"column":13}},"44":{"start":{"line":116,"column":4},"end":{"line":116,"column":61}},"45":{"start":{"line":116,"column":15},"end":{"line":116,"column":61}},"46":{"start":{"line":117,"column":4},"end":{"line":117,"column":16}},"47":{"start":{"line":122,"column":62},"end":{"line":132,"column":6}},"48":{"start":{"line":133,"column":18},"end":{"line":133,"column":38}},"49":{"start":{"line":134,"column":18},"end":{"line":134,"column":38}},"50":{"start":{"line":135,"column":4},"end":{"line":141,"column":6}},"51":{"start":{"line":140,"column":46},"end":{"line":140,"column":80}},"52":{"start":{"line":145,"column":61},"end":{"line":150,"column":6}},"53":{"start":{"line":152,"column":4},"end":{"line":159,"column":6}},"54":{"start":{"line":163,"column":48},"end":{"line":167,"column":6}},"55":{"start":{"line":169,"column":23},"end":{"line":169,"column":68}},"56":{"start":{"line":170,"column":18},"end":{"line":170,"column":49}},"57":{"start":{"line":172,"column":4},"end":{"line":180,"column":6}},"58":{"start":{"line":7,"column":13},"end":{"line":7,"column":25}},"59":{"start":{"line":7,"column":13},"end":{"line":182,"column":null}}},"fnMap":{"0":{"name":"(anonymous_4)","decl":{"start":{"line":8,"column":2},"end":{"line":8,"column":null}},"loc":{"start":{"line":10,"column":51},"end":{"line":11,"column":6}}},"1":{"name":"(anonymous_5)","decl":{"start":{"line":13,"column":2},"end":{"line":13,"column":7}},"loc":{"start":{"line":20,"column":3},"end":{"line":62,"column":3}}},"2":{"name":"(anonymous_6)","decl":{"start":{"line":64,"column":2},"end":{"line":64,"column":7}},"loc":{"start":{"line":67,"column":27},"end":{"line":93,"column":3}}},"3":{"name":"(anonymous_7)","decl":{"start":{"line":96,"column":2},"end":{"line":96,"column":7}},"loc":{"start":{"line":99,"column":27},"end":{"line":118,"column":3}}},"4":{"name":"(anonymous_8)","decl":{"start":{"line":121,"column":2},"end":{"line":121,"column":7}},"loc":{"start":{"line":121,"column":28},"end":{"line":142,"column":3}}},"5":{"name":"(anonymous_9)","decl":{"start":{"line":140,"column":33},"end":{"line":140,"column":34}},"loc":{"start":{"line":140,"column":46},"end":{"line":140,"column":80}}},"6":{"name":"(anonymous_10)","decl":{"start":{"line":144,"column":2},"end":{"line":144,"column":7}},"loc":{"start":{"line":144,"column":28},"end":{"line":160,"column":3}}},"7":{"name":"(anonymous_11)","decl":{"start":{"line":162,"column":2},"end":{"line":162,"column":7}},"loc":{"start":{"line":162,"column":21},"end":{"line":181,"column":3}}}},"branchMap":{"0":{"loc":{"start":{"line":21,"column":36},"end":{"line":21,"column":52}},"type":"binary-expr","locations":[{"start":{"line":21,"column":36},"end":{"line":21,"column":47}},{"start":{"line":21,"column":51},"end":{"line":21,"column":52}}]},"1":{"loc":{"start":{"line":22,"column":51},"end":{"line":22,"column":69}},"type":"binary-expr","locations":[{"start":{"line":22,"column":51},"end":{"line":22,"column":63}},{"start":{"line":22,"column":67},"end":{"line":22,"column":69}}]},"2":{"loc":{"start":{"line":26,"column":4},"end":{"line":26,"column":80}},"type":"if","locations":[{"start":{"line":26,"column":4},"end":{"line":26,"column":80}}]},"3":{"loc":{"start":{"line":27,"column":4},"end":{"line":29,"column":5}},"type":"if","locations":[{"start":{"line":27,"column":4},"end":{"line":29,"column":5}}]},"4":{"loc":{"start":{"line":28,"column":31},"end":{"line":28,"column":74}},"type":"cond-expr","locations":[{"start":{"line":28,"column":54},"end":{"line":28,"column":67}},{"start":{"line":28,"column":70},"end":{"line":28,"column":74}}]},"5":{"loc":{"start":{"line":30,"column":4},"end":{"line":35,"column":5}},"type":"if","locations":[{"start":{"line":30,"column":4},"end":{"line":35,"column":5}}]},"6":{"loc":{"start":{"line":33,"column":12},"end":{"line":33,"column":62}},"type":"cond-expr","locations":[{"start":{"line":33,"column":38},"end":{"line":33,"column":57}},{"start":{"line":33,"column":60},"end":{"line":33,"column":62}}]},"7":{"loc":{"start":{"line":36,"column":4},"end":{"line":48,"column":5}},"type":"if","locations":[{"start":{"line":36,"column":4},"end":{"line":48,"column":5}}]},"8":{"loc":{"start":{"line":38,"column":6},"end":{"line":47,"column":7}},"type":"if","locations":[{"start":{"line":38,"column":6},"end":{"line":47,"column":7}}]},"9":{"loc":{"start":{"line":39,"column":22},"end":{"line":39,"column":39}},"type":"binary-expr","locations":[{"start":{"line":39,"column":22},"end":{"line":39,"column":33}},{"start":{"line":39,"column":37},"end":{"line":39,"column":39}}]},"10":{"loc":{"start":{"line":70,"column":4},"end":{"line":77,"column":5}},"type":"if","locations":[{"start":{"line":70,"column":4},"end":{"line":77,"column":5}}]},"11":{"loc":{"start":{"line":70,"column":8},"end":{"line":70,"column":67}},"type":"binary-expr","locations":[{"start":{"line":70,"column":8},"end":{"line":70,"column":22}},{"start":{"line":70,"column":26},"end":{"line":70,"column":67}}]},"12":{"loc":{"start":{"line":71,"column":6},"end":{"line":73,"column":7}},"type":"if","locations":[{"start":{"line":71,"column":6},"end":{"line":73,"column":7}}]},"13":{"loc":{"start":{"line":71,"column":10},"end":{"line":71,"column":72}},"type":"binary-expr","locations":[{"start":{"line":71,"column":10},"end":{"line":71,"column":37}},{"start":{"line":71,"column":41},"end":{"line":71,"column":72}}]},"14":{"loc":{"start":{"line":74,"column":6},"end":{"line":76,"column":7}},"type":"if","locations":[{"start":{"line":74,"column":6},"end":{"line":76,"column":7}}]},"15":{"loc":{"start":{"line":80,"column":4},"end":{"line":84,"column":5}},"type":"if","locations":[{"start":{"line":80,"column":4},"end":{"line":84,"column":5}}]},"16":{"loc":{"start":{"line":81,"column":20},"end":{"line":81,"column":65}},"type":"cond-expr","locations":[{"start":{"line":81,"column":42},"end":{"line":81,"column":54}},{"start":{"line":81,"column":57},"end":{"line":81,"column":65}}]},"17":{"loc":{"start":{"line":85,"column":4},"end":{"line":85,"column":77}},"type":"if","locations":[{"start":{"line":85,"column":4},"end":{"line":85,"column":77}}]},"18":{"loc":{"start":{"line":91,"column":4},"end":{"line":91,"column":61}},"type":"if","locations":[{"start":{"line":91,"column":4},"end":{"line":91,"column":61}}]},"19":{"loc":{"start":{"line":101,"column":4},"end":{"line":105,"column":5}},"type":"if","locations":[{"start":{"line":101,"column":4},"end":{"line":105,"column":5}}]},"20":{"loc":{"start":{"line":101,"column":8},"end":{"line":101,"column":67}},"type":"binary-expr","locations":[{"start":{"line":101,"column":8},"end":{"line":101,"column":22}},{"start":{"line":101,"column":26},"end":{"line":101,"column":67}}]},"21":{"loc":{"start":{"line":102,"column":6},"end":{"line":104,"column":7}},"type":"if","locations":[{"start":{"line":102,"column":6},"end":{"line":104,"column":7}}]},"22":{"loc":{"start":{"line":116,"column":4},"end":{"line":116,"column":61}},"type":"if","locations":[{"start":{"line":116,"column":4},"end":{"line":116,"column":61}}]},"23":{"loc":{"start":{"line":133,"column":18},"end":{"line":133,"column":38}},"type":"binary-expr","locations":[{"start":{"line":133,"column":18},"end":{"line":133,"column":33}},{"start":{"line":133,"column":37},"end":{"line":133,"column":38}}]},"24":{"loc":{"start":{"line":134,"column":18},"end":{"line":134,"column":38}},"type":"binary-expr","locations":[{"start":{"line":134,"column":18},"end":{"line":134,"column":33}},{"start":{"line":134,"column":37},"end":{"line":134,"column":38}}]},"25":{"loc":{"start":{"line":169,"column":23},"end":{"line":169,"column":68}},"type":"cond-expr","locations":[{"start":{"line":169,"column":40},"end":{"line":169,"column":64}},{"start":{"line":169,"column":67},"end":{"line":169,"column":68}}]},"26":{"loc":{"start":{"line":170,"column":25},"end":{"line":170,"column":48}},"type":"binary-expr","locations":[{"start":{"line":170,"column":25},"end":{"line":170,"column":43}},{"start":{"line":170,"column":47},"end":{"line":170,"column":48}}]}},"s":{"0":0,"1":0,"2":0,"3":0,"4":0,"5":0,"6":0,"7":0,"8":0,"9":0,"10":0,"11":0,"12":0,"13":0,"14":0,"15":0,"16":0,"17":0,"18":0,"19":0,"20":0,"21":0,"22":0,"23":0,"24":0,"25":0,"26":0,"27":0,"28":0,"29":0,"30":0,"31":0,"32":0,"33":0,"34":0,"35":0,"36":0,"37":0,"38":0,"39":0,"40":0,"41":0,"42":0,"43":0,"44":0,"45":0,"46":0,"47":0,"48":0,"49":0,"50":0,"51":0,"52":0,"53":0,"54":0,"55":0,"56":0,"57":0,"58":0,"59":0},"f":{"0":0,"1":0,"2":0,"3":0,"4":0,"5":0,"6":0,"7":0},"b":{"0":[0,0],"1":[0,0],"2":[0],"3":[0],"4":[0,0],"5":[0],"6":[0,0],"7":[0],"8":[0],"9":[0,0],"10":[0],"11":[0,0],"12":[0],"13":[0,0],"14":[0],"15":[0],"16":[0,0],"17":[0],"18":[0],"19":[0],"20":[0,0],"21":[0],"22":[0],"23":[0,0],"24":[0,0],"25":[0,0],"26":[0,0]}}
,"C:\\Users\\hamed mejri\\Downloads\\Esprit-PI-4Twin1-2026-ByteBattle-saladin\\Esprit-PI-4Twin1-2026-ByteBattle-saladin\\backend\\src\\admin\\dto\\admin-update-reclamation.dto.ts": {"path":"C:\\Users\\hamed mejri\\Downloads\\Esprit-PI-4Twin1-2026-ByteBattle-saladin\\Esprit-PI-4Twin1-2026-ByteBattle-saladin\\backend\\src\\admin\\dto\\admin-update-reclamation.dto.ts","statementMap":{"0":{"start":{"line":1,"column":0},"end":{"line":1,"column":46}},"1":{"start":{"line":2,"column":0},"end":{"line":2,"column":39}},"2":{"start":{"line":4,"column":0},"end":{"line":4,"column":13}},"3":{"start":{"line":7,"column":2},"end":{"line":7,"column":null}}},"fnMap":{},"branchMap":{},"s":{"0":0,"1":0,"2":0,"3":0},"f":{},"b":{}}
,"C:\\Users\\hamed mejri\\Downloads\\Esprit-PI-4Twin1-2026-ByteBattle-saladin\\Esprit-PI-4Twin1-2026-ByteBattle-saladin\\backend\\src\\admin\\dto\\admin-update-user.dto.ts": {"path":"C:\\Users\\hamed mejri\\Downloads\\Esprit-PI-4Twin1-2026-ByteBattle-saladin\\Esprit-PI-4Twin1-2026-ByteBattle-saladin\\backend\\src\\admin\\dto\\admin-update-user.dto.ts","statementMap":{"0":{"start":{"line":1,"column":0},"end":{"line":1,"column":54}},"1":{"start":{"line":2,"column":0},"end":{"line":2,"column":71}},"2":{"start":{"line":4,"column":0},"end":{"line":4,"column":13}},"3":{"start":{"line":9,"column":2},"end":{"line":9,"column":null}},"4":{"start":{"line":14,"column":2},"end":{"line":14,"column":null}}},"fnMap":{},"branchMap":{},"s":{"0":0,"1":0,"2":0,"3":0,"4":0},"f":{},"b":{}}
,"C:\\Users\\hamed mejri\\Downloads\\Esprit-PI-4Twin1-2026-ByteBattle-saladin\\Esprit-PI-4Twin1-2026-ByteBattle-saladin\\backend\\src\\admin\\dto\\set-role.dto.ts": {"path":"C:\\Users\\hamed mejri\\Downloads\\Esprit-PI-4Twin1-2026-ByteBattle-saladin\\Esprit-PI-4Twin1-2026-ByteBattle-saladin\\backend\\src\\admin\\dto\\set-role.dto.ts","statementMap":{"0":{"start":{"line":1,"column":0},"end":{"line":1,"column":46}},"1":{"start":{"line":2,"column":0},"end":{"line":2,"column":39}},"2":{"start":{"line":4,"column":0},"end":{"line":4,"column":13}},"3":{"start":{"line":7,"column":2},"end":{"line":7,"column":null}}},"fnMap":{},"branchMap":{},"s":{"0":0,"1":0,"2":0,"3":0},"f":{},"b":{}}
,"C:\\Users\\hamed mejri\\Downloads\\Esprit-PI-4Twin1-2026-ByteBattle-saladin\\Esprit-PI-4Twin1-2026-ByteBattle-saladin\\backend\\src\\ai\\dto\\GenerateChallengeDto.ts": {"path":"C:\\Users\\hamed mejri\\Downloads\\Esprit-PI-4Twin1-2026-ByteBattle-saladin\\Esprit-PI-4Twin1-2026-ByteBattle-saladin\\backend\\src\\ai\\dto\\GenerateChallengeDto.ts","statementMap":{"0":{"start":{"line":1,"column":0},"end":{"line":1,"column":51}},"1":{"start":{"line":2,"column":0},"end":{"line":2,"column":46}},"2":{"start":{"line":4,"column":0},"end":{"line":4,"column":null}},"3":{"start":{"line":5,"column":2},"end":{"line":5,"column":null}},"4":{"start":{"line":6,"column":2},"end":{"line":6,"column":null}},"5":{"start":{"line":7,"column":2},"end":{"line":7,"column":null}},"6":{"start":{"line":10,"column":0},"end":{"line":10,"column":13}},"7":{"start":{"line":13,"column":2},"end":{"line":13,"column":null}},"8":{"start":{"line":17,"column":2},"end":{"line":17,"column":null}}},"fnMap":{"0":{"name":"(anonymous_2)","decl":{"start":{"line":4,"column":0},"end":{"line":4,"column":12}},"loc":{"start":{"line":4,"column":22},"end":{"line":8,"column":1}}}},"branchMap":{"0":{"loc":{"start":{"line":4,"column":12},"end":{"line":4,"column":null}},"type":"binary-expr","locations":[{"start":{"line":4,"column":12},"end":{"line":4,"column":22}},{"start":{"line":4,"column":22},"end":{"line":4,"column":null}}]}},"s":{"0":0,"1":0,"2":0,"3":0,"4":0,"5":0,"6":0,"7":0,"8":0},"f":{"0":0},"b":{"0":[0,0]}}
,"C:\\Users\\hamed mejri\\Downloads\\Esprit-PI-4Twin1-2026-ByteBattle-saladin\\Esprit-PI-4Twin1-2026-ByteBattle-saladin\\backend\\src\\api-keys\\api-keys.controller.ts": {"path":"C:\\Users\\hamed mejri\\Downloads\\Esprit-PI-4Twin1-2026-ByteBattle-saladin\\Esprit-PI-4Twin1-2026-ByteBattle-saladin\\backend\\src\\api-keys\\api-keys.controller.ts","statementMap":{"0":{"start":{"line":2,"column":0},"end":{"line":2,"column":92}},"1":{"start":{"line":3,"column":0},"end":{"line":3,"column":71}},"2":{"start":{"line":4,"column":0},"end":{"line":4,"column":61}},"3":{"start":{"line":5,"column":0},"end":{"line":5,"column":59}},"4":{"start":{"line":6,"column":0},"end":{"line":6,"column":52}},"5":{"start":{"line":12,"column":7},"end":{"line":34,"column":null}},"6":{"start":{"line":13,"column":31},"end":{"line":13,"column":47}},"7":{"start":{"line":18,"column":4},"end":{"line":18,"column":65}},"8":{"start":{"line":24,"column":17},"end":{"line":24,"column":64}},"9":{"start":{"line":25,"column":4},"end":{"line":25,"column":20}},"10":{"start":{"line":31,"column":4},"end":{"line":31,"column":58}},"11":{"start":{"line":32,"column":4},"end":{"line":32,"column":33}},"12":{"start":{"line":12,"column":13},"end":{"line":12,"column":30}},"13":{"start":{"line":17,"column":8},"end":{"line":19,"column":null}},"14":{"start":{"line":23,"column":8},"end":{"line":26,"column":null}},"15":{"start":{"line":30,"column":8},"end":{"line":33,"column":null}},"16":{"start":{"line":12,"column":13},"end":{"line":34,"column":null}}},"fnMap":{"0":{"name":"(anonymous_4)","decl":{"start":{"line":13,"column":2},"end":{"line":13,"column":31}},"loc":{"start":{"line":13,"column":61},"end":{"line":13,"column":65}}},"1":{"name":"(anonymous_5)","decl":{"start":{"line":17,"column":2},"end":{"line":17,"column":7}},"loc":{"start":{"line":17,"column":85},"end":{"line":19,"column":3}}},"2":{"name":"(anonymous_6)","decl":{"start":{"line":23,"column":2},"end":{"line":23,"column":7}},"loc":{"start":{"line":23,"column":53},"end":{"line":26,"column":3}}},"3":{"name":"(anonymous_7)","decl":{"start":{"line":30,"column":2},"end":{"line":30,"column":7}},"loc":{"start":{"line":30,"column":80},"end":{"line":33,"column":3}}}},"branchMap":{},"s":{"0":0,"1":0,"2":0,"3":0,"4":0,"5":0,"6":0,"7":0,"8":0,"9":0,"10":0,"11":0,"12":0,"13":0,"14":0,"15":0,"16":0},"f":{"0":0,"1":0,"2":0,"3":0},"b":{}}
,"C:\\Users\\hamed mejri\\Downloads\\Esprit-PI-4Twin1-2026-ByteBattle-saladin\\Esprit-PI-4Twin1-2026-ByteBattle-saladin\\backend\\src\\api-keys\\api-keys.module.ts": {"path":"C:\\Users\\hamed mejri\\Downloads\\Esprit-PI-4Twin1-2026-ByteBattle-saladin\\Esprit-PI-4Twin1-2026-ByteBattle-saladin\\backend\\src\\api-keys\\api-keys.module.ts","statementMap":{"0":{"start":{"line":1,"column":0},"end":{"line":1,"column":40}},"1":{"start":{"line":2,"column":0},"end":{"line":2,"column":50}},"2":{"start":{"line":3,"column":0},"end":{"line":3,"column":52}},"3":{"start":{"line":4,"column":0},"end":{"line":4,"column":58}},"4":{"start":{"line":5,"column":0},"end":{"line":5,"column":52}},"5":{"start":{"line":6,"column":0},"end":{"line":6,"column":64}},"6":{"start":{"line":17,"column":7},"end":{"line":17,"column":null}},"7":{"start":{"line":17,"column":13},"end":{"line":17,"column":26}},"8":{"start":{"line":17,"column":13},"end":{"line":17,"column":null}}},"fnMap":{},"branchMap":{},"s":{"0":0,"1":0,"2":0,"3":0,"4":0,"5":0,"6":0,"7":0,"8":0},"f":{},"b":{}}
,"C:\\Users\\hamed mejri\\Downloads\\Esprit-PI-4Twin1-2026-ByteBattle-saladin\\Esprit-PI-4Twin1-2026-ByteBattle-saladin\\backend\\src\\api-keys\\api-keys.service.ts": {"path":"C:\\Users\\hamed mejri\\Downloads\\Esprit-PI-4Twin1-2026-ByteBattle-saladin\\Esprit-PI-4Twin1-2026-ByteBattle-saladin\\backend\\src\\api-keys\\api-keys.service.ts","statementMap":{"0":{"start":{"line":2,"column":0},"end":{"line":2,"column":63}},"1":{"start":{"line":3,"column":0},"end":{"line":3,"column":47}},"2":{"start":{"line":4,"column":0},"end":{"line":4,"column":49}},"3":{"start":{"line":5,"column":0},"end":{"line":5,"column":40}},"4":{"start":{"line":7,"column":0},"end":{"line":7,"column":54}},"5":{"start":{"line":8,"column":0},"end":{"line":8,"column":66}},"6":{"start":{"line":19,"column":7},"end":{"line":91,"column":null}},"7":{"start":{"line":21,"column":47},"end":{"line":21,"column":54}},"8":{"start":{"line":22,"column":21},"end":{"line":22,"column":35}},"9":{"start":{"line":26,"column":4},"end":{"line":26,"column":69}},"10":{"start":{"line":31,"column":4},"end":{"line":31,"column":71}},"11":{"start":{"line":31,"column":59},"end":{"line":31,"column":71}},"12":{"start":{"line":32,"column":20},"end":{"line":32,"column":47}},"13":{"start":{"line":33,"column":16},"end":{"line":33,"column":60}},"14":{"start":{"line":34,"column":4},"end":{"line":34,"column":26}},"15":{"start":{"line":34,"column":14},"end":{"line":34,"column":26}},"16":{"start":{"line":35,"column":4},"end":{"line":35,"column":94}},"17":{"start":{"line":36,"column":17},"end":{"line":36,"column":68}},"18":{"start":{"line":37,"column":4},"end":{"line":37,"column":27}},"19":{"start":{"line":37,"column":15},"end":{"line":37,"column":27}},"20":{"start":{"line":38,"column":14},"end":{"line":38,"column":111}},"21":{"start":{"line":40,"column":6},"end":{"line":40,"column":96}},"22":{"start":{"line":41,"column":4},"end":{"line":47,"column":6}},"23":{"start":{"line":51,"column":19},"end":{"line":51,"column":50}},"24":{"start":{"line":52,"column":19},"end":{"line":52,"column":38}},"25":{"start":{"line":53,"column":20},"end":{"line":53,"column":43}},"26":{"start":{"line":54,"column":22},"end":{"line":54,"column":41}},"27":{"start":{"line":55,"column":16},"end":{"line":61,"column":6}},"28":{"start":{"line":62,"column":4},"end":{"line":68,"column":6}},"29":{"start":{"line":72,"column":17},"end":{"line":76,"column":13}},"30":{"start":{"line":77,"column":4},"end":{"line":83,"column":8}},"31":{"start":{"line":77,"column":28},"end":{"line":83,"column":6}},"32":{"start":{"line":87,"column":4},"end":{"line":87,"column":67}},"33":{"start":{"line":87,"column":37},"end":{"line":87,"column":67}},"34":{"start":{"line":88,"column":16},"end":{"line":88,"column":118}},"35":{"start":{"line":89,"column":4},"end":{"line":89,"column":62}},"36":{"start":{"line":89,"column":32},"end":{"line":89,"column":62}},"37":{"start":{"line":19,"column":13},"end":{"line":19,"column":27}},"38":{"start":{"line":19,"column":13},"end":{"line":91,"column":null}}},"fnMap":{"0":{"name":"(anonymous_4)","decl":{"start":{"line":20,"column":2},"end":{"line":20,"column":null}},"loc":{"start":{"line":22,"column":47},"end":{"line":23,"column":6}}},"1":{"name":"(anonymous_5)","decl":{"start":{"line":25,"column":10},"end":{"line":25,"column":20}},"loc":{"start":{"line":25,"column":35},"end":{"line":27,"column":3}}},"2":{"name":"(anonymous_6)","decl":{"start":{"line":30,"column":2},"end":{"line":30,"column":7}},"loc":{"start":{"line":30,"column":42},"end":{"line":48,"column":3}}},"3":{"name":"(anonymous_7)","decl":{"start":{"line":50,"column":2},"end":{"line":50,"column":7}},"loc":{"start":{"line":50,"column":43},"end":{"line":69,"column":3}}},"4":{"name":"(anonymous_8)","decl":{"start":{"line":71,"column":2},"end":{"line":71,"column":7}},"loc":{"start":{"line":71,"column":27},"end":{"line":84,"column":3}}},"5":{"name":"(anonymous_9)","decl":{"start":{"line":77,"column":20},"end":{"line":77,"column":21}},"loc":{"start":{"line":77,"column":28},"end":{"line":83,"column":6}}},"6":{"name":"(anonymous_10)","decl":{"start":{"line":86,"column":2},"end":{"line":86,"column":7}},"loc":{"start":{"line":86,"column":41},"end":{"line":90,"column":3}}}},"branchMap":{"0":{"loc":{"start":{"line":31,"column":4},"end":{"line":31,"column":71}},"type":"if","locations":[{"start":{"line":31,"column":4},"end":{"line":31,"column":71}}]},"1":{"loc":{"start":{"line":31,"column":8},"end":{"line":31,"column":57}},"type":"binary-expr","locations":[{"start":{"line":31,"column":8},"end":{"line":31,"column":19}},{"start":{"line":31,"column":23},"end":{"line":31,"column":57}}]},"2":{"loc":{"start":{"line":34,"column":4},"end":{"line":34,"column":26}},"type":"if","locations":[{"start":{"line":34,"column":4},"end":{"line":34,"column":26}}]},"3":{"loc":{"start":{"line":37,"column":4},"end":{"line":37,"column":27}},"type":"if","locations":[{"start":{"line":37,"column":4},"end":{"line":37,"column":27}}]},"4":{"loc":{"start":{"line":40,"column":6},"end":{"line":40,"column":96}},"type":"cond-expr","locations":[{"start":{"line":40,"column":49},"end":{"line":40,"column":61}},{"start":{"line":40,"column":64},"end":{"line":40,"column":96}}]},"5":{"loc":{"start":{"line":40,"column":6},"end":{"line":40,"column":46}},"type":"binary-expr","locations":[{"start":{"line":40,"column":6},"end":{"line":40,"column":28}},{"start":{"line":40,"column":32},"end":{"line":40,"column":46}}]},"6":{"loc":{"start":{"line":40,"column":64},"end":{"line":40,"column":96}},"type":"cond-expr","locations":[{"start":{"line":40,"column":76},"end":{"line":40,"column":85}},{"start":{"line":40,"column":88},"end":{"line":40,"column":96}}]},"7":{"loc":{"start":{"line":43,"column":13},"end":{"line":43,"column":26}},"type":"binary-expr","locations":[{"start":{"line":43,"column":13},"end":{"line":43,"column":20}},{"start":{"line":43,"column":24},"end":{"line":43,"column":26}}]},"8":{"loc":{"start":{"line":44,"column":16},"end":{"line":44,"column":32}},"type":"binary-expr","locations":[{"start":{"line":44,"column":16},"end":{"line":44,"column":26}},{"start":{"line":44,"column":30},"end":{"line":44,"column":32}}]},"9":{"loc":{"start":{"line":67,"column":17},"end":{"line":67,"column":97}},"type":"cond-expr","locations":[{"start":{"line":67,"column":33},"end":{"line":67,"column":70}},{"start":{"line":67,"column":73},"end":{"line":67,"column":97}}]},"10":{"loc":{"start":{"line":81,"column":18},"end":{"line":81,"column":76}},"type":"cond-expr","locations":[{"start":{"line":81,"column":33},"end":{"line":81,"column":69}},{"start":{"line":81,"column":72},"end":{"line":81,"column":76}}]},"11":{"loc":{"start":{"line":82,"column":17},"end":{"line":82,"column":71}},"type":"cond-expr","locations":[{"start":{"line":82,"column":31},"end":{"line":82,"column":66}},{"start":{"line":82,"column":69},"end":{"line":82,"column":71}}]},"12":{"loc":{"start":{"line":87,"column":4},"end":{"line":87,"column":67}},"type":"if","locations":[{"start":{"line":87,"column":4},"end":{"line":87,"column":67}}]},"13":{"loc":{"start":{"line":89,"column":4},"end":{"line":89,"column":62}},"type":"if","locations":[{"start":{"line":89,"column":4},"end":{"line":89,"column":62}}]}},"s":{"0":0,"1":0,"2":0,"3":0,"4":0,"5":0,"6":0,"7":0,"8":0,"9":0,"10":0,"11":0,"12":0,"13":0,"14":0,"15":0,"16":0,"17":0,"18":0,"19":0,"20":0,"21":0,"22":0,"23":0,"24":0,"25":0,"26":0,"27":0,"28":0,"29":0,"30":0,"31":0,"32":0,"33":0,"34":0,"35":0,"36":0,"37":0,"38":0},"f":{"0":0,"1":0,"2":0,"3":0,"4":0,"5":0,"6":0},"b":{"0":[0],"1":[0,0],"2":[0],"3":[0],"4":[0,0],"5":[0,0],"6":[0,0],"7":[0,0],"8":[0,0],"9":[0,0],"10":[0,0],"11":[0,0],"12":[0],"13":[0]}}
,"C:\\Users\\hamed mejri\\Downloads\\Esprit-PI-4Twin1-2026-ByteBattle-saladin\\Esprit-PI-4Twin1-2026-ByteBattle-saladin\\backend\\src\\api-keys\\dto\\create-api-key.dto.ts": {"path":"C:\\Users\\hamed mejri\\Downloads\\Esprit-PI-4Twin1-2026-ByteBattle-saladin\\Esprit-PI-4Twin1-2026-ByteBattle-saladin\\backend\\src\\api-keys\\dto\\create-api-key.dto.ts","statementMap":{"0":{"start":{"line":1,"column":0},"end":{"line":1,"column":46}},"1":{"start":{"line":2,"column":0},"end":{"line":2,"column":66}},"2":{"start":{"line":4,"column":0},"end":{"line":4,"column":13}},"3":{"start":{"line":9,"column":2},"end":{"line":9,"column":null}}},"fnMap":{},"branchMap":{},"s":{"0":0,"1":0,"2":0,"3":0},"f":{},"b":{}}
,"C:\\Users\\hamed mejri\\Downloads\\Esprit-PI-4Twin1-2026-ByteBattle-saladin\\Esprit-PI-4Twin1-2026-ByteBattle-saladin\\backend\\src\\api-keys\\schemas\\api-key.schema.ts": {"path":"C:\\Users\\hamed mejri\\Downloads\\Esprit-PI-4Twin1-2026-ByteBattle-saladin\\Esprit-PI-4Twin1-2026-ByteBattle-saladin\\backend\\src\\api-keys\\schemas\\api-key.schema.ts","statementMap":{"0":{"start":{"line":2,"column":0},"end":{"line":2,"column":63}},"1":{"start":{"line":3,"column":0},"end":{"line":3,"column":51}},"2":{"start":{"line":6,"column":7},"end":{"line":26,"column":null}},"3":{"start":{"line":6,"column":13},"end":{"line":6,"column":19}},"4":{"start":{"line":8,"column":2},"end":{"line":8,"column":null}},"5":{"start":{"line":11,"column":2},"end":{"line":11,"column":null}},"6":{"start":{"line":15,"column":2},"end":{"line":15,"column":null}},"7":{"start":{"line":19,"column":2},"end":{"line":19,"column":null}},"8":{"start":{"line":22,"column":2},"end":{"line":22,"column":null}},"9":{"start":{"line":6,"column":13},"end":{"line":26,"column":null}},"10":{"start":{"line":29,"column":13},"end":{"line":29,"column":65}}},"fnMap":{},"branchMap":{},"s":{"0":1,"1":1,"2":1,"3":1,"4":1,"5":1,"6":1,"7":1,"8":1,"9":1,"10":1},"f":{},"b":{}}
,"C:\\Users\\hamed mejri\\Downloads\\Esprit-PI-4Twin1-2026-ByteBattle-saladin\\Esprit-PI-4Twin1-2026-ByteBattle-saladin\\backend\\src\\app\\api\\register-face\\route.js": {"path":"C:\\Users\\hamed mejri\\Downloads\\Esprit-PI-4Twin1-2026-ByteBattle-saladin\\Esprit-PI-4Twin1-2026-ByteBattle-saladin\\backend\\src\\app\\api\\register-face\\route.js","statementMap":{"0":{"start":{"line":6,"column":32},"end":{"line":6,"column":48}},"1":{"start":{"line":8,"column":2},"end":{"line":11,"column":4}},"2":{"start":{"line":13,"column":2},"end":{"line":13,"column":46}}},"fnMap":{"0":{"name":"POST","decl":{"start":{"line":4,"column":22},"end":{"line":4,"column":26}},"loc":{"start":{"line":4,"column":31},"end":{"line":14,"column":1}},"line":4}},"branchMap":{},"s":{"0":0,"1":0,"2":0},"f":{"0":0},"b":{}}
,"C:\\Users\\hamed mejri\\Downloads\\Esprit-PI-4Twin1-2026-ByteBattle-saladin\\Esprit-PI-4Twin1-2026-ByteBattle-saladin\\backend\\src\\app\\api\\verify-face\\route.js": {"path":"C:\\Users\\hamed mejri\\Downloads\\Esprit-PI-4Twin1-2026-ByteBattle-saladin\\Esprit-PI-4Twin1-2026-ByteBattle-saladin\\backend\\src\\app\\api\\verify-face\\route.js","statementMap":{"0":{"start":{"line":5,"column":10},"end":{"line":5,"column":11}},"1":{"start":{"line":6,"column":2},"end":{"line":8,"column":3}},"2":{"start":{"line":6,"column":12},"end":{"line":6,"column":13}},"3":{"start":{"line":7,"column":4},"end":{"line":7,"column":24}},"4":{"start":{"line":9,"column":2},"end":{"line":9,"column":24}},"5":{"start":{"line":14,"column":32},"end":{"line":14,"column":48}},"6":{"start":{"line":16,"column":17},"end":{"line":19,"column":3}},"7":{"start":{"line":21,"column":16},"end":{"line":21,"column":50}},"8":{"start":{"line":23,"column":19},"end":{"line":23,"column":54}},"9":{"start":{"line":25,"column":2},"end":{"line":27,"column":5}}},"fnMap":{"0":{"name":"euclideanDistance","decl":{"start":{"line":4,"column":9},"end":{"line":4,"column":26}},"loc":{"start":{"line":4,"column":31},"end":{"line":10,"column":1}},"line":4},"1":{"name":"POST","decl":{"start":{"line":12,"column":22},"end":{"line":12,"column":26}},"loc":{"start":{"line":12,"column":31},"end":{"line":28,"column":1}},"line":12}},"branchMap":{},"s":{"0":0,"1":0,"2":0,"3":0,"4":0,"5":0,"6":0,"7":0,"8":0,"9":0},"f":{"0":0,"1":0},"b":{}}
,"C:\\Users\\hamed mejri\\Downloads\\Esprit-PI-4Twin1-2026-ByteBattle-saladin\\Esprit-PI-4Twin1-2026-ByteBattle-saladin\\backend\\src\\auth\\auth.controller.ts": {"path":"C:\\Users\\hamed mejri\\Downloads\\Esprit-PI-4Twin1-2026-ByteBattle-saladin\\Esprit-PI-4Twin1-2026-ByteBattle-saladin\\backend\\src\\auth\\auth.controller.ts","statementMap":{"0":{"start":{"line":4,"column":0},"end":{"line":4,"column":null}},"1":{"start":{"line":15,"column":0},"end":{"line":15,"column":45}},"2":{"start":{"line":16,"column":0},"end":{"line":16,"column":49}},"3":{"start":{"line":17,"column":0},"end":{"line":17,"column":43}},"4":{"start":{"line":18,"column":0},"end":{"line":18,"column":58}},"5":{"start":{"line":19,"column":0},"end":{"line":19,"column":62}},"6":{"start":{"line":20,"column":0},"end":{"line":20,"column":70}},"7":{"start":{"line":21,"column":0},"end":{"line":21,"column":56}},"8":{"start":{"line":22,"column":0},"end":{"line":22,"column":60}},"9":{"start":{"line":23,"column":0},"end":{"line":23,"column":52}},"10":{"start":{"line":24,"column":0},"end":{"line":24,"column":54}},"11":{"start":{"line":25,"column":0},"end":{"line":25,"column":63}},"12":{"start":{"line":26,"column":0},"end":{"line":26,"column":52}},"13":{"start":{"line":27,"column":0},"end":{"line":27,"column":55}},"14":{"start":{"line":29,"column":0},"end":{"line":29,"column":45}},"15":{"start":{"line":30,"column":0},"end":{"line":30,"column":47}},"16":{"start":{"line":33,"column":7},"end":{"line":237,"column":null}},"17":{"start":{"line":35,"column":12},"end":{"line":35,"column":25}},"18":{"start":{"line":36,"column":12},"end":{"line":36,"column":27}},"19":{"start":{"line":41,"column":17},"end":{"line":44,"column":6}},"20":{"start":{"line":45,"column":4},"end":{"line":45,"column":56}},"21":{"start":{"line":50,"column":17},"end":{"line":54,"column":6}},"22":{"start":{"line":55,"column":4},"end":{"line":55,"column":50}},"23":{"start":{"line":63,"column":17},"end":{"line":67,"column":6}},"24":{"start":{"line":68,"column":4},"end":{"line":68,"column":70}},"25":{"start":{"line":73,"column":4},"end":{"line":73,"column":72}},"26":{"start":{"line":78,"column":4},"end":{"line":78,"column":46}},"27":{"start":{"line":83,"column":4},"end":{"line":83,"column":52}},"28":{"start":{"line":88,"column":4},"end":{"line":88,"column":54}},"29":{"start":{"line":93,"column":4},"end":{"line":93,"column":51}},"30":{"start":{"line":98,"column":4},"end":{"line":98,"column":58}},"31":{"start":{"line":103,"column":4},"end":{"line":103,"column":70}},"32":{"start":{"line":115,"column":19},"end":{"line":116,"column":null}},"33":{"start":{"line":120,"column":6},"end":{"line":121,"column":29}},"34":{"start":{"line":123,"column":4},"end":{"line":131,"column":5}},"35":{"start":{"line":124,"column":21},"end":{"line":127,"column":8}},"36":{"start":{"line":128,"column":6},"end":{"line":130,"column":8}},"37":{"start":{"line":133,"column":19},"end":{"line":133,"column":40}},"38":{"start":{"line":134,"column":4},"end":{"line":136,"column":5}},"39":{"start":{"line":135,"column":6},"end":{"line":135,"column":71}},"40":{"start":{"line":137,"column":4},"end":{"line":139,"column":5}},"41":{"start":{"line":138,"column":6},"end":{"line":138,"column":73}},"42":{"start":{"line":141,"column":4},"end":{"line":143,"column":6}},"43":{"start":{"line":155,"column":19},"end":{"line":156,"column":null}},"44":{"start":{"line":160,"column":6},"end":{"line":161,"column":29}},"45":{"start":{"line":163,"column":4},"end":{"line":171,"column":5}},"46":{"start":{"line":164,"column":21},"end":{"line":167,"column":8}},"47":{"start":{"line":168,"column":6},"end":{"line":170,"column":8}},"48":{"start":{"line":173,"column":19},"end":{"line":173,"column":40}},"49":{"start":{"line":174,"column":4},"end":{"line":176,"column":5}},"50":{"start":{"line":175,"column":6},"end":{"line":175,"column":71}},"51":{"start":{"line":177,"column":4},"end":{"line":179,"column":5}},"52":{"start":{"line":178,"column":6},"end":{"line":178,"column":73}},"53":{"start":{"line":181,"column":4},"end":{"line":183,"column":6}},"54":{"start":{"line":189,"column":4},"end":{"line":189,"column":68}},"55":{"start":{"line":198,"column":4},"end":{"line":198,"column":70}},"56":{"start":{"line":199,"column":4},"end":{"line":205,"column":5}},"57":{"start":{"line":200,"column":19},"end":{"line":203,"column":8}},"58":{"start":{"line":204,"column":6},"end":{"line":204,"column":72}},"59":{"start":{"line":206,"column":4},"end":{"line":206,"column":29}},"60":{"start":{"line":212,"column":4},"end":{"line":212,"column":71}},"61":{"start":{"line":213,"column":4},"end":{"line":213,"column":29}},"62":{"start":{"line":221,"column":17},"end":{"line":225,"column":6}},"63":{"start":{"line":226,"column":4},"end":{"line":230,"column":6}},"64":{"start":{"line":235,"column":4},"end":{"line":235,"column":56}},"65":{"start":{"line":33,"column":13},"end":{"line":33,"column":27}},"66":{"start":{"line":40,"column":8},"end":{"line":46,"column":null}},"67":{"start":{"line":49,"column":8},"end":{"line":56,"column":null}},"68":{"start":{"line":59,"column":8},"end":{"line":69,"column":null}},"69":{"start":{"line":72,"column":8},"end":{"line":74,"column":null}},"70":{"start":{"line":77,"column":8},"end":{"line":79,"column":null}},"71":{"start":{"line":82,"column":8},"end":{"line":84,"column":null}},"72":{"start":{"line":87,"column":8},"end":{"line":89,"column":null}},"73":{"start":{"line":92,"column":8},"end":{"line":94,"column":null}},"74":{"start":{"line":97,"column":8},"end":{"line":99,"column":null}},"75":{"start":{"line":102,"column":8},"end":{"line":104,"column":null}},"76":{"start":{"line":108,"column":8},"end":{"line":110,"column":null}},"77":{"start":{"line":114,"column":8},"end":{"line":144,"column":null}},"78":{"start":{"line":148,"column":8},"end":{"line":150,"column":null}},"79":{"start":{"line":154,"column":8},"end":{"line":184,"column":null}},"80":{"start":{"line":188,"column":8},"end":{"line":190,"column":null}},"81":{"start":{"line":194,"column":8},"end":{"line":207,"column":null}},"82":{"start":{"line":211,"column":8},"end":{"line":214,"column":null}},"83":{"start":{"line":217,"column":8},"end":{"line":231,"column":null}},"84":{"start":{"line":234,"column":8},"end":{"line":236,"column":null}},"85":{"start":{"line":33,"column":13},"end":{"line":237,"column":null}}},"fnMap":{"0":{"name":"(anonymous_4)","decl":{"start":{"line":34,"column":2},"end":{"line":34,"column":null}},"loc":{"start":{"line":36,"column":40},"end":{"line":37,"column":6}}},"1":{"name":"(anonymous_5)","decl":{"start":{"line":40,"column":2},"end":{"line":40,"column":7}},"loc":{"start":{"line":40,"column":70},"end":{"line":46,"column":3}}},"2":{"name":"(anonymous_6)","decl":{"start":{"line":49,"column":2},"end":{"line":49,"column":7}},"loc":{"start":{"line":49,"column":61},"end":{"line":56,"column":3}}},"3":{"name":"(anonymous_7)","decl":{"start":{"line":59,"column":2},"end":{"line":59,"column":7}},"loc":{"start":{"line":61,"column":23},"end":{"line":69,"column":3}}},"4":{"name":"(anonymous_8)","decl":{"start":{"line":72,"column":2},"end":{"line":72,"column":7}},"loc":{"start":{"line":72,"column":61},"end":{"line":74,"column":3}}},"5":{"name":"(anonymous_9)","decl":{"start":{"line":77,"column":2},"end":{"line":77,"column":7}},"loc":{"start":{"line":77,"column":48},"end":{"line":79,"column":3}}},"6":{"name":"(anonymous_10)","decl":{"start":{"line":82,"column":2},"end":{"line":82,"column":7}},"loc":{"start":{"line":82,"column":57},"end":{"line":84,"column":3}}},"7":{"name":"(anonymous_11)","decl":{"start":{"line":87,"column":2},"end":{"line":87,"column":7}},"loc":{"start":{"line":87,"column":53},"end":{"line":89,"column":3}}},"8":{"name":"(anonymous_12)","decl":{"start":{"line":92,"column":2},"end":{"line":92,"column":7}},"loc":{"start":{"line":92,"column":47},"end":{"line":94,"column":3}}},"9":{"name":"(anonymous_13)","decl":{"start":{"line":97,"column":2},"end":{"line":97,"column":7}},"loc":{"start":{"line":97,"column":61},"end":{"line":99,"column":3}}},"10":{"name":"(anonymous_14)","decl":{"start":{"line":102,"column":2},"end":{"line":102,"column":7}},"loc":{"start":{"line":102,"column":51},"end":{"line":104,"column":3}}},"11":{"name":"(anonymous_15)","decl":{"start":{"line":108,"column":2},"end":{"line":108,"column":7}},"loc":{"start":{"line":108,"column":18},"end":{"line":110,"column":3}}},"12":{"name":"(anonymous_16)","decl":{"start":{"line":114,"column":2},"end":{"line":114,"column":7}},"loc":{"start":{"line":114,"column":59},"end":{"line":144,"column":3}}},"13":{"name":"(anonymous_17)","decl":{"start":{"line":148,"column":2},"end":{"line":148,"column":7}},"loc":{"start":{"line":148,"column":18},"end":{"line":150,"column":3}}},"14":{"name":"(anonymous_18)","decl":{"start":{"line":154,"column":2},"end":{"line":154,"column":7}},"loc":{"start":{"line":154,"column":59},"end":{"line":184,"column":3}}},"15":{"name":"(anonymous_19)","decl":{"start":{"line":188,"column":2},"end":{"line":188,"column":7}},"loc":{"start":{"line":188,"column":38},"end":{"line":190,"column":3}}},"16":{"name":"(anonymous_20)","decl":{"start":{"line":194,"column":2},"end":{"line":194,"column":7}},"loc":{"start":{"line":196,"column":29},"end":{"line":207,"column":3}}},"17":{"name":"(anonymous_21)","decl":{"start":{"line":211,"column":2},"end":{"line":211,"column":7}},"loc":{"start":{"line":211,"column":68},"end":{"line":214,"column":3}}},"18":{"name":"(anonymous_22)","decl":{"start":{"line":217,"column":2},"end":{"line":217,"column":7}},"loc":{"start":{"line":219,"column":23},"end":{"line":231,"column":3}}},"19":{"name":"(anonymous_23)","decl":{"start":{"line":234,"column":2},"end":{"line":234,"column":7}},"loc":{"start":{"line":234,"column":55},"end":{"line":236,"column":3}}}},"branchMap":{"0":{"loc":{"start":{"line":42,"column":11},"end":{"line":42,"column":67}},"type":"binary-expr","locations":[{"start":{"line":42,"column":11},"end":{"line":42,"column":25}},{"start":{"line":42,"column":30},"end":{"line":42,"column":67}}]},"1":{"loc":{"start":{"line":51,"column":11},"end":{"line":51,"column":67}},"type":"binary-expr","locations":[{"start":{"line":51,"column":11},"end":{"line":51,"column":25}},{"start":{"line":51,"column":30},"end":{"line":51,"column":67}}]},"2":{"loc":{"start":{"line":64,"column":11},"end":{"line":64,"column":67}},"type":"binary-expr","locations":[{"start":{"line":64,"column":11},"end":{"line":64,"column":25}},{"start":{"line":64,"column":30},"end":{"line":64,"column":67}}]},"3":{"loc":{"start":{"line":120,"column":6},"end":{"line":121,"column":29}},"type":"binary-expr","locations":[{"start":{"line":120,"column":6},"end":{"line":120,"column":52}},{"start":{"line":121,"column":6},"end":{"line":121,"column":29}}]},"4":{"loc":{"start":{"line":123,"column":4},"end":{"line":131,"column":5}},"type":"if","locations":[{"start":{"line":123,"column":4},"end":{"line":131,"column":5}}]},"5":{"loc":{"start":{"line":123,"column":9},"end":{"line":123,"column":77}},"type":"binary-expr","locations":[{"start":{"line":123,"column":9},"end":{"line":123,"column":42}},{"start":{"line":123,"column":47},"end":{"line":123,"column":77}}]},"6":{"loc":{"start":{"line":134,"column":4},"end":{"line":136,"column":5}},"type":"if","locations":[{"start":{"line":134,"column":4},"end":{"line":136,"column":5}}]},"7":{"loc":{"start":{"line":137,"column":4},"end":{"line":139,"column":5}},"type":"if","locations":[{"start":{"line":137,"column":4},"end":{"line":139,"column":5}}]},"8":{"loc":{"start":{"line":160,"column":6},"end":{"line":161,"column":29}},"type":"binary-expr","locations":[{"start":{"line":160,"column":6},"end":{"line":160,"column":52}},{"start":{"line":161,"column":6},"end":{"line":161,"column":29}}]},"9":{"loc":{"start":{"line":163,"column":4},"end":{"line":171,"column":5}},"type":"if","locations":[{"start":{"line":163,"column":4},"end":{"line":171,"column":5}}]},"10":{"loc":{"start":{"line":163,"column":9},"end":{"line":163,"column":77}},"type":"binary-expr","locations":[{"start":{"line":163,"column":9},"end":{"line":163,"column":42}},{"start":{"line":163,"column":47},"end":{"line":163,"column":77}}]},"11":{"loc":{"start":{"line":174,"column":4},"end":{"line":176,"column":5}},"type":"if","locations":[{"start":{"line":174,"column":4},"end":{"line":176,"column":5}}]},"12":{"loc":{"start":{"line":177,"column":4},"end":{"line":179,"column":5}},"type":"if","locations":[{"start":{"line":177,"column":4},"end":{"line":179,"column":5}}]},"13":{"loc":{"start":{"line":199,"column":4},"end":{"line":205,"column":5}},"type":"if","locations":[{"start":{"line":199,"column":4},"end":{"line":205,"column":5}}]},"14":{"loc":{"start":{"line":201,"column":13},"end":{"line":201,"column":69}},"type":"binary-expr","locations":[{"start":{"line":201,"column":13},"end":{"line":201,"column":27}},{"start":{"line":201,"column":32},"end":{"line":201,"column":69}}]},"15":{"loc":{"start":{"line":222,"column":11},"end":{"line":222,"column":67}},"type":"binary-expr","locations":[{"start":{"line":222,"column":11},"end":{"line":222,"column":25}},{"start":{"line":222,"column":30},"end":{"line":222,"column":67}}]}},"s":{"0":0,"1":0,"2":0,"3":0,"4":0,"5":0,"6":0,"7":0,"8":0,"9":0,"10":0,"11":0,"12":0,"13":0,"14":0,"15":0,"16":0,"17":0,"18":0,"19":0,"20":0,"21":0,"22":0,"23":0,"24":0,"25":0,"26":0,"27":0,"28":0,"29":0,"30":0,"31":0,"32":0,"33":0,"34":0,"35":0,"36":0,"37":0,"38":0,"39":0,"40":0,"41":0,"42":0,"43":0,"44":0,"45":0,"46":0,"47":0,"48":0,"49":0,"50":0,"51":0,"52":0,"53":0,"54":0,"55":0,"56":0,"57":0,"58":0,"59":0,"60":0,"61":0,"62":0,"63":0,"64":0,"65":0,"66":0,"67":0,"68":0,"69":0,"70":0,"71":0,"72":0,"73":0,"74":0,"75":0,"76":0,"77":0,"78":0,"79":0,"80":0,"81":0,"82":0,"83":0,"84":0,"85":0},"f":{"0":0,"1":0,"2":0,"3":0,"4":0,"5":0,"6":0,"7":0,"8":0,"9":0,"10":0,"11":0,"12":0,"13":0,"14":0,"15":0,"16":0,"17":0,"18":0,"19":0},"b":{"0":[0,0],"1":[0,0],"2":[0,0],"3":[0,0],"4":[0],"5":[0,0],"6":[0],"7":[0],"8":[0,0],"9":[0],"10":[0,0],"11":[0],"12":[0],"13":[0],"14":[0,0],"15":[0,0]}}
,"C:\\Users\\hamed mejri\\Downloads\\Esprit-PI-4Twin1-2026-ByteBattle-saladin\\Esprit-PI-4Twin1-2026-ByteBattle-saladin\\backend\\src\\auth\\auth.module.ts": {"path":"C:\\Users\\hamed mejri\\Downloads\\Esprit-PI-4Twin1-2026-ByteBattle-saladin\\Esprit-PI-4Twin1-2026-ByteBattle-saladin\\backend\\src\\auth\\auth.module.ts","statementMap":{"0":{"start":{"line":2,"column":0},"end":{"line":2,"column":52}},"1":{"start":{"line":3,"column":0},"end":{"line":3,"column":40}},"2":{"start":{"line":4,"column":0},"end":{"line":4,"column":50}},"3":{"start":{"line":5,"column":0},"end":{"line":5,"column":61}},"4":{"start":{"line":6,"column":0},"end":{"line":6,"column":51}},"5":{"start":{"line":7,"column":0},"end":{"line":7,"column":45}},"6":{"start":{"line":8,"column":0},"end":{"line":8,"column":56}},"7":{"start":{"line":9,"column":0},"end":{"line":9,"column":60}},"8":{"start":{"line":10,"column":0},"end":{"line":10,"column":62}},"9":{"start":{"line":11,"column":0},"end":{"line":11,"column":62}},"10":{"start":{"line":12,"column":0},"end":{"line":12,"column":52}},"11":{"start":{"line":13,"column":0},"end":{"line":13,"column":73}},"12":{"start":{"line":14,"column":0},"end":{"line":14,"column":45}},"13":{"start":{"line":15,"column":0},"end":{"line":15,"column":81}},"14":{"start":{"line":16,"column":0},"end":{"line":16,"column":60}},"15":{"start":{"line":17,"column":0},"end":{"line":17,"column":69}},"16":{"start":{"line":53,"column":7},"end":{"line":53,"column":null}},"17":{"start":{"line":53,"column":13},"end":{"line":53,"column":23}},"18":{"start":{"line":53,"column":13},"end":{"line":53,"column":null}},"19":{"start":{"line":24,"column":21},"end":{"line":24,"column":34}},"20":{"start":{"line":28,"column":59},"end":{"line":36,"column":8}},"21":{"start":{"line":51,"column":88},"end":{"line":51,"column":101}}},"fnMap":{"0":{"name":"(anonymous_1)","decl":{"start":{"line":24,"column":15},"end":{"line":24,"column":18}},"loc":{"start":{"line":24,"column":21},"end":{"line":24,"column":34}}},"1":{"name":"(anonymous_2)","decl":{"start":{"line":28,"column":18},"end":{"line":28,"column":23}},"loc":{"start":{"line":28,"column":59},"end":{"line":36,"column":8}}},"2":{"name":"(anonymous_3)","decl":{"start":{"line":51,"column":82},"end":{"line":51,"column":85}},"loc":{"start":{"line":51,"column":88},"end":{"line":51,"column":101}}}},"branchMap":{"0":{"loc":{"start":{"line":32,"column":12},"end":{"line":34,"column":16}},"type":"binary-expr","locations":[{"start":{"line":32,"column":12},"end":{"line":32,"column":55}},{"start":{"line":33,"column":12},"end":{"line":33,"column":55}},{"start":{"line":34,"column":12},"end":{"line":34,"column":16}}]}},"s":{"0":0,"1":0,"2":0,"3":0,"4":0,"5":0,"6":0,"7":0,"8":0,"9":0,"10":0,"11":0,"12":0,"13":0,"14":0,"15":0,"16":0,"17":0,"18":0,"19":0,"20":0,"21":0},"f":{"0":0,"1":0,"2":0},"b":{"0":[0,0,0]}}
[...]
,"column":118}},{"start":{"line":276,"column":122},"end":{"line":276,"column":124}}]},"69":{"loc":{"start":{"line":281,"column":4},"end":{"line":281,"column":27}},"type":"if","locations":[{"start":{"line":281,"column":4},"end":{"line":281,"column":27}}]},"70":{"loc":{"start":{"line":282,"column":15},"end":{"line":282,"column":51}},"type":"binary-expr","locations":[{"start":{"line":282,"column":15},"end":{"line":282,"column":45}},{"start":{"line":282,"column":49},"end":{"line":282,"column":51}}]},"71":{"loc":{"start":{"line":283,"column":110},"end":{"line":283,"column":256}},"type":"cond-expr","locations":[{"start":{"line":283,"column":133},"end":{"line":283,"column":145}},{"start":{"line":283,"column":148},"end":{"line":283,"column":256}}]},"72":{"loc":{"start":{"line":283,"column":148},"end":{"line":283,"column":256}},"type":"cond-expr","locations":[{"start":{"line":283,"column":175},"end":{"line":283,"column":192}},{"start":{"line":283,"column":195},"end":{"line":283,"column":256}}]},"73":{"loc":{"start":{"line":283,"column":195},"end":{"line":283,"column":256}},"type":"cond-expr","locations":[{"start":{"line":283,"column":220},"end":{"line":283,"column":235}},{"start":{"line":283,"column":238},"end":{"line":283,"column":256}}]},"74":{"loc":{"start":{"line":283,"column":282},"end":{"line":283,"column":293}},"type":"binary-expr","locations":[{"start":{"line":283,"column":282},"end":{"line":283,"column":288}},{"start":{"line":283,"column":292},"end":{"line":283,"column":293}}]},"75":{"loc":{"start":{"line":287,"column":65},"end":{"line":287,"column":79}},"type":"binary-expr","locations":[{"start":{"line":287,"column":65},"end":{"line":287,"column":73}},{"start":{"line":287,"column":77},"end":{"line":287,"column":79}}]},"76":{"loc":{"start":{"line":288,"column":4},"end":{"line":288,"column":27}},"type":"if","locations":[{"start":{"line":288,"column":4},"end":{"line":288,"column":27}}]},"77":{"loc":{"start":{"line":289,"column":15},"end":{"line":289,"column":51}},"type":"binary-expr","locations":[{"start":{"line":289,"column":15},"end":{"line":289,"column":45}},{"start":{"line":289,"column":49},"end":{"line":289,"column":51}}]},"78":{"loc":{"start":{"line":290,"column":110},"end":{"line":290,"column":256}},"type":"cond-expr","locations":[{"start":{"line":290,"column":133},"end":{"line":290,"column":145}},{"start":{"line":290,"column":148},"end":{"line":290,"column":256}}]},"79":{"loc":{"start":{"line":290,"column":148},"end":{"line":290,"column":256}},"type":"cond-expr","locations":[{"start":{"line":290,"column":175},"end":{"line":290,"column":192}},{"start":{"line":290,"column":195},"end":{"line":290,"column":256}}]},"80":{"loc":{"start":{"line":290,"column":195},"end":{"line":290,"column":256}},"type":"cond-expr","locations":[{"start":{"line":290,"column":220},"end":{"line":290,"column":235}},{"start":{"line":290,"column":238},"end":{"line":290,"column":256}}]},"81":{"loc":{"start":{"line":290,"column":282},"end":{"line":290,"column":293}},"type":"binary-expr","locations":[{"start":{"line":290,"column":282},"end":{"line":290,"column":288}},{"start":{"line":290,"column":292},"end":{"line":290,"column":293}}]},"82":{"loc":{"start":{"line":295,"column":4},"end":{"line":295,"column":63}},"type":"if","locations":[{"start":{"line":295,"column":4},"end":{"line":295,"column":63}}]},"83":{"loc":{"start":{"line":295,"column":8},"end":{"line":295,"column":49}},"type":"binary-expr","locations":[{"start":{"line":295,"column":8},"end":{"line":295,"column":13}},{"start":{"line":295,"column":17},"end":{"line":295,"column":49}}]},"84":{"loc":{"start":{"line":312,"column":4},"end":{"line":312,"column":61}},"type":"if","locations":[{"start":{"line":312,"column":4},"end":{"line":312,"column":61}}]},"85":{"loc":{"start":{"line":348,"column":18},"end":{"line":348,"column":36}},"type":"binary-expr","locations":[{"start":{"line":348,"column":18},"end":{"line":348,"column":28}},{"start":{"line":348,"column":32},"end":{"line":348,"column":36}}]},"86":{"loc":{"start":{"line":375,"column":4},"end":{"line":375,"column":68}},"type":"if","locations":[{"start":{"line":375,"column":4},"end":{"line":375,"column":68}}]},"87":{"loc":{"start":{"line":375,"column":8},"end":{"line":375,"column":53}},"type":"binary-expr","locations":[{"start":{"line":375,"column":8},"end":{"line":375,"column":13}},{"start":{"line":375,"column":17},"end":{"line":375,"column":53}}]},"88":{"loc":{"start":{"line":382,"column":31},"end":{"line":382,"column":42}},"type":"binary-expr","locations":[{"start":{"line":382,"column":31},"end":{"line":382,"column":36}},{"start":{"line":382,"column":40},"end":{"line":382,"column":42}}]},"89":{"loc":{"start":{"line":386,"column":4},"end":{"line":386,"column":65}},"type":"if","locations":[{"start":{"line":386,"column":4},"end":{"line":386,"column":65}}]},"90":{"loc":{"start":{"line":387,"column":4},"end":{"line":389,"column":5}},"type":"if","locations":[{"start":{"line":387,"column":4},"end":{"line":389,"column":5}}]},"91":{"loc":{"start":{"line":397,"column":31},"end":{"line":397,"column":42}},"type":"binary-expr","locations":[{"start":{"line":397,"column":31},"end":{"line":397,"column":36}},{"start":{"line":397,"column":40},"end":{"line":397,"column":42}}]},"92":{"loc":{"start":{"line":401,"column":4},"end":{"line":401,"column":65}},"type":"if","locations":[{"start":{"line":401,"column":4},"end":{"line":401,"column":65}}]},"93":{"loc":{"start":{"line":402,"column":4},"end":{"line":404,"column":5}},"type":"if","locations":[{"start":{"line":402,"column":4},"end":{"line":404,"column":5}}]},"94":{"loc":{"start":{"line":407,"column":11},"end":{"line":407,"column":30}},"type":"cond-expr","locations":[{"start":{"line":407,"column":19},"end":{"line":407,"column":23}},{"start":{"line":407,"column":26},"end":{"line":407,"column":30}}]}},"s":{"0":1,"1":1,"2":1,"3":1,"4":1,"5":1,"6":1,"7":1,"8":1,"9":1,"10":1,"11":1,"12":1,"13":1,"14":0,"15":0,"16":0,"17":0,"18":0,"19":0,"20":0,"21":0,"22":0,"23":0,"24":0,"25":0,"26":0,"27":0,"28":0,"29":0,"30":0,"31":0,"32":0,"33":0,"34":0,"35":0,"36":0,"37":0,"38":0,"39":0,"40":0,"41":0,"42":0,"43":0,"44":0,"45":0,"46":0,"47":0,"48":0,"49":0,"50":0,"51":0,"52":0,"53":0,"54":0,"55":0,"56":0,"57":0,"58":0,"59":0,"60":0,"61":0,"62":0,"63":0,"64":0,"65":0,"66":0,"67":0,"68":0,"69":0,"70":0,"71":0,"72":0,"73":0,"74":0,"75":0,"76":0,"77":0,"78":0,"79":0,"80":0,"81":0,"82":0,"83":0,"84":0,"85":0,"86":0,"87":0,"88":0,"89":0,"90":0,"91":0,"92":0,"93":0,"94":0,"95":0,"96":0,"97":0,"98":0,"99":0,"100":0,"101":0,"102":0,"103":0,"104":0,"105":0,"106":0,"107":0,"108":0,"109":0,"110":0,"111":0,"112":0,"113":0,"114":0,"115":0,"116":0,"117":0,"118":0,"119":0,"120":0,"121":0,"122":0,"123":0,"124":0,"125":0,"126":0,"127":0,"128":0,"129":0,"130":0,"131":0,"132":0,"133":0,"134":0,"135":0,"136":0,"137":0,"138":0,"139":0,"140":0,"141":0,"142":0,"143":0,"144":0,"145":0,"146":0,"147":0,"148":0,"149":0,"150":0,"151":0,"152":0,"153":0,"154":0,"155":0,"156":0,"157":0,"158":0,"159":0,"160":0,"161":0,"162":0,"163":0,"164":0,"165":0,"166":0,"167":0,"168":0,"169":0,"170":0,"171":0,"172":0,"173":0,"174":0,"175":0,"176":0,"177":0,"178":0,"179":0,"180":0,"181":0,"182":0,"183":0,"184":0,"185":0,"186":0,"187":0,"188":0,"189":0,"190":0,"191":0,"192":0,"193":0,"194":0,"195":0,"196":0,"197":0,"198":0,"199":0,"200":0,"201":0,"202":0,"203":0,"204":0,"205":0,"206":0,"207":0,"208":0,"209":0,"210":0,"211":0,"212":0,"213":0,"214":0,"215":0,"216":0,"217":0,"218":0,"219":0,"220":0,"221":0,"222":0,"223":0,"224":0,"225":0,"226":0,"227":0,"228":0,"229":0,"230":0,"231":0,"232":0,"233":0,"234":0,"235":0,"236":0,"237":0,"238":0,"239":0,"240":1,"241":1,"242":1,"243":1},"f":{"0":0,"1":0,"2":0,"3":0,"4":0,"5":0,"6":0,"7":0,"8":0,"9":0,"10":0,"11":0,"12":0,"13":0,"14":0,"15":0,"16":0,"17":0,"18":0,"19":0,"20":0,"21":0,"22":0,"23":0,"24":0,"25":0,"26":0,"27":0,"28":0,"29":0,"30":0,"31":0,"32":0,"33":0,"34":0,"35":0,"36":0,"37":0,"38":0,"39":0,"40":0,"41":0},"b":{"0":[0,0],"1":[0,0],"2":[0,0],"3":[0,0],"4":[0,0],"5":[0,0],"6":[0,0],"7":[0],"8":[0],"9":[0,0],"10":[0],"11":[0,0],"12":[0],"13":[0,0],"14":[0,0],"15":[0,0],"16":[0,0],"17":[0,0],"18":[0],"19":[0,0],"20":[0],"21":[0,0],"22":[0],"23":[0],"24":[0],"25":[0],"26":[0,0],"27":[0],"28":[0],"29":[0],"30":[0],"31":[0],"32":[0,0],"33":[0,0],"34":[0],"35":[0],"36":[0,0],"37":[0],"38":[0,0],"39":[0],"40":[0,0],"41":[0],"42":[0,0],"43":[0,0],"44":[0],"45":[0,0],"46":[0,0],"47":[0],"48":[0,0],"49":[0],"50":[0,0],"51":[0,0],"52":[0],"53":[0,0],"54":[0,0],"55":[0,0],"56":[0],"57":[0,0],"58":[0,0],"59":[0,0],"60":[0,0],"61":[0,0],"62":[0],"63":[0,0],"64":[0,0],"65":[0,0],"66":[0],"67":[0,0],"68":[0,0],"69":[0],"70":[0,0],"71":[0,0],"72":[0,0],"73":[0,0],"74":[0,0],"75":[0,0],"76":[0],"77":[0,0],"78":[0,0],"79":[0,0],"80":[0,0],"81":[0,0],"82":[0],"83":[0,0],"84":[0],"85":[0,0],"86":[0],"87":[0,0],"88":[0,0],"89":[0],"90":[0],"91":[0,0],"92":[0],"93":[0],"94":[0,0]}}
,"C:\\Users\\hamed mejri\\Downloads\\Esprit-PI-4Twin1-2026-ByteBattle-saladin\\Esprit-PI-4Twin1-2026-ByteBattle-saladin\\backend\\src\\users\\dto\\change-password.dto.ts": {"path":"C:\\Users\\hamed mejri\\Downloads\\Esprit-PI-4Twin1-2026-ByteBattle-saladin\\Esprit-PI-4Twin1-2026-ByteBattle-saladin\\backend\\src\\users\\dto\\change-password.dto.ts","statementMap":{"0":{"start":{"line":1,"column":0},"end":{"line":1,"column":46}},"1":{"start":{"line":2,"column":0},"end":{"line":2,"column":54}},"2":{"start":{"line":4,"column":0},"end":{"line":4,"column":13}},"3":{"start":{"line":7,"column":2},"end":{"line":7,"column":null}},"4":{"start":{"line":12,"column":2},"end":{"line":12,"column":null}}},"fnMap":{},"branchMap":{},"s":{"0":0,"1":0,"2":0,"3":0,"4":0},"f":{},"b":{}}
,"C:\\Users\\hamed mejri\\Downloads\\Esprit-PI-4Twin1-2026-ByteBattle-saladin\\Esprit-PI-4Twin1-2026-ByteBattle-saladin\\backend\\src\\users\\dto\\update-me.dto.ts": {"path":"C:\\Users\\hamed mejri\\Downloads\\Esprit-PI-4Twin1-2026-ByteBattle-saladin\\Esprit-PI-4Twin1-2026-ByteBattle-saladin\\backend\\src\\users\\dto\\update-me.dto.ts","statementMap":{"0":{"start":{"line":2,"column":0},"end":{"line":2,"column":54}},"1":{"start":{"line":3,"column":0},"end":{"line":3,"column":133}},"2":{"start":{"line":4,"column":0},"end":{"line":4,"column":41}},"3":{"start":{"line":6,"column":0},"end":{"line":6,"column":13}},"4":{"start":{"line":12,"column":2},"end":{"line":12,"column":null}},"5":{"start":{"line":19,"column":2},"end":{"line":19,"column":null}},"6":{"start":{"line":26,"column":2},"end":{"line":26,"column":null}},"7":{"start":{"line":33,"column":2},"end":{"line":33,"column":null}},"8":{"start":{"line":36,"column":0},"end":{"line":36,"column":13}},"9":{"start":{"line":41,"column":2},"end":{"line":41,"column":null}},"10":{"start":{"line":47,"column":2},"end":{"line":47,"column":null}},"11":{"start":{"line":53,"column":2},"end":{"line":53,"column":null}},"12":{"start":{"line":59,"column":2},"end":{"line":59,"column":null}},"13":{"start":{"line":64,"column":2},"end":{"line":64,"column":null}},"14":{"start":{"line":70,"column":2},"end":{"line":70,"column":null}},"15":{"start":{"line":76,"column":2},"end":{"line":76,"column":null}},"16":{"start":{"line":82,"column":2},"end":{"line":82,"column":null}},"17":{"start":{"line":88,"column":2},"end":{"line":88,"column":null}},"18":{"start":{"line":94,"column":2},"end":{"line":94,"column":null}},"19":{"start":{"line":101,"column":2},"end":{"line":101,"column":null}},"20":{"start":{"line":100,"column":14},"end":{"line":100,"column":28}},"21":{"start":{"line":106,"column":2},"end":{"line":106,"column":null}},"22":{"start":{"line":110,"column":2},"end":{"line":110,"column":null}}},"fnMap":{"0":{"name":"(anonymous_2)","decl":{"start":{"line":100,"column":8},"end":{"line":100,"column":11}},"loc":{"start":{"line":100,"column":14},"end":{"line":100,"column":28}}}},"branchMap":{},"s":{"0":0,"1":0,"2":0,"3":0,"4":0,"5":0,"6":0,"7":0,"8":0,"9":0,"10":0,"11":0,"12":0,"13":0,"14":0,"15":0,"16":0,"17":0,"18":0,"19":0,"20":0,"21":0,"22":0},"f":{"0":0},"b":{}}
,"C:\\Users\\hamed mejri\\Downloads\\Esprit-PI-4Twin1-2026-ByteBattle-saladin\\Esprit-PI-4Twin1-2026-ByteBattle-saladin\\backend\\src\\users\\dto\\upload-avatar.dto.ts": {"path":"C:\\Users\\hamed mejri\\Downloads\\Esprit-PI-4Twin1-2026-ByteBattle-saladin\\Esprit-PI-4Twin1-2026-ByteBattle-saladin\\backend\\src\\users\\dto\\upload-avatar.dto.ts","statementMap":{"0":{"start":{"line":2,"column":0},"end":{"line":2,"column":46}},"1":{"start":{"line":4,"column":0},"end":{"line":4,"column":13}},"2":{"start":{"line":6,"column":2},"end":{"line":6,"column":null}}},"fnMap":{},"branchMap":{},"s":{"0":0,"1":0,"2":0},"f":{},"b":{}}
,"C:\\Users\\hamed mejri\\Downloads\\Esprit-PI-4Twin1-2026-ByteBattle-saladin\\Esprit-PI-4Twin1-2026-ByteBattle-saladin\\backend\\src\\users\\schemas\\user.schema.ts": {"path":"C:\\Users\\hamed mejri\\Downloads\\Esprit-PI-4Twin1-2026-ByteBattle-saladin\\Esprit-PI-4Twin1-2026-ByteBattle-saladin\\backend\\src\\users\\schemas\\user.schema.ts","statementMap":{"0":{"start":{"line":2,"column":0},"end":{"line":2,"column":63}},"1":{"start":{"line":10,"column":7},"end":{"line":145,"column":null}},"2":{"start":{"line":10,"column":13},"end":{"line":10,"column":17}},"3":{"start":{"line":12,"column":2},"end":{"line":12,"column":null}},"4":{"start":{"line":15,"column":2},"end":{"line":15,"column":null}},"5":{"start":{"line":18,"column":2},"end":{"line":18,"column":null}},"6":{"start":{"line":21,"column":2},"end":{"line":21,"column":null}},"7":{"start":{"line":24,"column":2},"end":{"line":24,"column":null}},"8":{"start":{"line":27,"column":2},"end":{"line":27,"column":null}},"9":{"start":{"line":30,"column":2},"end":{"line":30,"column":null}},"10":{"start":{"line":33,"column":2},"end":{"line":33,"column":null}},"11":{"start":{"line":36,"column":2},"end":{"line":36,"column":null}},"12":{"start":{"line":39,"column":2},"end":{"line":39,"column":null}},"13":{"start":{"line":42,"column":2},"end":{"line":42,"column":null}},"14":{"start":{"line":45,"column":2},"end":{"line":45,"column":null}},"15":{"start":{"line":48,"column":2},"end":{"line":48,"column":null}},"16":{"start":{"line":51,"column":2},"end":{"line":51,"column":null}},"17":{"start":{"line":50,"column":106},"end":{"line":50,"column":108}},"18":{"start":{"line":55,"column":2},"end":{"line":55,"column":null}},"19":{"start":{"line":58,"column":2},"end":{"line":58,"column":null}},"20":{"start":{"line":61,"column":2},"end":{"line":61,"column":null}},"21":{"start":{"line":63,"column":24},"end":{"line":63,"column":null}},"22":{"start":{"line":64,"column":24},"end":{"line":64,"column":null}},"23":{"start":{"line":65,"column":24},"end":{"line":65,"column":null}},"24":{"start":{"line":66,"column":24},"end":{"line":66,"column":null}},"25":{"start":{"line":67,"column":27},"end":{"line":67,"column":null}},"26":{"start":{"line":69,"column":27},"end":{"line":69,"column":null}},"27":{"start":{"line":71,"column":27},"end":{"line":71,"column":null}},"28":{"start":{"line":73,"column":28},"end":{"line":73,"column":null}},"29":{"start":{"line":76,"column":2},"end":{"line":76,"column":null}},"30":{"start":{"line":78,"column":24},"end":{"line":78,"column":null}},"31":{"start":{"line":79,"column":24},"end":{"line":79,"column":null}},"32":{"start":{"line":82,"column":2},"end":{"line":82,"column":null}},"33":{"start":{"line":81,"column":96},"end":{"line":81,"column":138}},"34":{"start":{"line":84,"column":24},"end":{"line":84,"column":null}},"35":{"start":{"line":85,"column":47},"end":{"line":85,"column":null}},"36":{"start":{"line":85,"column":40},"end":{"line":85,"column":42}},"37":{"start":{"line":86,"column":24},"end":{"line":86,"column":null}},"38":{"start":{"line":87,"column":24},"end":{"line":87,"column":null}},"39":{"start":{"line":88,"column":24},"end":{"line":88,"column":null}},"40":{"start":{"line":89,"column":27},"end":{"line":89,"column":null}},"41":{"start":{"line":90,"column":27},"end":{"line":90,"column":null}},"42":{"start":{"line":91,"column":24},"end":{"line":91,"column":null}},"43":{"start":{"line":94,"column":2},"end":{"line":94,"column":null}},"44":{"start":{"line":97,"column":2},"end":{"line":97,"column":null}},"45":{"start":{"line":100,"column":2},"end":{"line":100,"column":null}},"46":{"start":{"line":99,"column":40},"end":{"line":99,"column":42}},"47":{"start":{"line":103,"column":2},"end":{"line":103,"column":null}},"48":{"start":{"line":106,"column":2},"end":{"line":106,"column":null}},"49":{"start":{"line":109,"column":2},"end":{"line":109,"column":null}},"50":{"start":{"line":111,"column":24},"end":{"line":111,"column":null}},"51":{"start":{"line":112,"column":24},"end":{"line":112,"column":null}},"52":{"start":{"line":113,"column":24},"end":{"line":113,"column":null}},"53":{"start":{"line":114,"column":24},"end":{"line":114,"column":null}},"54":{"start":{"line":115,"column":41},"end":{"line":115,"column":null}},"55":{"start":{"line":116,"column":27},"end":{"line":116,"column":null}},"56":{"start":{"line":117,"column":28},"end":{"line":117,"column":null}},"57":{"start":{"line":119,"column":54},"end":{"line":119,"column":null}},"58":{"start":{"line":120,"column":54},"end":{"line":120,"column":null}},"59":{"start":{"line":121,"column":27},"end":{"line":121,"column":null}},"60":{"start":{"line":122,"column":27},"end":{"line":122,"column":null}},"61":{"start":{"line":123,"column":42},"end":{"line":123,"column":null}},"62":{"start":{"line":124,"column":42},"end":{"line":124,"column":null}},"63":{"start":{"line":125,"column":27},"end":{"line":125,"column":null}},"64":{"start":{"line":129,"column":2},"end":{"line":129,"column":null}},"65":{"start":{"line":135,"column":2},"end":{"line":135,"column":null}},"66":{"start":{"line":137,"column":28},"end":{"line":137,"column":null}},"67":{"start":{"line":138,"column":42},"end":{"line":138,"column":null}},"68":{"start":{"line":144,"column":2},"end":{"line":144,"column":null}},"69":{"start":{"line":10,"column":13},"end":{"line":145,"column":null}},"70":{"start":{"line":147,"column":13},"end":{"line":147,"column":61}},"71":{"start":{"line":149,"column":0},"end":{"line":158,"column":3}},"72":{"start":{"line":151,"column":4},"end":{"line":151,"column":24}},"73":{"start":{"line":152,"column":4},"end":{"line":152,"column":42}},"74":{"start":{"line":153,"column":4},"end":{"line":153,"column":38}},"75":{"start":{"line":154,"column":4},"end":{"line":154,"column":29}},"76":{"start":{"line":155,"column":4},"end":{"line":155,"column":29}},"77":{"start":{"line":156,"column":4},"end":{"line":156,"column":15}}},"fnMap":{"0":{"name":"(anonymous_2)","decl":{"start":{"line":50,"column":99},"end":{"line":50,"column":102}},"loc":{"start":{"line":50,"column":106},"end":{"line":50,"column":108}}},"1":{"name":"(anonymous_3)","decl":{"start":{"line":81,"column":89},"end":{"line":81,"column":92}},"loc":{"start":{"line":81,"column":96},"end":{"line":81,"column":138}}},"2":{"name":"(anonymous_4)","decl":{"start":{"line":85,"column":33},"end":{"line":85,"column":36}},"loc":{"start":{"line":85,"column":40},"end":{"line":85,"column":42}}},"3":{"name":"(anonymous_5)","decl":{"start":{"line":99,"column":33},"end":{"line":99,"column":36}},"loc":{"start":{"line":99,"column":40},"end":{"line":99,"column":42}}},"4":{"name":"(anonymous_6)","decl":{"start":{"line":150,"column":13},"end":{"line":150,"column":14}},"loc":{"start":{"line":150,"column":37},"end":{"line":157,"column":3}}}},"branchMap":{},"s":{"0":1,"1":1,"2":1,"3":1,"4":1,"5":1,"6":1,"7":1,"8":1,"9":1,"10":1,"11":1,"12":1,"13":1,"14":1,"15":1,"16":1,"17":0,"18":1,"19":1,"20":1,"21":1,"22":1,"23":1,"24":1,"25":1,"26":1,"27":1,"28":1,"29":1,"30":1,"31":1,"32":1,"33":0,"34":1,"35":1,"36":0,"37":1,"38":1,"39":1,"40":1,"41":1,"42":1,"43":1,"44":1,"45":1,"46":0,"47":1,"48":1,"49":1,"50":1,"51":1,"52":1,"53":1,"54":1,"55":1,"56":1,"57":1,"58":1,"59":1,"60":1,"61":1,"62":1,"63":1,"64":1,"65":1,"66":1,"67":1,"68":1,"69":1,"70":1,"71":1,"72":0,"73":0,"74":0,"75":0,"76":0,"77":0},"f":{"0":0,"1":0,"2":0,"3":0,"4":0},"b":{}}
}
