TN:
SF:src\app.controller.ts
FN:8,(anonymous_2)
FN:12,(anonymous_3)
FNF:2
FNH:0
FNDA:0,(anonymous_2)
FNDA:0,(anonymous_3)
DA:1,0
DA:2,0
DA:3,0
DA:7,0
DA:8,0
DA:12,0
DA:13,0
LF:7
LH:0
BRF:0
BRH:0
end_of_record
TN:
SF:src\app.module.ts
FN:40,(anonymous_1)
FNF:1
FNH:0
FNDA:0,(anonymous_1)
DA:3,0
DA:4,0
DA:5,0
DA:6,0
DA:7,0
DA:8,0
DA:9,0
DA:10,0
DA:11,0
DA:12,0
DA:13,0
DA:14,0
DA:15,0
DA:16,0
DA:17,0
DA:18,0
DA:19,0
DA:20,0
DA:21,0
DA:40,0
DA:59,0
LF:21
LH:0
BRF:0
BRH:0
end_of_record
TN:
SF:src\app.service.ts
FN:5,(anonymous_1)
FNF:1
FNH:0
FNDA:0,(anonymous_1)
DA:1,0
DA:4,0
DA:6,0
LF:3
LH:0
BRF:0
BRH:0
end_of_record
TN:
SF:src\main.ts
FN:14,bootstrap
FN:17,(anonymous_11)
FN:24,(anonymous_12)
FN:73,(anonymous_13)
FN:76,(anonymous_14)
FN:77,(anonymous_15)
FN:80,(anonymous_16)
FN:97,(anonymous_17)
FN:145,(anonymous_18)
FNF:9
FNH:0
FNDA:0,bootstrap
FNDA:0,(anonymous_11)
FNDA:0,(anonymous_12)
FNDA:0,(anonymous_13)
FNDA:0,(anonymous_14)
FNDA:0,(anonymous_15)
FNDA:0,(anonymous_16)
FNDA:0,(anonymous_17)
FNDA:0,(anonymous_18)
DA:2,0
DA:3,0
DA:4,0
DA:5,0
DA:6,0
DA:7,0
DA:8,0
DA:9,0
DA:10,0
DA:11,0
DA:12,0
DA:15,0
DA:17,0
DA:19,0
DA:21,0
DA:22,0
DA:23,0
DA:24,0
DA:25,0
DA:26,0
DA:32,0
DA:33,0
DA:35,0
DA:36,0
DA:50,0
DA:54,0
DA:55,0
DA:57,0
DA:58,0
DA:59,0
DA:61,0
DA:68,0
DA:73,0
DA:75,0
DA:76,0
DA:77,0
DA:79,0
DA:82,0
DA:83,0
DA:84,0
DA:85,0
DA:86,0
DA:91,0
DA:92,0
DA:97,0
DA:98,0
DA:99,0
DA:100,0
DA:102,0
DA:103,0
DA:104,0
DA:106,0
DA:114,0
DA:123,0
DA:129,0
DA:130,0
DA:132,0
DA:133,0
DA:134,0
DA:135,0
DA:138,0
DA:139,0
DA:141,0
DA:142,0
DA:144,0
DA:145,0
DA:146,0
DA:147,0
LF:68
LH:0
BRDA:19,0,0,0
BRDA:19,0,1,0
BRDA:19,0,2,0
BRDA:25,1,0,0
BRDA:25,1,1,0
BRDA:25,1,2,0
BRDA:57,2,0,0
BRDA:57,2,1,0
BRDA:69,3,0,0
BRDA:69,3,1,0
BRDA:75,4,0,0
BRDA:75,4,1,0
BRDA:82,5,0,0
BRDA:83,6,0,0
BRDA:84,7,0,0
BRDA:84,8,0,0
BRDA:84,8,1,0
BRDA:85,9,0,0
BRDA:91,10,0,0
BRDA:91,10,1,0
BRDA:93,11,0,0
BRDA:93,11,1,0
BRDA:99,12,0,0
BRDA:99,12,1,0
BRDA:99,12,2,0
BRDA:100,13,0,0
BRDA:100,14,0,0
BRDA:100,14,1,0
BRDA:100,14,2,0
BRDA:102,15,0,0
BRDA:132,16,0,0
BRDA:132,16,1,0
BRDA:141,17,0,0
BRDA:141,17,1,0
BRF:34
BRH:0
end_of_record
TN:
SF:src\achievements\achievements.controller.ts
FN:8,(anonymous_2)
FN:12,(anonymous_3)
FNF:2
FNH:0
FNDA:0,(anonymous_2)
FNDA:0,(anonymous_3)
DA:1,0
DA:2,0
DA:3,0
DA:7,0
DA:8,0
DA:12,0
DA:13,0
LF:7
LH:0
BRF:0
BRH:0
end_of_record
TN:
SF:src\achievements\achievements.module.ts
FNF:0
FNH:0
DA:1,0
DA:2,0
DA:3,0
DA:4,0
DA:5,0
DA:17,0
LF:6
LH:0
BRF:0
BRH:0
end_of_record
TN:
SF:src\achievements\achievements.service.ts
FN:8,(anonymous_4)
FN:13,(anonymous_5)
FN:17,(anonymous_6)
FNF:3
FNH:0
FNDA:0,(anonymous_4)
FNDA:0,(anonymous_5)
FNDA:0,(anonymous_6)
DA:1,0
DA:2,0
DA:3,0
DA:4,0
DA:7,0
DA:10,0
DA:14,0
DA:19,0
LF:8
LH:0
BRF:0
BRH:0
end_of_record
TN:
SF:src\achievements\schemas\achievement.schema.ts
FNF:0
FNH:0
DA:1,0
DA:7,0
DA:9,0
DA:12,0
DA:15,0
DA:18,0
DA:21,0
DA:24,0
LF:8
LH:0
BRF:0
BRH:0
end_of_record
TN:
SF:src\admin\admin.controller.ts
FN:18,(anonymous_4)
FN:26,(anonymous_5)
FN:47,(anonymous_6)
FN:57,(anonymous_7)
FN:67,(anonymous_8)
FN:73,(anonymous_9)
FN:81,(anonymous_10)
FN:87,(anonymous_11)
FN:101,(anonymous_12)
FN:119,(anonymous_13)
FN:125,(anonymous_14)
FN:131,(anonymous_15)
FNF:12
FNH:0
FNDA:0,(anonymous_4)
FNDA:0,(anonymous_5)
FNDA:0,(anonymous_6)
FNDA:0,(anonymous_7)
FNDA:0,(anonymous_8)
FNDA:0,(anonymous_9)
FNDA:0,(anonymous_10)
FNDA:0,(anonymous_11)
FNDA:0,(anonymous_12)
FNDA:0,(anonymous_13)
FNDA:0,(anonymous_14)
FNDA:0,(anonymous_15)
DA:2,0
DA:3,0
DA:4,0
DA:5,0
DA:6,0
DA:7,0
DA:8,0
DA:9,0
DA:10,0
DA:17,0
DA:19,0
DA:20,0
DA:21,0
DA:26,0
DA:34,0
DA:47,0
DA:52,0
DA:57,0
DA:62,0
DA:67,0
DA:68,0
DA:73,0
DA:74,0
DA:81,0
DA:82,0
DA:87,0
DA:92,0
DA:101,0
DA:109,0
DA:119,0
DA:120,0
DA:125,0
DA:126,0
DA:131,0
DA:132,0
DA:133,0
LF:36
LH:0
BRDA:35,0,0,0
BRDA:35,0,1,0
BRDA:36,1,0,0
BRDA:36,1,1,0
BRDA:39,2,0,0
BRDA:39,2,1,0
BRDA:41,3,0,0
BRDA:41,3,1,0
BRDA:93,4,0,0
BRDA:93,4,1,0
BRDA:94,5,0,0
BRDA:94,5,1,0
BRDA:95,6,0,0
BRDA:95,6,1,0
BRDA:95,7,0,0
BRDA:95,7,1,0
BRDA:109,8,0,0
BRDA:109,8,1,0
BRDA:109,9,0,0
BRDA:109,9,1,0
BRDA:110,10,0,0
BRDA:110,10,1,0
BRDA:111,11,0,0
BRDA:111,11,1,0
BRDA:112,12,0,0
BRDA:112,12,1,0
BRDA:113,13,0,0
BRDA:113,13,1,0
BRF:28
BRH:0
end_of_record
TN:
SF:src\admin\admin.module.ts
FNF:0
FNH:0
DA:1,0
DA:2,0
DA:3,0
DA:4,0
DA:5,0
DA:6,0
DA:7,0
DA:18,0
LF:8
LH:0
BRF:0
BRH:0
end_of_record
TN:
SF:src\admin\admin.service.ts
FN:8,(anonymous_4)
FN:13,(anonymous_5)
FN:64,(anonymous_6)
FN:96,(anonymous_7)
FN:121,(anonymous_8)
FN:140,(anonymous_9)
FN:144,(anonymous_10)
FN:162,(anonymous_11)
FNF:8
FNH:0
FNDA:0,(anonymous_4)
FNDA:0,(anonymous_5)
FNDA:0,(anonymous_6)
FNDA:0,(anonymous_7)
FNDA:0,(anonymous_8)
FNDA:0,(anonymous_9)
FNDA:0,(anonymous_10)
FNDA:0,(anonymous_11)
DA:1,0
DA:2,0
DA:3,0
DA:4,0
DA:7,0
DA:10,0
DA:21,0
DA:22,0
DA:23,0
DA:25,0
DA:26,0
DA:27,0
DA:28,0
DA:30,0
DA:31,0
DA:36,0
DA:37,0
DA:38,0
DA:39,0
DA:40,0
DA:50,0
DA:61,0
DA:70,0
DA:71,0
DA:72,0
DA:74,0
DA:75,0
DA:79,0
DA:80,0
DA:81,0
DA:82,0
DA:83,0
DA:85,0
DA:87,0
DA:91,0
DA:92,0
DA:101,0
DA:102,0
DA:103,0
DA:107,0
DA:108,0
DA:116,0
DA:117,0
DA:122,0
DA:133,0
DA:134,0
DA:135,0
DA:140,0
DA:145,0
DA:152,0
DA:163,0
DA:169,0
DA:170,0
DA:172,0
LF:54
LH:0
BRDA:21,0,0,0
BRDA:21,0,1,0
BRDA:22,1,0,0
BRDA:22,1,1,0
BRDA:26,2,0,0
BRDA:27,3,0,0
BRDA:28,4,0,0
BRDA:28,4,1,0
BRDA:30,5,0,0
BRDA:33,6,0,0
BRDA:33,6,1,0
BRDA:36,7,0,0
BRDA:38,8,0,0
BRDA:39,9,0,0
BRDA:39,9,1,0
BRDA:70,10,0,0
BRDA:70,11,0,0
BRDA:70,11,1,0
BRDA:71,12,0,0
BRDA:71,13,0,0
BRDA:71,13,1,0
BRDA:74,14,0,0
BRDA:80,15,0,0
BRDA:81,16,0,0
BRDA:81,16,1,0
BRDA:85,17,0,0
BRDA:91,18,0,0
BRDA:101,19,0,0
BRDA:101,20,0,0
BRDA:101,20,1,0
BRDA:102,21,0,0
BRDA:116,22,0,0
BRDA:133,23,0,0
BRDA:133,23,1,0
BRDA:134,24,0,0
BRDA:134,24,1,0
BRDA:169,25,0,0
BRDA:169,25,1,0
BRDA:170,26,0,0
BRDA:170,26,1,0
BRF:40
BRH:0
end_of_record
TN:
SF:src\admin\dto\admin-update-reclamation.dto.ts
FNF:0
FNH:0
DA:1,0
DA:2,0
DA:4,0
DA:7,0
LF:4
LH:0
BRF:0
BRH:0
end_of_record
TN:
SF:src\admin\dto\admin-update-user.dto.ts
FNF:0
FNH:0
DA:1,0
DA:2,0
DA:4,0
DA:9,0
DA:14,0
LF:5
LH:0
BRF:0
BRH:0
end_of_record
TN:
SF:src\admin\dto\set-role.dto.ts
FNF:0
FNH:0
DA:1,0
DA:2,0
DA:4,0
DA:7,0
LF:4
LH:0
BRF:0
BRH:0
end_of_record
TN:
SF:src\ai\dto\GenerateChallengeDto.ts
FN:4,(anonymous_2)
FNF:1
FNH:0
FNDA:0,(anonymous_2)
DA:1,0
DA:2,0
DA:4,0
DA:5,0
DA:6,0
DA:7,0
DA:10,0
DA:13,0
DA:17,0
LF:9
LH:0
BRDA:4,0,0,0
BRDA:4,0,1,0
BRF:2
BRH:0
end_of_record
TN:
SF:src\api-keys\api-keys.controller.ts
FN:13,(anonymous_4)
FN:17,(anonymous_5)
FN:23,(anonymous_6)
FN:30,(anonymous_7)
FNF:4
FNH:0
FNDA:0,(anonymous_4)
FNDA:0,(anonymous_5)
FNDA:0,(anonymous_6)
FNDA:0,(anonymous_7)
DA:2,0
DA:3,0
DA:4,0
DA:5,0
DA:6,0
DA:12,0
DA:13,0
DA:17,0
DA:18,0
DA:23,0
DA:24,0
DA:25,0
DA:30,0
DA:31,0
DA:32,0
LF:15
LH:0
BRF:0
BRH:0
end_of_record
TN:
SF:src\api-keys\api-keys.module.ts
FNF:0
FNH:0
DA:1,0
DA:2,0
DA:3,0
DA:4,0
DA:5,0
DA:6,0
DA:17,0
LF:7
LH:0
BRF:0
BRH:0
end_of_record
TN:
SF:src\api-keys\api-keys.service.ts
FN:20,(anonymous_4)
FN:25,(anonymous_5)
FN:30,(anonymous_6)
FN:50,(anonymous_7)
FN:71,(anonymous_8)
FN:77,(anonymous_9)
FN:86,(anonymous_10)
FNF:7
FNH:0
FNDA:0,(anonymous_4)
FNDA:0,(anonymous_5)
FNDA:0,(anonymous_6)
FNDA:0,(anonymous_7)
FNDA:0,(anonymous_8)
FNDA:0,(anonymous_9)
FNDA:0,(anonymous_10)
DA:2,0
DA:3,0
DA:4,0
DA:5,0
DA:7,0
DA:8,0
DA:19,0
DA:21,0
DA:22,0
DA:26,0
DA:31,0
DA:32,0
DA:33,0
DA:34,0
DA:35,0
DA:36,0
DA:37,0
DA:38,0
DA:40,0
DA:41,0
DA:51,0
DA:52,0
DA:53,0
DA:54,0
DA:55,0
DA:62,0
DA:72,0
DA:77,0
DA:87,0
DA:88,0
DA:89,0
LF:31
LH:0
BRDA:31,0,0,0
BRDA:31,1,0,0
BRDA:31,1,1,0
BRDA:34,2,0,0
BRDA:37,3,0,0
BRDA:40,4,0,0
BRDA:40,4,1,0
BRDA:40,5,0,0
BRDA:40,5,1,0
BRDA:40,6,0,0
BRDA:40,6,1,0
BRDA:43,7,0,0
BRDA:43,7,1,0
BRDA:44,8,0,0
BRDA:44,8,1,0
BRDA:67,9,0,0
BRDA:67,9,1,0
BRDA:81,10,0,0
BRDA:81,10,1,0
BRDA:82,11,0,0
BRDA:82,11,1,0
BRDA:87,12,0,0
BRDA:89,13,0,0
BRF:23
BRH:0
end_of_record
TN:
SF:src\api-keys\dto\create-api-key.dto.ts
FNF:0
FNH:0
DA:1,0
DA:2,0
DA:4,0
DA:9,0
LF:4
LH:0
BRF:0
BRH:0
end_of_record
TN:
SF:src\api-keys\schemas\api-key.schema.ts
FNF:0
FNH:0
DA:2,1
DA:3,1
DA:6,1
DA:8,1
DA:11,1
DA:15,1
DA:19,1
DA:22,1
DA:29,1
LF:9
LH:9
BRF:0
BRH:0
end_of_record
TN:
SF:src\app\api\register-face\route.js
FN:4,POST
FNF:1
FNH:0
FNDA:0,POST
DA:6,0
DA:8,0
DA:13,0
LF:3
LH:0
BRF:0
BRH:0
end_of_record
TN:
SF:src\app\api\verify-face\route.js
FN:4,euclideanDistance
FN:12,POST
FNF:2
FNH:0
FNDA:0,euclideanDistance
FNDA:0,POST
DA:5,0
DA:6,0
DA:7,0
DA:9,0
DA:14,0
DA:16,0
DA:21,0
DA:23,0
DA:25,0
LF:9
LH:0
BRF:0
BRH:0
end_of_record
TN:
SF:src\auth\auth.controller.ts
FN:34,(anonymous_4)
FN:40,(anonymous_5)
FN:49,(anonymous_6)
FN:59,(anonymous_7)
FN:72,(anonymous_8)
FN:77,(anonymous_9)
FN:82,(anonymous_10)
FN:87,(anonymous_11)
FN:92,(anonymous_12)
FN:97,(anonymous_13)
FN:102,(anonymous_14)
FN:108,(anonymous_15)
FN:114,(anonymous_16)
FN:148,(anonymous_17)
FN:154,(anonymous_18)
FN:188,(anonymous_19)
FN:194,(anonymous_20)
FN:211,(anonymous_21)
FN:217,(anonymous_22)
FN:234,(anonymous_23)
FNF:20
FNH:0
FNDA:0,(anonymous_4)
FNDA:0,(anonymous_5)
FNDA:0,(anonymous_6)
FNDA:0,(anonymous_7)
FNDA:0,(anonymous_8)
FNDA:0,(anonymous_9)
FNDA:0,(anonymous_10)
FNDA:0,(anonymous_11)
FNDA:0,(anonymous_12)
FNDA:0,(anonymous_13)
FNDA:0,(anonymous_14)
FNDA:0,(anonymous_15)
FNDA:0,(anonymous_16)
FNDA:0,(anonymous_17)
FNDA:0,(anonymous_18)
FNDA:0,(anonymous_19)
FNDA:0,(anonymous_20)
FNDA:0,(anonymous_21)
FNDA:0,(anonymous_22)
FNDA:0,(anonymous_23)
DA:4,0
DA:15,0
DA:16,0
DA:17,0
DA:18,0
DA:19,0
DA:20,0
DA:21,0
DA:22,0
DA:23,0
DA:24,0
DA:25,0
DA:26,0
DA:27,0
DA:29,0
DA:30,0
DA:33,0
DA:35,0
DA:36,0
DA:40,0
DA:41,0
DA:45,0
DA:49,0
DA:50,0
DA:55,0
DA:59,0
DA:63,0
DA:68,0
DA:72,0
DA:73,0
DA:77,0
DA:78,0
DA:82,0
DA:83,0
DA:87,0
DA:88,0
DA:92,0
DA:93,0
DA:97,0
DA:98,0
DA:102,0
DA:103,0
DA:108,0
DA:114,0
DA:115,0
DA:120,0
DA:123,0
DA:124,0
DA:128,0
DA:133,0
DA:134,0
DA:135,0
DA:137,0
DA:138,0
DA:141,0
DA:148,0
DA:154,0
DA:155,0
DA:160,0
DA:163,0
DA:164,0
DA:168,0
DA:173,0
DA:174,0
DA:175,0
DA:177,0
DA:178,0
DA:181,0
DA:188,0
DA:189,0
DA:194,0
DA:198,0
DA:199,0
DA:200,0
DA:204,0
DA:206,0
DA:211,0
DA:212,0
DA:213,0
DA:217,0
DA:221,0
DA:226,0
DA:234,0
DA:235,0
LF:84
LH:0
BRDA:42,0,0,0
BRDA:42,0,1,0
BRDA:51,1,0,0
BRDA:51,1,1,0
BRDA:64,2,0,0
BRDA:64,2,1,0
BRDA:120,3,0,0
BRDA:120,3,1,0
BRDA:123,4,0,0
BRDA:123,5,0,0
BRDA:123,5,1,0
BRDA:134,6,0,0
BRDA:137,7,0,0
BRDA:160,8,0,0
BRDA:160,8,1,0
BRDA:163,9,0,0
BRDA:163,10,0,0
BRDA:163,10,1,0
BRDA:174,11,0,0
BRDA:177,12,0,0
BRDA:199,13,0,0
BRDA:201,14,0,0
BRDA:201,14,1,0
BRDA:222,15,0,0
BRDA:222,15,1,0
BRF:25
BRH:0
end_of_record
TN:
SF:src\auth\auth.module.ts
FN:24,(anonymous_1)
FN:28,(anonymous_2)
FN:51,(anonymous_3)
FNF:3
FNH:0
FNDA:0,(anonymous_1)
FNDA:0,(anonymous_2)
FNDA:0,(anonymous_3)
DA:2,0
DA:3,0
DA:4,0
DA:5,0
DA:6,0
DA:7,0
DA:8,0
DA:9,0
DA:10,0
DA:11,0
DA:12,0
DA:13,0
DA:14,0
DA:15,0
DA:16,0
DA:17,0
DA:24,0
DA:28,0
DA:51,0
DA:53,0
LF:20
LH:0
BRDA:32,0,0,0
BRDA:32,0,1,0
BRDA:32,0,2,0
BRF:3
BRH:0
end_of_record
TN:
SF:src\auth\auth.service.ts
FN:19,(anonymous_11)
FN:27,(anonymous_12)
FN:33,(anonymous_13)
FN:37,(anonymous_14)
FN:41,(anonymous_15)
FN:52,(anonymous_16)
FN:59,(anonymous_17)
FN:66,(anonymous_18)
FN:102,(anonymous_19)
FN:139,(anonymous_20)
FN:146,(anonymous_21)
FN:182,(anonymous_22)
FN:208,(anonymous_23)
FN:262,(anonymous_24)
FN:266,(anonymous_25)
FN:289,(anonymous_26)
FN:339,(anonymous_27)
FN:346,(anonymous_28)
FN:354,(anonymous_29)
FN:362,(anonymous_30)
FN:380,(anonymous_31)
FN:393,(anonymous_32)
FN:411,(anonymous_33)
FN:432,(anonymous_34)
FN:442,(anonymous_35)
FN:470,(anonymous_36)
FN:493,(anonymous_37)
FN:498,(anonymous_38)
FN:509,(anonymous_39)
FN:519,(anonymous_40)
FN:534,(anonymous_41)
FN:551,(anonymous_42)
FN:558,(anonymous_43)
FN:571,(anonymous_44)
FN:597,(anonymous_45)
FN:604,(anonymous_46)
FNF:36
FNH:0
FNDA:0,(anonymous_11)
FNDA:0,(anonymous_12)
FNDA:0,(anonymous_13)
FNDA:0,(anonymous_14)
FNDA:0,(anonymous_15)
FNDA:0,(anonymous_16)
FNDA:0,(anonymous_17)
FNDA:0,(anonymous_18)
FNDA:0,(anonymous_19)
FNDA:0,(anonymous_20)
FNDA:0,(anonymous_21)
FNDA:0,(anonymous_22)
FNDA:0,(anonymous_23)
FNDA:0,(anonymous_24)
FNDA:0,(anonymous_25)
FNDA:0,(anonymous_26)
FNDA:0,(anonymous_27)
FNDA:0,(anonymous_28)
FNDA:0,(anonymous_29)
FNDA:0,(anonymous_30)
FNDA:0,(anonymous_31)
FNDA:0,(anonymous_32)
FNDA:0,(anonymous_33)
FNDA:0,(anonymous_34)
FNDA:0,(anonymous_35)
FNDA:0,(anonymous_36)
FNDA:0,(anonymous_37)
FNDA:0,(anonymous_38)
FNDA:0,(anonymous_39)
FNDA:0,(anonymous_40)
FNDA:0,(anonymous_41)
FNDA:0,(anonymous_42)
FNDA:0,(anonymous_43)
FNDA:0,(anonymous_44)
FNDA:0,(anonymous_45)
FNDA:0,(anonymous_46)
DA:2,0
DA:3,0
DA:4,0
DA:7,0
DA:8,0
DA:9,0
DA:10,0
DA:11,0
DA:14,0
DA:15,0
DA:18,0
DA:20,0
DA:21,0
DA:22,0
DA:23,0
DA:24,0
DA:28,0
DA:29,0
DA:30,0
DA:34,0
DA:38,0
DA:42,0
DA:43,0
DA:49,0
DA:53,0
DA:60,0
DA:67,0
DA:68,0
DA:70,0
DA:71,0
DA:73,0
DA:74,0
DA:75,0
DA:76,0
DA:77,0
DA:78,0
DA:79,0
DA:81,0
DA:82,0
DA:83,0
DA:84,0
DA:89,0
DA:91,0
DA:106,0
DA:107,0
DA:108,0
DA:111,0
DA:113,0
DA:114,0
DA:118,0
DA:122,0
DA:123,0
DA:125,0
DA:126,0
DA:133,0
DA:135,0
DA:143,0
DA:147,0
DA:149,0
DA:150,0
DA:151,0
DA:152,0
DA:153,0
DA:154,0
DA:155,0
DA:157,0
DA:159,0
DA:167,0
DA:168,0
DA:186,0
DA:187,0
DA:188,0
DA:189,0
DA:193,0
DA:194,0
DA:195,0
DA:212,0
DA:216,0
DA:217,0
DA:220,0
DA:221,0
DA:227,0
DA:240,0
DA:241,0
DA:243,0
DA:249,0
DA:263,0
DA:271,0
DA:272,0
DA:273,0
DA:275,0
DA:276,0
DA:279,0
DA:286,0
DA:293,0
DA:295,0
DA:296,0
DA:302,0
DA:315,0
DA:316,0
DA:318,0
DA:326,0
DA:343,0
DA:347,0
DA:348,0
DA:350,0
DA:351,0
DA:355,0
DA:356,0
DA:358,0
DA:359,0
DA:363,0
DA:364,0
DA:365,0
DA:366,0
DA:368,0
DA:369,0
DA:370,0
DA:372,0
DA:377,0
DA:381,0
DA:383,0
DA:384,0
DA:386,0
DA:387,0
DA:388,0
DA:389,0
DA:390,0
DA:394,0
DA:396,0
DA:398,0
DA:399,0
DA:400,0
DA:401,0
DA:402,0
DA:403,0
DA:404,0
DA:408,0
DA:412,0
DA:413,0
DA:414,0
DA:415,0
DA:416,0
DA:418,0
DA:419,0
DA:420,0
DA:421,0
DA:422,0
DA:424,0
DA:429,0
DA:433,0
DA:434,0
DA:435,0
DA:437,0
DA:438,0
DA:440,0
DA:441,0
DA:442,0
DA:443,0
DA:445,0
DA:446,0
DA:447,0
DA:448,0
DA:449,0
DA:453,0
DA:454,0
DA:455,0
DA:457,0
DA:458,0
DA:460,0
DA:467,0
DA:471,0
DA:472,0
DA:473,0
DA:475,0
DA:476,0
DA:478,0
DA:479,0
DA:480,0
DA:481,0
DA:482,0
DA:485,0
DA:486,0
DA:490,0
DA:494,0
DA:495,0
DA:499,0
DA:500,0
DA:501,0
DA:502,0
DA:503,0
DA:504,0
DA:506,0
DA:510,0
DA:511,0
DA:513,0
DA:514,0
DA:515,0
DA:516,0
DA:518,0
DA:519,0
DA:521,0
DA:526,0
DA:531,0
DA:535,0
DA:536,0
DA:538,0
DA:539,0
DA:541,0
DA:543,0
DA:548,0
DA:552,0
DA:553,0
DA:555,0
DA:556,0
DA:557,0
DA:558,0
DA:559,0
DA:561,0
DA:563,0
DA:568,0
DA:577,0
DA:578,0
DA:580,0
DA:582,0
DA:583,0
DA:586,0
DA:587,0
DA:588,0
DA:589,0
DA:592,0
DA:593,0
DA:595,0
DA:596,0
DA:597,0
DA:599,0
DA:600,0
DA:603,0
DA:604,0
DA:608,0
DA:611,0
DA:612,0
DA:614,0
DA:621,0
LF:244
LH:0
BRDA:28,0,0,0
BRDA:28,1,0,0
BRDA:28,1,1,0
BRDA:29,2,0,0
BRDA:37,3,0,0
BRDA:55,4,0,0
BRDA:55,4,1,0
BRDA:62,5,0,0
BRDA:62,5,1,0
BRDA:68,6,0,0
BRDA:68,6,1,0
BRDA:71,7,0,0
BRDA:73,8,0,0
BRDA:75,9,0,0
BRDA:78,10,0,0
BRDA:78,11,0,0
BRDA:78,11,1,0
BRDA:78,11,2,0
BRDA:81,12,0,0
BRDA:81,13,0,0
BRDA:81,13,1,0
BRDA:82,14,0,0
BRDA:82,15,0,0
BRDA:82,15,1,0
BRDA:89,16,0,0
BRDA:89,16,1,0
BRDA:89,17,0,0
BRDA:89,17,1,0
BRDA:92,18,0,0
BRDA:92,18,1,0
BRDA:98,19,0,0
BRDA:98,19,1,0
BRDA:111,20,0,0
BRDA:111,20,1,0
BRDA:113,21,0,0
BRDA:113,21,1,0
BRDA:114,22,0,0
BRDA:114,22,1,0
BRDA:115,23,0,0
BRDA:115,23,1,0
BRDA:116,24,0,0
BRDA:116,24,1,0
BRDA:123,25,0,0
BRDA:125,26,0,0
BRDA:125,26,1,0
BRDA:152,27,0,0
BRDA:176,28,0,0
BRDA:176,28,1,0
BRDA:187,29,0,0
BRDA:187,30,0,0
BRDA:187,30,1,0
BRDA:203,31,0,0
BRDA:203,31,1,0
BRDA:216,32,0,0
BRDA:220,33,0,0
BRDA:235,34,0,0
BRDA:235,34,1,0
BRDA:257,35,0,0
BRDA:257,35,1,0
BRDA:272,36,0,0
BRDA:275,37,0,0
BRDA:295,38,0,0
BRDA:310,39,0,0
BRDA:310,39,1,0
BRDA:334,40,0,0
BRDA:334,40,1,0
BRDA:347,41,0,0
BRDA:355,42,0,0
BRDA:363,43,0,0
BRDA:366,44,0,0
BRDA:383,45,0,0
BRDA:384,46,0,0
BRDA:396,47,0,0
BRDA:412,48,0,0
BRDA:413,49,0,0
BRDA:413,50,0,0
BRDA:413,50,1,0
BRDA:416,51,0,0
BRDA:433,52,0,0
BRDA:435,53,0,0
BRDA:438,54,0,0
BRDA:438,55,0,0
BRDA:438,55,1,0
BRDA:441,56,0,0
BRDA:441,56,1,0
BRDA:442,57,0,0
BRDA:442,57,1,0
BRDA:443,58,0,0
BRDA:446,59,0,0
BRDA:446,60,0,0
BRDA:446,60,1,0
BRDA:471,61,0,0
BRDA:473,62,0,0
BRDA:476,63,0,0
BRDA:479,64,0,0
BRDA:479,64,1,0
BRDA:481,65,0,0
BRDA:481,66,0,0
BRDA:481,66,1,0
BRDA:498,67,0,0
BRDA:511,68,0,0
BRDA:514,69,0,0
BRDA:514,69,1,0
BRDA:536,70,0,0
BRDA:536,71,0,0
BRDA:536,71,1,0
BRDA:539,72,0,0
BRDA:553,73,0,0
BRDA:553,74,0,0
BRDA:553,74,1,0
BRDA:556,75,0,0
BRDA:556,75,1,0
BRDA:558,76,0,0
BRDA:558,76,1,0
BRDA:559,77,0,0
BRDA:559,78,0,0
BRDA:559,78,1,0
BRDA:582,79,0,0
BRDA:582,80,0,0
BRDA:582,80,1,0
BRDA:587,81,0,0
BRDA:587,82,0,0
BRDA:587,82,1,0
BRDA:588,83,0,0
BRDA:588,84,0,0
BRDA:588,84,1,0
BRDA:595,85,0,0
BRDA:595,85,1,0
BRDA:597,86,0,0
BRDA:597,86,1,0
BRDA:599,87,0,0
BRDA:599,88,0,0
BRDA:599,88,1,0
BRDA:603,89,0,0
BRDA:604,90,0,0
BRDA:604,90,1,0
BRDA:606,91,0,0
BRDA:606,91,1,0
BRDA:629,92,0,0
BRDA:629,92,1,0
BRF:140
BRH:0
end_of_record
TN:
SF:src\auth\mail.service.ts
FN:16,(anonymous_11)
FN:43,(anonymous_12)
FN:52,(anonymous_13)
FN:79,(anonymous_14)
FNF:4
FNH:0
FNDA:0,(anonymous_11)
FNDA:0,(anonymous_12)
FNDA:0,(anonymous_13)
FNDA:0,(anonymous_14)
DA:6,0
DA:7,0
DA:8,0
DA:11,0
DA:12,0
DA:16,0
DA:17,0
DA:18,0
DA:19,0
DA:20,0
DA:22,0
DA:24,0
DA:25,0
DA:26,0
DA:29,0
DA:43,0
DA:44,0
DA:45,0
DA:47,0
DA:53,0
DA:54,0
DA:55,0
DA:59,0
DA:62,0
DA:64,0
DA:71,0
DA:72,0
DA:73,0
DA:75,0
DA:80,0
DA:81,0
DA:82,0
DA:86,0
DA:89,0
DA:91,0
DA:98,0
DA:99,0
DA:100,0
DA:102,0
LF:39
LH:0
BRDA:18,0,0,0
BRDA:18,0,1,0
BRDA:22,1,0,0
BRDA:22,1,1,0
BRDA:22,1,2,0
BRDA:24,2,0,0
BRDA:44,3,0,0
BRDA:44,3,1,0
BRDA:45,4,0,0
BRDA:45,4,1,0
BRDA:53,5,0,0
BRDA:53,6,0,0
BRDA:53,6,1,0
BRDA:59,7,0,0
BRDA:59,7,1,0
BRDA:59,7,2,0
BRDA:75,8,0,0
BRDA:75,8,1,0
BRDA:80,9,0,0
BRDA:80,10,0,0
BRDA:80,10,1,0
BRDA:86,11,0,0
BRDA:86,11,1,0
BRDA:86,11,2,0
BRDA:102,12,0,0
BRDA:102,12,1,0
BRF:26
BRH:0
end_of_record
TN:
SF:src\auth\decorators\roles.decorator.ts
FN:5,(anonymous_0)
FNF:1
FNH:0
FNDA:0,(anonymous_0)
DA:2,0
DA:4,0
DA:5,0
LF:3
LH:0
BRF:0
BRH:0
end_of_record
TN:
SF:src\auth\dto\disable-2fa.dto.ts
FNF:0
FNH:0
DA:1,0
DA:2,0
DA:4,0
DA:7,0
LF:4
LH:0
BRF:0
BRH:0
end_of_record
TN:
SF:src\auth\dto\enable-2fa.dto.ts
FNF:0
FNH:0
DA:1,0
DA:2,0
DA:4,0
DA:7,0
LF:4
LH:0
BRF:0
BRH:0
end_of_record
TN:
SF:src\auth\dto\face-login.dto.ts
FNF:0
FNH:0
DA:2,0
DA:3,0
DA:5,0
DA:8,0
DA:13,0
DA:17,0
LF:6
LH:0
BRF:0
BRH:0
end_of_record
TN:
SF:src\auth\dto\forgot-password.dto.ts
FNF:0
FNH:0
DA:2,0
DA:3,0
DA:5,0
DA:8,0
LF:4
LH:0
BRF:0
BRH:0
end_of_record
TN:
SF:src\auth\dto\login.dto.ts
FNF:0
FNH:0
DA:1,0
DA:2,0
DA:4,0
DA:7,0
DA:11,0
DA:19,0
LF:6
LH:0
BRF:0
BRH:0
end_of_record
TN:
SF:src\auth\dto\refresh-token.dto.ts
FNF:0
FNH:0
DA:3,0
DA:4,0
DA:6,0
DA:10,0
LF:4
LH:0
BRF:0
BRH:0
end_of_record
TN:
SF:src\auth\dto\refresh.dto.ts
FNF:0
FNH:0
DA:1,0
DA:2,0
DA:4,0
DA:8,0
LF:4
LH:0
BRF:0
BRH:0
end_of_record
TN:
SF:src\auth\dto\register.dto.ts
FN:21,optionalString
FN:22,(anonymous_3)
FN:32,(anonymous_4)
FN:37,(anonymous_5)
FN:81,(anonymous_6)
FN:103,(anonymous_7)
FNF:6
FNH:0
FNDA:0,optionalString
FNDA:0,(anonymous_3)
FNDA:0,(anonymous_4)
FNDA:0,(anonymous_5)
FNDA:0,(anonymous_6)
FNDA:0,(anonymous_7)
DA:2,0
DA:17,0
DA:18,0
DA:22,0
DA:23,0
DA:24,0
DA:25,0
DA:26,0
DA:30,0
DA:32,0
DA:34,0
DA:37,0
DA:42,0
DA:47,0
DA:55,0
DA:63,0
DA:71,0
DA:77,0
DA:82,0
DA:83,0
DA:84,0
DA:85,0
DA:86,0
DA:89,0
DA:96,0
DA:103,0
DA:106,0
LF:27
LH:0
BRDA:23,0,0,0
BRDA:23,1,0,0
BRDA:23,1,1,0
BRDA:24,2,0,0
BRDA:26,3,0,0
BRDA:26,3,1,0
BRDA:32,4,0,0
BRDA:32,4,1,0
BRDA:37,5,0,0
BRDA:37,5,1,0
BRDA:82,6,0,0
BRDA:82,7,0,0
BRDA:82,7,1,0
BRDA:83,8,0,0
BRDA:84,9,0,0
BRDA:84,10,0,0
BRDA:84,10,1,0
BRDA:84,10,2,0
BRDA:85,11,0,0
BRDA:85,12,0,0
BRDA:85,12,1,0
BRDA:85,12,2,0
BRDA:103,13,0,0
BRDA:103,13,1,0
BRF:24
BRH:0
end_of_record
TN:
SF:src\auth\dto\resend-verification.dto.ts
FNF:0
FNH:0
DA:1,0
DA:2,0
DA:4,0
DA:7,0
LF:4
LH:0
BRF:0
BRH:0
end_of_record
TN:
SF:src\auth\dto\reset-password.dto.ts
FNF:0
FNH:0
DA:1,0
DA:2,0
DA:4,0
DA:7,0
DA:12,0
LF:5
LH:0
BRF:0
BRH:0
end_of_record
TN:
SF:src\auth\dto\twofa-setup.dto.ts
FNF:0
FNH:0
DA:1,0
DA:3,0
DA:5,0
DA:8,0
DA:11,0
LF:5
LH:0
BRF:0
BRH:0
end_of_record
TN:
SF:src\auth\dto\verify-2fa-login.dto.ts
FNF:0
FNH:0
DA:1,0
DA:2,0
DA:4,0
DA:7,0
DA:11,0
DA:16,0
LF:6
LH:0
BRF:0
BRH:0
end_of_record
TN:
SF:src\auth\dto\verify-email.dto.ts
FNF:0
FNH:0
DA:1,0
DA:2,0
DA:4,0
DA:7,0
LF:4
LH:0
BRF:0
BRH:0
end_of_record
TN:
SF:src\auth\guards\jwt-auth.guard.ts
FNF:0
FNH:0
DA:2,0
DA:3,0
DA:6,0
LF:3
LH:0
BRF:0
BRH:0
end_of_record
TN:
SF:src\auth\guards\jwt-or-api-key.guard.ts
FN:9,(anonymous_2)
FN:16,(anonymous_3)
FNF:2
FNH:0
FNDA:0,(anonymous_2)
FNDA:0,(anonymous_3)
DA:1,0
DA:2,0
DA:3,0
DA:4,0
DA:5,0
DA:8,0
DA:10,0
DA:11,0
DA:12,0
DA:13,0
DA:17,0
DA:19,0
DA:22,0
DA:23,0
DA:24,0
DA:25,0
DA:26,0
DA:29,0
DA:30,0
DA:31,0
DA:33,0
DA:34,0
DA:37,0
DA:38,0
DA:39,0
DA:40,0
DA:47,0
DA:49,0
LF:28
LH:0
BRDA:19,0,0,0
BRDA:19,0,1,0
BRDA:22,1,0,0
BRDA:24,2,0,0
BRDA:29,3,0,0
BRDA:29,3,1,0
BRDA:31,4,0,0
BRDA:38,5,0,0
BRDA:42,6,0,0
BRDA:42,6,1,0
BRDA:43,7,0,0
BRDA:43,7,1,0
BRDA:44,8,0,0
BRDA:44,8,1,0
BRDA:44,9,0,0
BRDA:44,9,1,0
BRDA:44,10,0,0
BRDA:44,10,1,0
BRF:18
BRH:0
end_of_record
TN:
SF:src\auth\guards\roles.guard.ts
FN:8,(anonymous_2)
FN:10,(anonymous_3)
FN:20,(anonymous_4)
FNF:3
FNH:0
FNDA:0,(anonymous_2)
FNDA:0,(anonymous_3)
FNDA:0,(anonymous_4)
DA:2,0
DA:3,0
DA:4,0
DA:7,0
DA:8,0
DA:11,0
DA:15,0
DA:17,0
DA:18,0
DA:19,0
DA:20,0
LF:11
LH:0
BRDA:15,0,0,0
BRDA:15,1,0,0
BRDA:15,1,1,0
BRDA:19,2,0,0
BRDA:19,2,1,0
BRF:5
BRH:0
end_of_record
TN:
SF:src\auth\strategies\github.strategy.ts
FN:24,(anonymous_2)
FN:46,(anonymous_3)
FNF:2
FNH:0
FNDA:0,(anonymous_2)
FNDA:0,(anonymous_3)
DA:3,0
DA:4,0
DA:5,0
DA:6,0
DA:21,0
DA:22,0
DA:24,0
DA:25,0
DA:26,0
DA:27,0
DA:29,0
DA:30,0
DA:36,0
DA:51,0
DA:52,0
DA:53,0
DA:54,0
DA:57,0
DA:59,0
DA:60,0
DA:61,0
DA:62,0
DA:64,0
LF:23
LH:0
BRDA:29,0,0,0
BRDA:29,1,0,0
BRDA:29,1,1,0
BRDA:37,2,0,0
BRDA:37,2,1,0
BRDA:38,3,0,0
BRDA:38,3,1,0
BRDA:41,4,0,0
BRDA:41,4,1,0
BRDA:52,5,0,0
BRDA:59,6,0,0
BRDA:59,6,1,0
BRDA:60,7,0,0
BRDA:60,7,1,0
BRDA:61,8,0,0
BRDA:61,8,1,0
BRDA:69,9,0,0
BRDA:69,9,1,0
BRF:18
BRH:0
end_of_record
TN:
SF:src\auth\strategies\google.strategy.ts
FN:23,(anonymous_2)
FN:46,(anonymous_3)
FNF:2
FNH:0
FNDA:0,(anonymous_2)
FNDA:0,(anonymous_3)
DA:3,0
DA:4,0
DA:5,0
DA:6,0
DA:20,0
DA:21,0
DA:23,0
DA:24,0
DA:25,0
DA:26,0
DA:29,0
DA:30,0
DA:36,0
DA:53,0
DA:54,0
DA:55,0
DA:56,0
DA:59,0
DA:61,0
DA:62,0
DA:63,0
DA:73,0
DA:78,0
DA:88,0
LF:24
LH:0
BRDA:29,0,0,0
BRDA:29,1,0,0
BRDA:29,1,1,0
BRDA:37,2,0,0
BRDA:37,2,1,0
BRDA:38,3,0,0
BRDA:38,3,1,0
BRDA:41,4,0,0
BRDA:41,4,1,0
BRDA:54,5,0,0
BRDA:61,6,0,0
BRDA:61,6,1,0
BRDA:62,7,0,0
BRDA:62,7,1,0
BRDA:63,8,0,0
BRDA:63,8,1,0
BRDA:66,9,0,0
BRDA:66,9,1,0
BRDA:66,9,2,0
BRDA:73,10,0,0
BRDA:73,10,1,0
BRDA:73,10,2,0
BRDA:73,10,3,0
BRDA:74,11,0,0
BRDA:74,11,1,0
BRDA:74,12,0,0
BRDA:74,12,1,0
BRF:27
BRH:0
end_of_record
TN:
SF:src\auth\strategies\index.ts
FNF:0
FNH:0
DA:3,0
DA:4,0
DA:5,0
DA:6,0
LF:4
LH:0
BRF:0
BRH:0
end_of_record
TN:
SF:src\auth\strategies\jwt.strategy.ts
FN:15,(anonymous_2)
FN:26,(anonymous_3)
FN:32,(anonymous_4)
FNF:3
FNH:0
FNDA:0,(anonymous_2)
FNDA:0,(anonymous_3)
FNDA:0,(anonymous_4)
DA:2,0
DA:3,0
DA:4,0
DA:5,0
DA:6,0
DA:14,0
DA:16,0
DA:17,0
DA:19,0
DA:27,0
DA:28,0
DA:29,0
DA:33,0
DA:34,0
DA:36,0
DA:37,0
DA:38,0
DA:40,0
DA:41,0
LF:19
LH:0
BRDA:27,0,0,0
BRDA:27,1,0,0
BRDA:27,1,1,0
BRDA:28,2,0,0
BRDA:33,3,0,0
BRDA:37,4,0,0
BRDA:43,5,0,0
BRDA:43,5,1,0
BRDA:44,6,0,0
BRDA:44,6,1,0
BRF:10
BRH:0
end_of_record
TN:
SF:src\auth\strategies\local.strategy.ts
FN:9,(anonymous_2)
FN:13,(anonymous_3)
FNF:2
FNH:0
FNDA:0,(anonymous_2)
FNDA:0,(anonymous_3)
DA:2,0
DA:3,0
DA:4,0
DA:5,0
DA:8,0
DA:9,0
DA:10,0
DA:14,0
DA:15,0
DA:16,0
DA:18,0
LF:11
LH:0
BRDA:15,0,0,0
BRF:1
BRH:0
end_of_record
TN:
SF:src\auth\strategies\oauth-strategies.provider.ts
FN:11,(anonymous_0)
FN:24,(anonymous_1)
FNF:2
FNH:0
FNDA:0,(anonymous_0)
FNDA:0,(anonymous_1)
DA:4,0
DA:5,0
DA:6,0
DA:8,0
DA:12,0
DA:13,0
DA:15,0
DA:16,0
DA:18,0
DA:25,0
DA:26,0
DA:28,0
DA:29,0
DA:31,0
LF:14
LH:0
BRDA:15,0,0,0
BRDA:15,1,0,0
BRDA:15,1,1,0
BRDA:28,2,0,0
BRDA:28,3,0,0
BRDA:28,3,1,0
BRF:6
BRH:0
end_of_record
TN:
SF:src\battle\battle-realtime.service.ts
FN:10,(anonymous_1)
FN:16,(anonymous_2)
FN:20,(anonymous_3)
FN:29,(anonymous_4)
FN:38,(anonymous_5)
FN:47,(anonymous_6)
FN:59,(anonymous_7)
FN:67,(anonymous_8)
FN:72,(anonymous_9)
FN:78,(anonymous_10)
FNF:10
FNH:0
FNDA:0,(anonymous_1)
FNDA:0,(anonymous_2)
FNDA:0,(anonymous_3)
FNDA:0,(anonymous_4)
FNDA:0,(anonymous_5)
FNDA:0,(anonymous_6)
FNDA:0,(anonymous_7)
FNDA:0,(anonymous_8)
FNDA:0,(anonymous_9)
FNDA:0,(anonymous_10)
DA:2,1
DA:10,1
DA:11,0
DA:12,0
DA:14,0
DA:17,0
DA:21,0
DA:22,0
DA:23,0
DA:24,0
DA:26,0
DA:30,0
DA:31,0
DA:32,0
DA:39,0
DA:40,0
DA:41,0
DA:42,0
DA:44,0
DA:48,0
DA:49,0
DA:50,0
DA:52,0
DA:53,0
DA:54,0
DA:55,0
DA:60,0
DA:61,0
DA:62,0
DA:64,0
DA:68,0
DA:69,0
DA:73,0
DA:74,0
DA:75,0
DA:79,0
DA:80,0
DA:81,0
LF:38
LH:2
BRDA:22,0,0,0
BRDA:31,1,0,0
BRDA:31,2,0,0
BRDA:31,2,1,0
BRDA:39,3,0,0
BRDA:42,4,0,0
BRDA:48,5,0,0
BRDA:53,6,0,0
BRDA:60,7,0,0
BRDA:68,8,0,0
BRDA:73,9,0,0
BRDA:79,10,0,0
BRF:12
BRH:0
end_of_record
TN:
SF:src\battle\battle-winner.util.ts
FN:36,scoreSubmittedPlayers
FN:37,(anonymous_1)
FN:49,(anonymous_2)
FN:51,(anonymous_3)
FN:62,(anonymous_4)
FN:63,(anonymous_5)
FN:64,(anonymous_6)
FN:65,(anonymous_7)
FN:66,(anonymous_8)
FN:67,(anonymous_9)
FN:69,(anonymous_10)
FN:74,(anonymous_11)
FN:98,(anonymous_12)
FN:115,inferTeamIndexFromPosition
FN:122,resolveBattleOutcome
FN:132,(anonymous_15)
FN:141,(anonymous_16)
FN:142,(anonymous_17)
FN:142,(anonymous_18)
FN:156,(anonymous_19)
FN:161,(anonymous_20)
FN:168,(anonymous_21)
FN:179,(anonymous_22)
FN:202,(anonymous_23)
FN:212,computeBattleWinner
FN:219,(anonymous_25)
FNF:26
FNH:25
FNDA:4,scoreSubmittedPlayers
FNDA:8,(anonymous_1)
FNDA:8,(anonymous_2)
FNDA:0,(anonymous_3)
FNDA:8,(anonymous_4)
FNDA:8,(anonymous_5)
FNDA:8,(anonymous_6)
FNDA:8,(anonymous_7)
FNDA:8,(anonymous_8)
FNDA:8,(anonymous_9)
FNDA:16,(anonymous_10)
FNDA:8,(anonymous_11)
FNDA:8,(anonymous_12)
FNDA:8,inferTeamIndexFromPosition
FNDA:4,resolveBattleOutcome
FNDA:8,(anonymous_15)
FNDA:8,(anonymous_16)
FNDA:16,(anonymous_17)
FNDA:8,(anonymous_18)
FNDA:8,(anonymous_19)
FNDA:8,(anonymous_20)
FNDA:8,(anonymous_21)
FNDA:4,(anonymous_22)
FNDA:4,(anonymous_23)
FNDA:4,computeBattleWinner
FNDA:8,(anonymous_25)
DA:37,8
DA:49,8
DA:50,4
DA:51,0
DA:62,8
DA:63,8
DA:64,8
DA:65,8
DA:66,8
DA:67,8
DA:69,4
DA:70,16
DA:71,12
DA:72,8
DA:74,4
DA:75,8
DA:76,8
DA:77,0
DA:80,4
DA:81,4
DA:82,8
DA:83,8
DA:84,8
DA:85,8
DA:86,8
DA:87,8
DA:98,4
DA:99,8
DA:100,8
DA:101,8
DA:102,0
DA:115,2
DA:116,8
DA:117,8
DA:118,0
DA:119,0
DA:122,2
DA:131,4
DA:132,8
DA:141,4
DA:142,16
DA:145,4
DA:146,0
DA:147,0
DA:148,0
DA:149,0
DA:151,0
DA:152,0
DA:156,8
DA:157,4
DA:158,0
DA:161,8
DA:168,4
DA:169,8
DA:170,8
DA:179,4
DA:180,4
DA:181,1
DA:182,1
DA:183,1
DA:184,1
DA:185,1
DA:188,4
DA:189,4
DA:191,4
DA:198,4
DA:199,1
DA:202,4
DA:203,3
DA:212,2
DA:219,8
DA:223,4
DA:224,4
LF:73
LH:61
BRDA:42,0,0,8
BRDA:42,0,1,0
BRDA:43,1,0,4
BRDA:43,1,1,4
BRDA:44,2,0,4
BRDA:44,2,1,4
BRDA:45,3,0,4
BRDA:45,3,1,4
BRDA:46,4,0,0
BRDA:46,4,1,8
BRDA:50,5,0,0
BRDA:70,6,0,4
BRDA:71,7,0,4
BRDA:75,8,0,0
BRDA:76,9,0,8
BRDA:82,10,0,5
BRDA:82,10,1,3
BRDA:101,11,0,8
BRDA:116,12,0,0
BRDA:117,13,0,8
BRDA:119,14,0,0
BRDA:119,14,1,0
BRDA:145,15,0,0
BRDA:145,16,0,4
BRDA:145,16,1,4
BRDA:145,16,2,4
BRDA:145,16,3,4
BRDA:148,17,0,0
BRDA:151,18,0,0
BRDA:151,18,1,0
BRDA:157,19,0,0
BRDA:172,20,0,8
BRDA:172,20,1,4
BRDA:173,21,0,8
BRDA:173,21,1,4
BRDA:174,22,0,4
BRDA:174,22,1,4
BRDA:175,23,0,8
BRDA:175,23,1,0
BRDA:180,24,0,3
BRDA:181,25,0,1
BRDA:181,25,1,0
BRDA:182,26,0,1
BRDA:182,26,1,0
BRDA:183,27,0,0
BRDA:184,28,0,0
BRDA:191,29,0,4
BRDA:191,29,1,4
BRDA:191,29,2,1
BRDA:191,29,3,1
BRDA:191,29,4,1
BRDA:193,30,0,1
BRDA:193,30,1,0
BRDA:194,31,0,1
BRDA:194,31,1,0
BRDA:198,32,0,1
BRDA:205,33,0,3
BRDA:205,33,1,0
BRDA:221,34,0,0
BRDA:221,34,1,8
BRF:60
BRH:39
end_of_record
TN:
SF:src\battle\battle.controller.ts
FN:11,(anonymous_4)
FN:16,(anonymous_5)
FN:41,(anonymous_6)
FN:50,(anonymous_7)
FNF:4
FNH:0
FNDA:0,(anonymous_4)
FNDA:0,(anonymous_5)
FNDA:0,(anonymous_6)
FNDA:0,(anonymous_7)
DA:2,0
DA:3,0
DA:4,0
DA:5,0
DA:10,0
DA:11,0
DA:16,0
DA:20,0
DA:21,0
DA:27,0
DA:28,0
DA:29,0
DA:35,0
DA:41,0
DA:42,0
DA:43,0
DA:44,0
DA:50,0
DA:51,0
DA:52,0
DA:53,0
LF:21
LH:0
BRDA:27,0,0,0
BRDA:43,1,0,0
BRDA:52,2,0,0
BRF:3
BRH:0
end_of_record
TN:
SF:src\battle\battle.gateway.ts
FN:37,(anonymous_4)
FN:42,(anonymous_5)
FN:46,(anonymous_6)
FN:57,(anonymous_7)
FN:88,(anonymous_8)
FN:98,(anonymous_9)
FN:105,(anonymous_10)
FN:133,(anonymous_11)
FN:140,(anonymous_12)
FN:161,(anonymous_13)
FN:184,(anonymous_14)
FN:25,(anonymous_15)
FNF:12
FNH:0
FNDA:0,(anonymous_4)
FNDA:0,(anonymous_5)
FNDA:0,(anonymous_6)
FNDA:0,(anonymous_7)
FNDA:0,(anonymous_8)
FNDA:0,(anonymous_9)
FNDA:0,(anonymous_10)
FNDA:0,(anonymous_11)
FNDA:0,(anonymous_12)
FNDA:0,(anonymous_13)
FNDA:0,(anonymous_14)
FNDA:0,(anonymous_15)
DA:2,0
DA:12,0
DA:13,0
DA:14,0
DA:15,0
DA:16,0
DA:25,0
DA:31,0
DA:33,0
DA:35,0
DA:38,0
DA:39,0
DA:43,0
DA:47,0
DA:48,0
DA:50,0
DA:51,0
DA:52,0
DA:54,0
DA:58,0
DA:59,0
DA:60,0
DA:61,0
DA:62,0
DA:65,0
DA:66,0
DA:67,0
DA:68,0
DA:71,0
DA:72,0
DA:76,0
DA:83,0
DA:84,0
DA:89,0
DA:90,0
DA:91,0
DA:92,0
DA:93,0
DA:95,0
DA:99,0
DA:100,0
DA:101,0
DA:105,0
DA:109,0
DA:110,0
DA:111,0
DA:113,0
DA:114,0
DA:120,0
DA:121,0
DA:122,0
DA:124,0
DA:126,0
DA:127,0
DA:128,0
DA:133,0
DA:134,0
DA:135,0
DA:136,0
DA:140,0
DA:144,0
DA:145,0
DA:146,0
DA:147,0
DA:149,0
DA:150,0
DA:151,0
DA:152,0
DA:153,0
DA:155,0
DA:156,0
DA:161,0
DA:168,0
DA:169,0
DA:170,0
DA:171,0
DA:172,0
DA:174,0
DA:175,0
DA:176,0
DA:178,0
DA:179,0
DA:184,0
DA:188,0
DA:189,0
DA:190,0
DA:191,0
DA:192,0
DA:193,0
DA:194,0
DA:196,0
DA:197,0
LF:92
LH:0
BRDA:48,0,0,0
BRDA:48,1,0,0
BRDA:48,1,1,0
BRDA:51,2,0,0
BRDA:51,3,0,0
BRDA:51,3,1,0
BRDA:59,4,0,0
BRDA:66,5,0,0
BRDA:79,6,0,0
BRDA:79,6,1,0
BRDA:80,7,0,0
BRDA:80,7,1,0
BRDA:90,8,0,0
BRDA:92,9,0,0
BRDA:109,10,0,0
BRDA:120,11,0,0
BRDA:126,12,0,0
BRDA:126,12,1,0
BRDA:134,13,0,0
BRDA:144,14,0,0
BRDA:145,15,0,0
BRDA:145,15,1,0
BRDA:146,16,0,0
BRDA:155,17,0,0
BRDA:155,17,1,0
BRDA:168,18,0,0
BRDA:169,19,0,0
BRDA:169,19,1,0
BRDA:170,20,0,0
BRDA:170,20,1,0
BRDA:171,21,0,0
BRDA:171,21,1,0
BRDA:172,22,0,0
BRDA:172,23,0,0
BRDA:172,23,1,0
BRDA:178,24,0,0
BRDA:178,24,1,0
BRDA:188,25,0,0
BRDA:189,26,0,0
BRDA:189,26,1,0
BRDA:190,27,0,0
BRDA:196,28,0,0
BRDA:196,28,1,0
BRDA:21,29,0,0
BRDA:21,29,1,0
BRDA:21,30,0,0
BRDA:21,30,1,0
BRDA:23,31,0,0
BRDA:23,31,1,0
BRF:49
BRH:0
end_of_record
TN:
SF:src\battle\battle.module.ts
FNF:0
FNH:0
DA:2,0
DA:3,0
DA:4,0
DA:5,0
DA:6,0
DA:7,0
DA:8,0
DA:9,0
DA:10,0
DA:11,0
DA:12,0
DA:26,0
LF:12
LH:0
BRF:0
BRH:0
end_of_record
TN:
SF:src\battle\battle.service.ts
FN:42,normalizeBattleQueueMode
FN:63,(anonymous_5)
FN:71,(anonymous_6)
FN:76,(anonymous_7)
FN:80,(anonymous_8)
FN:89,(anonymous_9)
FN:92,(anonymous_10)
FN:101,(anonymous_11)
FN:106,(anonymous_12)
FN:116,(anonymous_13)
FN:121,(anonymous_14)
FN:147,(anonymous_15)
FN:152,(anonymous_16)
FN:158,(anonymous_17)
FN:175,(anonymous_18)
FN:184,(anonymous_19)
FN:187,(anonymous_20)
FN:188,(anonymous_21)
FN:213,(anonymous_22)
FN:217,(anonymous_23)
FN:240,(anonymous_24)
FN:244,(anonymous_25)
FN:248,(anonymous_26)
FN:261,(anonymous_27)
FN:271,(anonymous_28)
FN:274,(anonymous_29)
FN:286,(anonymous_30)
FN:309,(anonymous_31)
FN:316,(anonymous_32)
FN:320,(anonymous_33)
FN:335,(anonymous_34)
FN:352,(anonymous_35)
FN:354,(anonymous_36)
FN:358,(anonymous_37)
FN:365,(anonymous_38)
FN:373,(anonymous_39)
FN:386,(anonymous_40)
FN:397,(anonymous_41)
FN:412,(anonymous_42)
FN:437,(anonymous_43)
FN:446,(anonymous_44)
FN:486,(anonymous_45)
FN:494,(anonymous_46)
FN:506,(anonymous_47)
FN:525,(anonymous_48)
FN:570,(anonymous_49)
FN:574,(anonymous_50)
FN:577,(anonymous_51)
FN:582,(anonymous_52)
FN:615,(anonymous_53)
FN:626,(anonymous_54)
FN:627,(anonymous_55)
FN:643,(anonymous_56)
FN:661,(anonymous_57)
FN:679,(anonymous_58)
FN:690,(anonymous_59)
FN:694,(anonymous_60)
FNF:57
FNH:6
FNDA:0,normalizeBattleQueueMode
FNDA:1,(anonymous_5)
FNDA:0,(anonymous_6)
FNDA:0,(anonymous_7)
FNDA:0,(anonymous_8)
FNDA:0,(anonymous_9)
FNDA:0,(anonymous_10)
FNDA:0,(anonymous_11)
FNDA:0,(anonymous_12)
FNDA:0,(anonymous_13)
FNDA:0,(anonymous_14)
FNDA:0,(anonymous_15)
FNDA:0,(anonymous_16)
FNDA:0,(anonymous_17)
FNDA:0,(anonymous_18)
FNDA:0,(anonymous_19)
FNDA:0,(anonymous_20)
FNDA:0,(anonymous_21)
FNDA:0,(anonymous_22)
FNDA:0,(anonymous_23)
FNDA:0,(anonymous_24)
FNDA:0,(anonymous_25)
FNDA:0,(anonymous_26)
FNDA:0,(anonymous_27)
FNDA:0,(anonymous_28)
FNDA:0,(anonymous_29)
FNDA:0,(anonymous_30)
FNDA:0,(anonymous_31)
FNDA:0,(anonymous_32)
FNDA:0,(anonymous_33)
FNDA:0,(anonymous_34)
FNDA:0,(anonymous_35)
FNDA:0,(anonymous_36)
FNDA:0,(anonymous_37)
FNDA:0,(anonymous_38)
FNDA:0,(anonymous_39)
FNDA:0,(anonymous_40)
FNDA:1,(anonymous_41)
FNDA:1,(anonymous_42)
FNDA:1,(anonymous_43)
FNDA:1,(anonymous_44)
FNDA:2,(anonymous_45)
FNDA:0,(anonymous_46)
FNDA:0,(anonymous_47)
FNDA:0,(anonymous_48)
FNDA:0,(anonymous_49)
FNDA:0,(anonymous_50)
FNDA:0,(anonymous_51)
FNDA:0,(anonymous_52)
FNDA:0,(anonymous_53)
FNDA:0,(anonymous_54)
FNDA:0,(anonymous_55)
FNDA:0,(anonymous_56)
FNDA:0,(anonymous_57)
FNDA:0,(anonymous_58)
FNDA:0,(anonymous_59)
FNDA:0,(anonymous_60)
DA:2,1
DA:9,1
DA:10,1
DA:11,1
DA:12,1
DA:13,1
DA:14,1
DA:15,1
DA:16,1
DA:22,1
DA:33,1
DA:42,1
DA:43,0
DA:44,0
DA:48,1
DA:49,1
DA:50,1
DA:57,1
DA:58,1
DA:64,1
DA:65,1
DA:66,1
DA:67,1
DA:68,1
DA:72,0
DA:73,0
DA:77,0
DA:78,0
DA:79,0
DA:80,0
DA:81,0
DA:82,0
DA:83,0
DA:84,0
DA:90,0
DA:91,0
DA:92,0
DA:93,0
DA:94,0
DA:95,0
DA:96,0
DA:102,0
DA:106,0
DA:108,0
DA:111,0
DA:113,0
DA:117,0
DA:118,0
DA:119,0
DA:120,0
DA:121,0
DA:130,0
DA:143,0
DA:148,0
DA:149,0
DA:153,0
DA:154,0
DA:155,0
DA:157,0
DA:158,0
DA:159,0
DA:160,0
DA:161,0
DA:163,0
DA:165,0
DA:166,0
DA:167,0
DA:169,0
DA:170,0
DA:171,0
DA:172,0
DA:176,0
DA:177,0
DA:178,0
DA:179,0
DA:181,0
DA:184,0
DA:187,0
DA:188,0
DA:190,0
DA:193,0
DA:205,0
DA:213,0
DA:218,0
DA:219,0
DA:220,0
DA:222,0
DA:223,0
DA:224,0
DA:225,0
DA:226,0
DA:232,0
DA:240,0
DA:245,0
DA:246,0
DA:247,0
DA:248,0
DA:249,0
DA:251,0
DA:253,0
DA:259,0
DA:260,0
DA:261,0
DA:263,0
DA:264,0
DA:265,0
DA:266,0
DA:268,0
DA:272,0
DA:273,0
DA:274,0
DA:275,0
DA:276,0
DA:277,0
DA:287,0
DA:288,0
DA:289,0
DA:310,0
DA:311,0
DA:312,0
DA:317,0
DA:318,0
DA:319,0
DA:320,0
DA:322,0
DA:323,0
DA:324,0
DA:325,0
DA:329,0
DA:335,0
DA:341,0
DA:342,0
DA:344,0
DA:353,0
DA:354,0
DA:355,0
DA:357,0
DA:358,0
DA:359,0
DA:361,0
DA:362,0
DA:366,0
DA:367,0
DA:368,0
DA:369,0
DA:370,0
DA:374,0
DA:375,0
DA:376,0
DA:377,0
DA:379,0
DA:380,0
DA:386,0
DA:392,0
DA:393,0
DA:403,1
DA:404,1
DA:405,1
DA:406,0
DA:408,1
DA:409,0
DA:412,1
DA:413,1
DA:414,1
DA:415,1
DA:416,0
DA:419,1
DA:428,1
DA:429,0
DA:432,1
DA:433,1
DA:434,0
DA:436,1
DA:437,1
DA:441,1
DA:442,0
DA:445,1
DA:446,1
DA:447,1
DA:449,1
DA:459,1
DA:476,1
DA:477,0
DA:480,1
DA:486,2
DA:487,1
DA:488,0
DA:491,1
DA:495,0
DA:497,0
DA:498,0
DA:500,0
DA:501,0
DA:502,0
DA:505,0
DA:506,0
DA:507,0
DA:508,0
DA:510,0
DA:511,0
DA:523,0
DA:524,0
DA:525,0
DA:527,0
DA:543,0
DA:545,0
DA:546,0
DA:547,0
DA:563,0
DA:565,0
DA:567,0
DA:571,0
DA:572,0
DA:573,0
DA:574,0
DA:575,0
DA:577,0
DA:579,0
DA:582,0
DA:584,0
DA:587,0
DA:589,0
DA:591,0
DA:593,0
DA:609,0
DA:610,0
DA:611,0
DA:616,0
DA:627,0
DA:628,0
DA:629,0
DA:643,0
DA:661,0
DA:680,0
DA:681,0
DA:691,0
DA:692,0
DA:693,0
DA:694,0
DA:695,0
DA:696,0
LF:241
LH:47
BRDA:22,0,0,1
BRDA:22,0,1,1
BRDA:43,1,0,0
BRDA:43,2,0,0
BRDA:43,2,1,0
BRDA:43,2,2,0
BRDA:43,2,3,0
BRDA:72,3,0,0
BRDA:72,3,1,0
BRDA:73,4,0,0
BRDA:73,4,1,0
BRDA:77,5,0,0
BRDA:81,6,0,0
BRDA:93,7,0,0
BRDA:108,8,0,0
BRDA:108,8,1,0
BRDA:118,9,0,0
BRDA:124,10,0,0
BRDA:124,10,1,0
BRDA:157,11,0,0
BRDA:159,12,0,0
BRDA:160,13,0,0
BRDA:160,13,1,0
BRDA:167,14,0,0
BRDA:181,15,0,0
BRDA:181,15,1,0
BRDA:190,16,0,0
BRDA:190,16,1,0
BRDA:190,17,0,0
BRDA:190,17,1,0
BRDA:218,18,0,0
BRDA:218,18,1,0
BRDA:225,19,0,0
BRDA:225,19,1,0
BRDA:225,20,0,0
BRDA:225,20,1,0
BRDA:226,21,0,0
BRDA:226,21,1,0
BRDA:228,22,0,0
BRDA:228,22,1,0
BRDA:235,23,0,0
BRDA:235,23,1,0
BRDA:235,24,0,0
BRDA:235,24,1,0
BRDA:238,25,0,0
BRDA:238,25,1,0
BRDA:238,26,0,0
BRDA:238,26,1,0
BRDA:247,27,0,0
BRDA:249,28,0,0
BRDA:251,29,0,0
BRDA:260,30,0,0
BRDA:260,31,0,0
BRDA:260,31,1,0
BRDA:261,32,0,0
BRDA:264,33,0,0
BRDA:268,34,0,0
BRDA:268,34,1,0
BRDA:273,35,0,0
BRDA:273,36,0,0
BRDA:273,36,1,0
BRDA:274,37,0,0
BRDA:318,38,0,0
BRDA:320,39,0,0
BRDA:322,40,0,0
BRDA:322,40,1,0
BRDA:322,41,0,0
BRDA:322,41,1,0
BRDA:341,42,0,0
BRDA:341,42,1,0
BRDA:367,43,0,0
BRDA:368,44,0,0
BRDA:369,45,0,0
BRDA:375,46,0,0
BRDA:375,47,0,0
BRDA:375,47,1,0
BRDA:375,47,2,0
BRDA:386,48,0,0
BRDA:386,48,1,0
BRDA:392,49,0,0
BRDA:405,50,0,0
BRDA:405,51,0,1
BRDA:405,51,1,1
BRDA:408,52,0,0
BRDA:408,53,0,1
BRDA:408,53,1,1
BRDA:413,54,0,0
BRDA:414,55,0,0
BRDA:415,56,0,0
BRDA:428,57,0,0
BRDA:433,58,0,0
BRDA:436,59,0,0
BRDA:436,59,1,1
BRDA:437,60,0,1
BRDA:437,60,1,0
BRDA:438,61,0,1
BRDA:438,61,1,0
BRDA:439,62,0,1
BRDA:439,62,1,0
BRDA:441,63,0,0
BRDA:446,64,0,1
BRDA:446,64,1,0
BRDA:447,65,0,1
BRDA:447,65,1,1
BRDA:476,66,0,0
BRDA:487,67,0,0
BRDA:498,68,0,0
BRDA:510,69,0,0
BRDA:510,69,1,0
BRDA:523,70,0,0
BRDA:523,70,1,0
BRDA:534,71,0,0
BRDA:534,71,1,0
BRDA:535,72,0,0
BRDA:535,72,1,0
BRDA:535,73,0,0
BRDA:535,73,1,0
BRDA:543,74,0,0
BRDA:547,75,0,0
BRDA:547,75,1,0
BRDA:573,76,0,0
BRDA:573,77,0,0
BRDA:573,77,1,0
BRDA:575,78,0,0
BRDA:579,79,0,0
BRDA:579,79,1,0
BRDA:584,80,0,0
BRDA:584,80,1,0
BRDA:589,81,0,0
BRDA:601,82,0,0
BRDA:601,82,1,0
BRDA:609,83,0,0
BRDA:621,84,0,0
BRDA:621,84,1,0
BRDA:622,85,0,0
BRDA:622,85,1,0
BRDA:633,86,0,0
BRDA:633,86,1,0
BRDA:635,87,0,0
BRDA:635,87,1,0
BRDA:639,88,0,0
BRDA:639,88,1,0
BRDA:640,89,0,0
BRDA:640,89,1,0
BRDA:641,90,0,0
BRDA:641,90,1,0
BRDA:647,91,0,0
BRDA:647,91,1,0
BRDA:652,92,0,0
BRDA:652,92,1,0
BRDA:653,93,0,0
BRDA:653,93,1,0
BRDA:663,94,0,0
BRDA:663,94,1,0
BRDA:668,95,0,0
BRDA:668,95,1,0
BRDA:670,96,0,0
BRDA:670,96,1,0
BRDA:693,97,0,0
BRDA:695,98,0,0
BRF:160
BRH:13
end_of_record
TN:
SF:src\battle\schemas\battle.schema.ts
FN:59,(anonymous_2)
FN:85,(anonymous_3)
FN:132,(anonymous_4)
FNF:3
FNH:0
FNDA:0,(anonymous_2)
FNDA:0,(anonymous_3)
FNDA:0,(anonymous_4)
DA:2,1
DA:3,1
DA:13,1
DA:15,1
DA:18,1
DA:21,1
DA:24,1
DA:27,1
DA:30,1
DA:33,1
DA:35,1
DA:38,1
DA:41,1
DA:44,1
DA:47,1
DA:50,1
DA:53,1
DA:57,1
DA:59,0
DA:60,1
DA:63,1
DA:66,1
DA:68,1
DA:71,1
DA:74,1
DA:77,1
DA:80,1
DA:83,1
DA:85,0
DA:86,1
DA:89,1
DA:92,1
DA:94,1
DA:97,1
DA:100,1
DA:103,1
DA:106,1
DA:109,1
DA:112,1
DA:115,1
DA:119,1
DA:122,1
DA:125,1
DA:128,1
DA:132,0
DA:139,1
DA:147,1
DA:148,1
DA:149,1
LF:49
LH:46
BRF:0
BRH:0
end_of_record
TN:
SF:src\challenges\challenge-xp.util.ts
FN:10,timeXpMultiplier
FN:17,sumHintCosts
FNF:2
FNH:0
FNDA:0,timeXpMultiplier
FNDA:0,sumHintCosts
DA:2,1
DA:5,1
DA:10,1
DA:11,0
DA:12,0
DA:13,0
DA:14,0
DA:17,1
DA:22,0
DA:23,0
DA:24,0
DA:25,0
DA:26,0
DA:27,0
DA:29,0
LF:15
LH:4
BRDA:12,0,0,0
BRDA:12,1,0,0
BRDA:12,1,1,0
BRDA:20,2,0,0
BRDA:22,3,0,0
BRDA:25,4,0,0
BRDA:25,5,0,0
BRDA:25,5,1,0
BRDA:25,5,2,0
BRDA:27,6,0,0
BRDA:27,6,1,0
BRDA:27,7,0,0
BRDA:27,7,1,0
BRF:13
BRH:0
end_of_record
TN:
SF:src\challenges\challenges.controller.ts
FN:23,(anonymous_4)
FN:29,(anonymous_5)
FN:38,(anonymous_6)
FN:47,(anonymous_7)
FN:56,(anonymous_8)
FN:64,(anonymous_9)
FN:72,(anonymous_10)
FN:82,(anonymous_11)
FN:90,(anonymous_12)
FN:99,(anonymous_13)
FN:108,(anonymous_14)
FN:116,(anonymous_15)
FN:125,(anonymous_16)
FN:131,(anonymous_17)
FN:142,(anonymous_18)
FN:151,(anonymous_19)
FN:159,(anonymous_20)
FN:171,(anonymous_21)
FN:183,(anonymous_22)
FN:194,(anonymous_23)
FN:203,(anonymous_24)
FN:212,(anonymous_25)
FN:221,(anonymous_26)
FN:230,(anonymous_27)
FNF:24
FNH:0
FNDA:0,(anonymous_4)
FNDA:0,(anonymous_5)
FNDA:0,(anonymous_6)
FNDA:0,(anonymous_7)
FNDA:0,(anonymous_8)
FNDA:0,(anonymous_9)
FNDA:0,(anonymous_10)
FNDA:0,(anonymous_11)
FNDA:0,(anonymous_12)
FNDA:0,(anonymous_13)
FNDA:0,(anonymous_14)
FNDA:0,(anonymous_15)
FNDA:0,(anonymous_16)
FNDA:0,(anonymous_17)
FNDA:0,(anonymous_18)
FNDA:0,(anonymous_19)
FNDA:0,(anonymous_20)
FNDA:0,(anonymous_21)
FNDA:0,(anonymous_22)
FNDA:0,(anonymous_23)
FNDA:0,(anonymous_24)
FNDA:0,(anonymous_25)
FNDA:0,(anonymous_26)
FNDA:0,(anonymous_27)
DA:2,0
DA:3,0
DA:4,0
DA:5,0
DA:13,0
DA:14,0
DA:15,0
DA:16,0
DA:17,0
DA:18,0
DA:22,0
DA:23,0
DA:29,0
DA:30,0
DA:38,0
DA:39,0
DA:47,0
DA:48,0
DA:49,0
DA:56,0
DA:57,0
DA:64,0
DA:65,0
DA:72,0
DA:77,0
DA:82,0
DA:83,0
DA:90,0
DA:91,0
DA:99,0
DA:100,0
DA:108,0
DA:109,0
DA:116,0
DA:117,0
DA:125,0
DA:126,0
DA:131,0
DA:132,0
DA:142,0
DA:143,0
DA:151,0
DA:152,0
DA:159,0
DA:164,0
DA:171,0
DA:176,0
DA:183,0
DA:184,0
DA:194,0
DA:195,0
DA:203,0
DA:204,0
DA:212,0
DA:213,0
DA:221,0
DA:222,0
DA:230,0
DA:231,0
LF:59
LH:0
BRDA:48,0,0,0
BRDA:48,0,1,0
BRDA:49,1,0,0
BRDA:49,1,1,0
BRF:4
BRH:0
end_of_record
TN:
SF:src\challenges\challenges.module.ts
FNF:0
FNH:0
DA:2,0
DA:3,0
DA:4,0
DA:5,0
DA:6,0
DA:7,0
DA:8,0
DA:9,0
DA:10,0
DA:11,0
DA:12,0
DA:13,0
DA:14,0
DA:15,0
DA:16,0
DA:37,0
LF:16
LH:0
BRF:0
BRH:0
end_of_record
TN:
SF:src\challenges\challenges.service.ts
FN:35,(anonymous_4)
FN:58,(anonymous_5)
FN:70,(anonymous_6)
FN:74,(anonymous_7)
FN:83,(anonymous_8)
FN:92,(anonymous_9)
FN:98,(anonymous_10)
FN:99,(anonymous_11)
FN:104,(anonymous_12)
FN:110,(anonymous_13)
FN:114,(anonymous_14)
FN:200,(anonymous_15)
FN:233,(anonymous_16)
FN:315,(anonymous_17)
FN:361,(anonymous_18)
FN:372,(anonymous_19)
FN:404,(anonymous_20)
FN:419,(anonymous_21)
FN:444,(anonymous_22)
FN:478,(anonymous_23)
FN:504,(anonymous_24)
FN:519,(anonymous_25)
FN:530,(anonymous_26)
FN:544,(anonymous_27)
FN:553,(anonymous_28)
FN:573,(anonymous_29)
FN:582,(anonymous_30)
FN:605,(anonymous_31)
FN:615,(anonymous_32)
FN:625,(anonymous_33)
FN:626,(anonymous_34)
FN:642,(anonymous_35)
FN:654,(anonymous_36)
FN:677,(anonymous_37)
FN:686,(anonymous_38)
FN:715,(anonymous_39)
FN:726,(anonymous_40)
FN:748,(anonymous_41)
FN:761,(anonymous_42)
FN:762,(anonymous_43)
FN:770,(anonymous_44)
FN:867,(anonymous_45)
FN:871,(anonymous_46)
FN:911,(anonymous_47)
FN:928,(anonymous_48)
FN:943,(anonymous_49)
FN:987,(anonymous_50)
FN:993,(anonymous_51)
FN:1005,(anonymous_52)
FN:1014,(anonymous_53)
FN:1107,(anonymous_54)
FN:1116,(anonymous_55)
FN:1127,(anonymous_56)
FN:1151,(anonymous_57)
FN:1156,(anonymous_58)
FN:1194,(anonymous_59)
FN:1200,(anonymous_60)
FN:1211,(anonymous_61)
FN:1215,(anonymous_62)
FN:1229,(anonymous_63)
FN:1237,(anonymous_64)
FN:1257,(anonymous_65)
FN:1299,(anonymous_66)
FN:1300,(anonymous_67)
FNF:64
FNH:0
FNDA:0,(anonymous_4)
FNDA:0,(anonymous_5)
FNDA:0,(anonymous_6)
FNDA:0,(anonymous_7)
FNDA:0,(anonymous_8)
FNDA:0,(anonymous_9)
FNDA:0,(anonymous_10)
FNDA:0,(anonymous_11)
FNDA:0,(anonymous_12)
FNDA:0,(anonymous_13)
FNDA:0,(anonymous_14)
FNDA:0,(anonymous_15)
FNDA:0,(anonymous_16)
FNDA:0,(anonymous_17)
FNDA:0,(anonymous_18)
FNDA:0,(anonymous_19)
FNDA:0,(anonymous_20)
FNDA:0,(anonymous_21)
FNDA:0,(anonymous_22)
FNDA:0,(anonymous_23)
FNDA:0,(anonymous_24)
FNDA:0,(anonymous_25)
FNDA:0,(anonymous_26)
FNDA:0,(anonymous_27)
FNDA:0,(anonymous_28)
FNDA:0,(anonymous_29)
FNDA:0,(anonymous_30)
FNDA:0,(anonymous_31)
FNDA:0,(anonymous_32)
FNDA:0,(anonymous_33)
FNDA:0,(anonymous_34)
FNDA:0,(anonymous_35)
FNDA:0,(anonymous_36)
FNDA:0,(anonymous_37)
FNDA:0,(anonymous_38)
FNDA:0,(anonymous_39)
FNDA:0,(anonymous_40)
FNDA:0,(anonymous_41)
FNDA:0,(anonymous_42)
FNDA:0,(anonymous_43)
FNDA:0,(anonymous_44)
FNDA:0,(anonymous_45)
FNDA:0,(anonymous_46)
FNDA:0,(anonymous_47)
FNDA:0,(anonymous_48)
FNDA:0,(anonymous_49)
FNDA:0,(anonymous_50)
FNDA:0,(anonymous_51)
FNDA:0,(anonymous_52)
FNDA:0,(anonymous_53)
FNDA:0,(anonymous_54)
FNDA:0,(anonymous_55)
FNDA:0,(anonymous_56)
FNDA:0,(anonymous_57)
FNDA:0,(anonymous_58)
FNDA:0,(anonymous_59)
FNDA:0,(anonymous_60)
FNDA:0,(anonymous_61)
FNDA:0,(anonymous_62)
FNDA:0,(anonymous_63)
FNDA:0,(anonymous_64)
FNDA:0,(anonymous_65)
FNDA:0,(anonymous_66)
FNDA:0,(anonymous_67)
DA:3,1
DA:9,1
DA:10,1
DA:11,1
DA:12,1
DA:13,1
DA:14,1
DA:15,1
DA:24,1
DA:25,1
DA:26,1
DA:27,1
DA:28,1
DA:29,1
DA:31,1
DA:34,1
DA:39,0
DA:40,0
DA:41,0
DA:42,0
DA:46,0
DA:47,0
DA:48,0
DA:49,0
DA:50,0
DA:51,0
DA:52,0
DA:55,0
DA:59,0
DA:60,0
DA:61,0
DA:62,0
DA:63,0
DA:64,0
DA:65,0
DA:66,0
DA:71,0
DA:75,0
DA:84,0
DA:95,0
DA:97,0
DA:98,0
DA:99,0
DA:101,0
DA:103,0
DA:104,0
DA:109,0
DA:110,0
DA:113,0
DA:114,0
DA:117,0
DA:129,0
DA:140,0
DA:165,0
DA:197,0
DA:201,0
DA:202,0
DA:203,0
DA:204,0
DA:205,0
DA:207,0
DA:211,1
DA:231,0
DA:242,0
DA:244,0
DA:245,0
DA:269,0
DA:270,0
DA:292,0
DA:316,0
DA:317,0
DA:320,0
DA:322,0
DA:323,0
DA:327,0
DA:328,0
DA:329,0
DA:330,0
DA:336,0
DA:352,0
DA:353,0
DA:354,0
DA:357,0
DA:362,0
DA:363,0
DA:366,0
DA:367,0
DA:368,0
DA:374,0
DA:375,0
DA:377,0
DA:378,0
DA:380,0
DA:381,0
DA:382,0
DA:383,0
DA:384,0
DA:388,0
DA:389,0
DA:395,0
DA:399,0
DA:400,0
DA:405,0
DA:406,0
DA:408,0
DA:409,0
DA:415,0
DA:420,0
DA:421,0
DA:422,0
DA:423,0
DA:424,0
DA:425,0
DA:426,0
DA:428,0
DA:434,0
DA:435,0
DA:437,0
DA:448,0
DA:449,0
DA:453,0
DA:454,0
DA:455,0
DA:456,0
DA:461,0
DA:462,0
DA:463,0
DA:465,0
DA:471,0
DA:472,0
DA:474,0
DA:479,0
DA:480,0
DA:482,0
DA:483,0
DA:484,0
DA:485,0
DA:487,0
DA:489,0
DA:501,0
DA:502,0
DA:503,0
DA:504,0
DA:505,0
DA:506,0
DA:507,0
DA:510,0
DA:520,0
DA:525,0
DA:526,0
DA:531,0
DA:538,0
DA:539,0
DA:540,0
DA:545,0
DA:550,0
DA:552,0
DA:553,0
DA:554,0
DA:555,0
DA:556,0
DA:557,0
DA:558,0
DA:559,0
DA:560,0
DA:561,0
DA:562,0
DA:563,0
DA:564,0
DA:569,0
DA:570,0
DA:574,0
DA:579,0
DA:581,0
DA:582,0
DA:583,0
DA:584,0
DA:585,0
DA:586,0
DA:587,0
DA:588,0
DA:589,0
DA:590,0
DA:594,0
DA:606,0
DA:607,0
DA:608,0
DA:609,0
DA:611,0
DA:612,0
DA:613,0
DA:615,0
DA:619,0
DA:620,0
DA:625,0
DA:626,0
DA:635,0
DA:643,0
DA:650,0
DA:655,0
DA:656,0
DA:658,0
DA:659,0
DA:661,0
DA:668,0
DA:669,0
DA:677,0
DA:678,0
DA:687,0
DA:688,0
DA:689,0
DA:690,0
DA:691,0
DA:692,0
DA:694,0
DA:695,0
DA:698,0
DA:705,0
DA:706,0
DA:714,0
DA:715,0
DA:716,0
DA:719,0
DA:728,0
DA:733,0
DA:735,0
DA:736,0
DA:737,0
DA:740,0
DA:743,0
DA:744,0
DA:748,0
DA:752,0
DA:753,0
DA:759,0
DA:760,0
DA:761,0
DA:762,0
DA:769,0
DA:770,0
DA:771,0
DA:774,0
DA:781,0
DA:782,0
DA:786,0
DA:787,0
DA:791,0
DA:794,0
DA:795,0
DA:809,0
DA:817,0
DA:821,0
DA:822,0
DA:823,0
DA:829,0
DA:830,0
DA:831,0
DA:832,0
DA:833,0
DA:835,0
DA:844,0
DA:845,0
DA:846,0
DA:848,0
DA:855,0
DA:857,0
DA:858,0
DA:859,0
DA:867,0
DA:871,0
DA:872,0
DA:873,0
DA:874,0
DA:876,0
DA:877,0
DA:878,0
DA:879,0
DA:888,0
DA:898,0
DA:912,0
DA:913,0
DA:915,0
DA:921,0
DA:922,0
DA:925,0
DA:929,0
DA:930,0
DA:940,0
DA:944,0
DA:950,0
DA:955,0
DA:957,0
DA:958,0
DA:963,0
DA:969,0
DA:970,0
DA:973,0
DA:978,0
DA:979,0
DA:986,0
DA:987,0
DA:994,0
DA:1001,0
DA:1006,0
DA:1007,0
DA:1008,0
DA:1011,0
DA:1015,0
DA:1016,0
DA:1019,0
DA:1021,0
DA:1060,0
DA:1098,0
DA:1107,0
DA:1117,0
DA:1118,0
DA:1120,0
DA:1128,0
DA:1129,0
DA:1131,0
DA:1143,0
DA:1152,0
DA:1153,0
DA:1155,0
DA:1156,0
DA:1158,0
DA:1160,0
DA:1167,0
DA:1168,0
DA:1169,0
DA:1179,0
DA:1180,0
DA:1184,0
DA:1185,0
DA:1186,0
DA:1194,0
DA:1197,0
DA:1203,0
DA:1204,0
DA:1205,0
DA:1211,0
DA:1212,0
DA:1216,0
DA:1217,0
DA:1218,0
DA:1219,0
DA:1220,0
DA:1221,0
DA:1222,0
DA:1223,0
DA:1226,0
DA:1230,0
DA:1231,0
DA:1232,0
DA:1233,0
DA:1238,0
DA:1239,0
DA:1240,0
DA:1257,0
DA:1258,0
DA:1259,0
DA:1266,0
DA:1267,0
DA:1268,0
DA:1269,0
DA:1270,0
DA:1273,0
DA:1274,0
DA:1277,0
DA:1278,0
DA:1279,0
DA:1280,0
DA:1282,0
DA:1283,0
DA:1284,0
DA:1285,0
DA:1287,0
DA:1288,0
DA:1289,0
DA:1290,0
DA:1291,0
DA:1292,0
DA:1293,0
DA:1296,0
DA:1299,0
DA:1300,0
DA:1309,0
LF:387
LH:17
BRDA:40,0,0,0
BRDA:40,0,1,0
BRDA:41,1,0,0
BRDA:41,1,1,0
BRDA:49,2,0,0
BRDA:49,2,1,0
BRDA:49,3,0,0
BRDA:49,3,1,0
BRDA:51,4,0,0
BRDA:51,5,0,0
BRDA:51,5,1,0
BRDA:71,6,0,0
BRDA:71,6,1,0
BRDA:95,7,0,0
BRDA:95,8,0,0
BRDA:95,8,1,0
BRDA:98,9,0,0
BRDA:98,9,1,0
BRDA:98,10,0,0
BRDA:98,10,1,0
BRDA:99,11,0,0
BRDA:99,11,1,0
BRDA:101,12,0,0
BRDA:201,13,0,0
BRDA:204,14,0,0
BRDA:204,14,1,0
BRDA:242,15,0,0
BRDA:242,15,1,0
BRDA:244,16,0,0
BRDA:269,17,0,0
BRDA:316,18,0,0
BRDA:316,18,1,0
BRDA:317,19,0,0
BRDA:317,19,1,0
BRDA:317,20,0,0
BRDA:317,20,1,0
BRDA:322,21,0,0
BRDA:322,21,1,0
BRDA:323,22,0,0
BRDA:323,22,1,0
BRDA:331,23,0,0
BRDA:331,23,1,0
BRDA:331,23,2,0
BRDA:344,24,0,0
BRDA:344,24,1,0
BRDA:346,25,0,0
BRDA:346,25,1,0
BRDA:347,26,0,0
BRDA:347,26,1,0
BRDA:352,27,0,0
BRDA:362,28,0,0
BRDA:363,29,0,0
BRDA:363,29,1,0
BRDA:374,30,0,0
BRDA:377,31,0,0
BRDA:381,32,0,0
BRDA:381,33,0,0
BRDA:381,33,1,0
BRDA:381,33,2,0
BRDA:383,34,0,0
BRDA:384,35,0,0
BRDA:384,35,1,0
BRDA:388,36,0,0
BRDA:388,37,0,0
BRDA:388,37,1,0
BRDA:399,38,0,0
BRDA:406,39,0,0
BRDA:424,40,0,0
BRDA:430,41,0,0
BRDA:430,41,1,0
BRDA:448,42,0,0
BRDA:461,43,0,0
BRDA:467,44,0,0
BRDA:467,44,1,0
BRDA:479,45,0,0
BRDA:479,46,0,0
BRDA:482,47,0,0
BRDA:483,48,0,0
BRDA:484,49,0,0
BRDA:485,50,0,0
BRDA:501,51,0,0
BRDA:501,51,1,0
BRDA:505,52,0,0
BRDA:505,52,1,0
BRDA:506,53,0,0
BRDA:506,53,1,0
BRDA:525,54,0,0
BRDA:538,55,0,0
BRDA:550,56,0,0
BRDA:554,57,0,0
BRDA:554,57,1,0
BRDA:558,58,0,0
BRDA:558,58,1,0
BRDA:559,59,0,0
BRDA:559,59,1,0
BRDA:561,60,0,0
BRDA:561,60,1,0
BRDA:563,61,0,0
BRDA:579,62,0,0
BRDA:583,63,0,0
BRDA:583,63,1,0
BRDA:586,64,0,0
BRDA:586,64,1,0
BRDA:587,65,0,0
BRDA:587,65,1,0
BRDA:589,66,0,0
BRDA:607,67,0,0
BRDA:608,68,0,0
BRDA:611,69,0,0
BRDA:611,69,1,0
BRDA:612,70,0,0
BRDA:616,71,0,0
BRDA:616,71,1,0
BRDA:617,72,0,0
BRDA:617,72,1,0
BRDA:617,72,2,0
BRDA:625,73,0,0
BRDA:625,73,1,0
BRDA:627,74,0,0
BRDA:627,74,1,0
BRDA:631,75,0,0
BRDA:631,75,1,0
BRDA:631,76,0,0
BRDA:631,76,1,0
BRDA:633,77,0,0
BRDA:633,77,1,0
BRDA:655,78,0,0
BRDA:659,79,0,0
BRDA:668,80,0,0
BRDA:677,81,0,0
BRDA:677,81,1,0
BRDA:688,82,0,0
BRDA:690,83,0,0
BRDA:690,83,1,0
BRDA:691,84,0,0
BRDA:691,85,0,0
BRDA:691,85,1,0
BRDA:691,85,2,0
BRDA:694,86,0,0
BRDA:705,87,0,0
BRDA:714,88,0,0
BRDA:714,89,0,0
BRDA:714,89,1,0
BRDA:715,90,0,0
BRDA:715,90,1,0
BRDA:733,91,0,0
BRDA:736,92,0,0
BRDA:743,93,0,0
BRDA:749,94,0,0
BRDA:749,94,1,0
BRDA:750,95,0,0
BRDA:750,95,1,0
BRDA:761,96,0,0
BRDA:761,96,1,0
BRDA:765,97,0,0
BRDA:765,97,1,0
BRDA:765,98,0,0
BRDA:765,98,1,0
BRDA:770,99,0,0
BRDA:770,99,1,0
BRDA:770,100,0,0
BRDA:770,100,1,0
BRDA:771,101,0,0
BRDA:771,101,1,0
BRDA:774,102,0,0
BRDA:774,102,1,0
BRDA:781,103,0,0
BRDA:781,103,1,0
BRDA:786,104,0,0
BRDA:786,104,1,0
BRDA:791,105,0,0
BRDA:791,105,1,0
BRDA:812,106,0,0
BRDA:812,106,1,0
BRDA:821,107,0,0
BRDA:822,108,0,0
BRDA:822,108,1,0
BRDA:829,109,0,0
BRDA:829,109,1,0
BRDA:832,110,0,0
BRDA:832,110,1,0
BRDA:857,111,0,0
BRDA:858,112,0,0
BRDA:858,112,1,0
BRDA:864,113,0,0
BRDA:864,113,1,0
BRDA:873,114,0,0
BRDA:877,115,0,0
BRDA:878,116,0,0
BRDA:878,116,1,0
BRDA:883,117,0,0
BRDA:883,117,1,0
BRDA:911,118,0,0
BRDA:913,119,0,0
BRDA:921,120,0,0
BRDA:955,121,0,0
BRDA:955,121,1,0
BRDA:957,122,0,0
BRDA:969,123,0,0
BRDA:978,124,0,0
BRDA:978,125,0,0
BRDA:978,125,1,0
BRDA:1001,126,0,0
BRDA:1001,126,1,0
BRDA:1007,127,0,0
BRDA:1008,128,0,0
BRDA:1008,128,1,0
BRDA:1015,129,0,0
BRDA:1105,130,0,0
BRDA:1105,130,1,0
BRDA:1118,131,0,0
BRDA:1127,132,0,0
BRDA:1127,133,0,0
BRDA:1153,134,0,0
BRDA:1158,135,0,0
BRDA:1179,136,0,0
BRDA:1184,137,0,0
BRDA:1184,137,1,0
BRDA:1185,138,0,0
BRDA:1185,138,1,0
BRDA:1203,139,0,0
BRDA:1206,140,0,0
BRDA:1206,140,1,0
BRDA:1207,141,0,0
BRDA:1207,141,1,0
BRDA:1208,142,0,0
BRDA:1208,142,1,0
BRDA:1209,143,0,0
BRDA:1209,143,1,0
BRDA:1212,144,0,0
BRDA:1212,144,1,0
BRDA:1216,145,0,0
BRDA:1216,146,0,0
BRDA:1216,146,1,0
BRDA:1221,147,0,0
BRDA:1226,148,0,0
BRDA:1226,148,1,0
BRDA:1230,149,0,0
BRDA:1230,149,1,0
BRDA:1231,150,0,0
BRDA:1231,150,1,0
BRDA:1237,151,0,0
BRDA:1267,152,0,0
BRDA:1267,152,1,0
BRDA:1269,153,0,0
BRDA:1270,154,0,0
BRDA:1270,154,1,0
BRDA:1280,155,0,0
BRDA:1287,156,0,0
BRDA:1287,156,1,0
BRDA:1289,157,0,0
BRDA:1289,157,1,0
BRDA:1292,158,0,0
BRDA:1292,159,0,0
BRDA:1292,159,1,0
BRDA:1292,159,2,0
BRDA:1304,160,0,0
BRDA:1304,160,1,0
BRF:258
BRH:0
end_of_record
TN:
SF:src\challenges\dev-triple-challenges.data.ts
FNF:0
FNH:0
DA:3,1
LF:1
LH:1
BRF:0
BRH:0
end_of_record
TN:
SF:src\challenges\seed-challenges.data.ts
FNF:0
FNH:0
DA:5,1
LF:1
LH:1
BRF:0
BRH:0
end_of_record
TN:
SF:src\challenges\dto\create-challenge.dto.ts
FNF:0
FNH:0
DA:2,0
DA:15,0
DA:16,0
DA:22,0
DA:27,0
DA:32,0
DA:36,0
DA:40,0
DA:44,0
DA:49,0
DA:53,0
DA:58,0
DA:64,0
DA:70,0
DA:76,0
DA:81,0
DA:87,0
DA:93,0
DA:98,0
DA:103,0
DA:107,0
DA:109,0
DA:113,0
DA:116,0
DA:121,0
DA:125,0
DA:128,0
DA:131,0
DA:135,0
DA:139,0
DA:143,0
DA:146,0
DA:149,0
DA:152,0
DA:157,0
DA:162,0
DA:168,0
DA:174,0
DA:179,0
DA:184,0
DA:187,0
LF:41
LH:0
BRDA:107,0,0,0
BRDA:107,0,1,0
BRF:2
BRH:0
end_of_record
TN:
SF:src\challenges\dto\solution.dto.ts
FNF:0
FNH:0
DA:1,0
DA:2,0
DA:4,0
DA:8,0
DA:13,0
DA:18,0
DA:23,0
DA:28,0
LF:8
LH:0
BRF:0
BRH:0
end_of_record
TN:
SF:src\challenges\schemas\Submission.schema.ts
FNF:0
FNH:0
DA:2,1
DA:3,1
DA:8,1
DA:10,1
DA:13,1
DA:16,1
DA:19,1
DA:22,1
DA:35,1
DA:44,1
DA:47,1
DA:50,1
DA:53,1
DA:56,1
LF:14
LH:14
BRF:0
BRH:0
end_of_record
TN:
SF:src\challenges\schemas\challenge-session.schema.ts
FNF:0
FNH:0
DA:1,1
DA:2,1
DA:8,1
DA:10,1
DA:13,1
DA:17,1
DA:21,1
DA:24,1
DA:25,1
LF:9
LH:9
BRF:0
BRH:0
end_of_record
TN:
SF:src\challenges\schemas\challenge.schema.ts
FN:45,(anonymous_2)
FN:49,(anonymous_3)
FNF:2
FNH:0
FNDA:0,(anonymous_2)
FNDA:0,(anonymous_3)
DA:2,1
DA:11,1
DA:13,1
DA:16,1
DA:23,1
DA:36,1
DA:39,1
DA:42,1
DA:45,0
DA:46,1
DA:49,0
DA:50,1
DA:54,1
DA:57,1
DA:60,1
DA:63,1
DA:66,1
DA:70,1
DA:74,1
DA:78,1
DA:82,1
DA:89,1
DA:92,1
DA:95,1
DA:96,1
LF:25
LH:23
BRF:0
BRH:0
end_of_record
TN:
SF:src\challenges\schemas\solution.schema.ts
FNF:0
FNH:0
DA:1,1
DA:2,1
DA:7,1
DA:9,1
DA:12,1
DA:15,1
DA:18,1
DA:21,1
DA:24,1
DA:27,1
DA:30,1
DA:33,1
DA:36,1
DA:39,1
DA:40,1
LF:15
LH:15
BRF:0
BRH:0
end_of_record
TN:
SF:src\chat\chat-room.util.ts
FN:2,isValidChatRoom
FN:9,parseObjectIdSuffix
FNF:2
FNH:0
FNDA:0,isValidChatRoom
FNDA:0,parseObjectIdSuffix
DA:2,0
DA:3,0
DA:4,0
DA:5,0
DA:6,0
DA:9,0
DA:10,0
DA:11,0
DA:12,0
DA:13,0
DA:14,0
LF:11
LH:0
BRDA:3,0,0,0
BRDA:3,1,0,0
BRDA:3,1,1,0
BRDA:4,2,0,0
BRDA:5,3,0,0
BRDA:5,4,0,0
BRDA:5,4,1,0
BRDA:10,5,0,0
BRDA:10,5,1,0
BRDA:10,6,0,0
BRDA:10,6,1,0
BRDA:11,7,0,0
BRDA:13,8,0,0
BRF:13
BRH:0
end_of_record
TN:
SF:src\chat\chat.controller.ts
FN:12,(anonymous_4)
FN:21,(anonymous_5)
FN:40,(anonymous_6)
FNF:3
FNH:0
FNDA:0,(anonymous_4)
FNDA:0,(anonymous_5)
FNDA:0,(anonymous_6)
DA:2,0
DA:3,0
DA:4,0
DA:5,0
DA:6,0
DA:7,0
DA:11,0
DA:12,0
DA:21,0
DA:27,0
DA:28,0
DA:30,0
DA:31,0
DA:32,0
DA:33,0
DA:40,0
DA:41,0
DA:42,0
LF:18
LH:0
BRDA:27,0,0,0
BRDA:27,1,0,0
BRDA:27,1,1,0
BRDA:31,2,0,0
BRDA:31,2,1,0
BRF:5
BRH:0
end_of_record
TN:
SF:src\chat\chat.gateway.ts
FN:42,(anonymous_4)
FN:44,(anonymous_5)
FN:55,(anonymous_6)
FN:83,(anonymous_7)
FN:95,(anonymous_8)
FN:103,(anonymous_9)
FN:109,(anonymous_10)
FN:116,(anonymous_11)
FN:131,(anonymous_12)
FN:146,(anonymous_13)
FN:207,(anonymous_14)
FN:24,(anonymous_15)
FNF:12
FNH:0
FNDA:0,(anonymous_4)
FNDA:0,(anonymous_5)
FNDA:0,(anonymous_6)
FNDA:0,(anonymous_7)
FNDA:0,(anonymous_8)
FNDA:0,(anonymous_9)
FNDA:0,(anonymous_10)
FNDA:0,(anonymous_11)
FNDA:0,(anonymous_12)
FNDA:0,(anonymous_13)
FNDA:0,(anonymous_14)
FNDA:0,(anonymous_15)
DA:1,0
DA:10,0
DA:11,0
DA:12,0
DA:13,0
DA:14,0
DA:24,0
DA:30,0
DA:32,0
DA:34,0
DA:35,0
DA:36,0
DA:37,0
DA:38,0
DA:39,0
DA:40,0
DA:42,0
DA:45,0
DA:46,0
DA:48,0
DA:49,0
DA:50,0
DA:52,0
DA:56,0
DA:57,0
DA:58,0
DA:59,0
DA:60,0
DA:63,0
DA:64,0
DA:65,0
DA:66,0
DA:69,0
DA:70,0
DA:71,0
DA:78,0
DA:79,0
DA:84,0
DA:85,0
DA:86,0
DA:87,0
DA:88,0
DA:90,0
DA:91,0
DA:92,0
DA:96,0
DA:97,0
DA:98,0
DA:99,0
DA:100,0
DA:104,0
DA:105,0
DA:106,0
DA:110,0
DA:111,0
DA:112,0
DA:116,0
DA:120,0
DA:121,0
DA:122,0
DA:123,0
DA:127,0
DA:131,0
DA:135,0
DA:136,0
DA:137,0
DA:138,0
DA:142,0
DA:146,0
DA:150,0
DA:151,0
DA:152,0
DA:154,0
DA:155,0
DA:156,0
DA:157,0
DA:159,0
DA:160,0
DA:161,0
DA:162,0
DA:164,0
DA:165,0
DA:169,0
DA:171,0
DA:172,0
DA:173,0
DA:177,0
DA:181,0
DA:182,0
DA:189,0
DA:190,0
DA:191,0
DA:194,0
DA:207,0
DA:211,0
DA:212,0
DA:213,0
DA:214,0
LF:98
LH:0
BRDA:35,0,0,0
BRDA:35,0,1,0
BRDA:36,1,0,0
BRDA:36,1,1,0
BRDA:37,2,0,0
BRDA:37,2,1,0
BRDA:46,3,0,0
BRDA:46,4,0,0
BRDA:46,4,1,0
BRDA:49,5,0,0
BRDA:49,6,0,0
BRDA:49,6,1,0
BRDA:57,7,0,0
BRDA:64,8,0,0
BRDA:74,9,0,0
BRDA:74,9,1,0
BRDA:75,10,0,0
BRDA:75,10,1,0
BRDA:86,11,0,0
BRDA:86,12,0,0
BRDA:86,12,1,0
BRDA:90,13,0,0
BRDA:97,14,0,0
BRDA:97,14,1,0
BRDA:98,15,0,0
BRDA:105,16,0,0
BRDA:120,17,0,0
BRDA:121,18,0,0
BRDA:135,19,0,0
BRDA:136,20,0,0
BRDA:150,21,0,0
BRDA:154,22,0,0
BRDA:154,23,0,0
BRDA:154,23,1,0
BRDA:155,24,0,0
BRDA:155,25,0,0
BRDA:155,25,1,0
BRDA:160,26,0,0
BRDA:164,27,0,0
BRDA:171,28,0,0
BRDA:189,29,0,0
BRDA:189,29,1,0
BRDA:211,30,0,0
BRDA:212,31,0,0
BRDA:212,32,0,0
BRDA:212,32,1,0
BRDA:213,33,0,0
BRDA:20,34,0,0
BRDA:20,34,1,0
BRDA:20,35,0,0
BRDA:20,35,1,0
BRDA:22,36,0,0
BRDA:22,36,1,0
BRF:53
BRH:0
end_of_record
TN:
SF:src\chat\chat.module.ts
FNF:0
FNH:0
DA:1,0
DA:2,0
DA:3,0
DA:4,0
DA:5,0
DA:6,0
DA:7,0
DA:20,0
LF:8
LH:0
BRF:0
BRH:0
end_of_record
TN:
SF:src\chat\chat.service.ts
FN:21,(anonymous_4)
FN:28,(anonymous_5)
FN:35,(anonymous_6)
FN:43,(anonymous_7)
FN:59,(anonymous_8)
FN:72,(anonymous_9)
FN:82,(anonymous_10)
FN:94,(anonymous_11)
FN:125,(anonymous_12)
FN:140,(anonymous_13)
FNF:10
FNH:0
FNDA:0,(anonymous_4)
FNDA:0,(anonymous_5)
FNDA:0,(anonymous_6)
FNDA:0,(anonymous_7)
FNDA:0,(anonymous_8)
FNDA:0,(anonymous_9)
FNDA:0,(anonymous_10)
FNDA:0,(anonymous_11)
FNDA:0,(anonymous_12)
FNDA:0,(anonymous_13)
DA:1,0
DA:2,0
DA:3,0
DA:4,0
DA:5,0
DA:6,0
DA:18,0
DA:19,0
DA:23,0
DA:25,0
DA:29,0
DA:30,0
DA:36,0
DA:37,0
DA:38,0
DA:39,0
DA:49,0
DA:50,0
DA:56,0
DA:60,0
DA:61,0
DA:62,0
DA:63,0
DA:64,0
DA:66,0
DA:72,0
DA:83,0
DA:84,0
DA:98,0
DA:99,0
DA:100,0
DA:101,0
DA:103,0
DA:104,0
DA:106,0
DA:107,0
DA:117,0
DA:118,0
DA:120,0
DA:122,0
DA:130,0
DA:131,0
DA:132,0
DA:133,0
DA:134,0
DA:138,0
DA:140,0
LF:47
LH:0
BRDA:29,0,0,0
BRDA:38,1,0,0
BRDA:38,2,0,0
BRDA:38,2,1,0
BRDA:53,3,0,0
BRDA:53,3,1,0
BRDA:59,4,0,0
BRDA:63,5,0,0
BRDA:63,6,0,0
BRDA:63,6,1,0
BRDA:78,7,0,0
BRDA:78,7,1,0
BRDA:90,8,0,0
BRDA:90,8,1,0
BRDA:100,9,0,0
BRDA:100,10,0,0
BRDA:100,10,1,0
BRDA:103,11,0,0
BRDA:113,12,0,0
BRDA:113,12,1,0
BRDA:117,13,0,0
BRDA:126,14,0,0
BRDA:127,15,0,0
BRDA:133,16,0,0
BRF:24
BRH:0
end_of_record
TN:
SF:src\chat\dto\report-chat-message.dto.ts
FNF:0
FNH:0
DA:1,0
DA:2,0
DA:4,0
DA:7,0
DA:11,0
DA:17,0
LF:6
LH:0
BRF:0
BRH:0
end_of_record
TN:
SF:src\chat\schemas\chat-message-report.schema.ts
FNF:0
FNH:0
DA:1,0
DA:2,0
DA:5,0
DA:7,0
DA:10,0
DA:13,0
DA:16,0
DA:19,0
DA:22,0
DA:25,0
DA:29,0
LF:11
LH:0
BRF:0
BRH:0
end_of_record
TN:
SF:src\chat\schemas\chat-message.schema.ts
FNF:0
FNH:0
DA:1,0
DA:2,0
DA:5,0
DA:7,0
DA:10,0
DA:13,0
DA:16,0
DA:20,0
LF:8
LH:0
BRF:0
BRH:0
end_of_record
TN:
SF:src\code-execution\code-execution.controller.ts
FN:12,(anonymous_4)
FN:19,(anonymous_5)
FNF:2
FNH:0
FNDA:0,(anonymous_4)
FNDA:0,(anonymous_5)
DA:2,0
DA:3,0
DA:4,0
DA:5,0
DA:6,0
DA:7,0
DA:11,0
DA:12,0
DA:19,0
DA:20,0
LF:10
LH:0
BRF:0
BRH:0
end_of_record
TN:
SF:src\code-execution\code-execution.module.ts
FNF:0
FNH:0
DA:2,0
DA:3,0
DA:4,0
DA:5,0
DA:6,0
DA:14,0
LF:6
LH:0
BRF:0
BRH:0
end_of_record
TN:
SF:src\code-execution\code-execution.service.ts
FN:19,(anonymous_11)
FN:46,(anonymous_12)
FN:52,(anonymous_13)
FN:67,(anonymous_14)
FN:79,(anonymous_15)
FN:81,(anonymous_16)
FN:83,(anonymous_17)
FN:89,(anonymous_18)
FN:91,(anonymous_19)
FN:93,(anonymous_20)
FN:97,(anonymous_21)
FN:101,(anonymous_22)
FN:107,(anonymous_23)
FN:121,(anonymous_24)
FN:133,(anonymous_25)
FN:142,(anonymous_26)
FN:154,(anonymous_27)
FN:159,(anonymous_28)
FN:170,(anonymous_29)
FN:177,(anonymous_30)
FN:195,(anonymous_31)
FN:200,(anonymous_32)
FN:214,(anonymous_33)
FN:224,(anonymous_34)
FN:229,(anonymous_35)
FN:242,(anonymous_36)
FN:248,(anonymous_37)
FN:253,(anonymous_38)
FN:336,(anonymous_39)
FN:442,(anonymous_40)
FN:447,(anonymous_41)
FN:469,(anonymous_42)
FN:473,(anonymous_43)
FN:492,(anonymous_44)
FN:506,(anonymous_45)
FN:516,(anonymous_46)
FN:547,(anonymous_47)
FN:587,(anonymous_48)
FN:624,(anonymous_49)
FN:661,(anonymous_50)
FNF:40
FNH:0
FNDA:0,(anonymous_11)
FNDA:0,(anonymous_12)
FNDA:0,(anonymous_13)
FNDA:0,(anonymous_14)
FNDA:0,(anonymous_15)
FNDA:0,(anonymous_16)
FNDA:0,(anonymous_17)
FNDA:0,(anonymous_18)
FNDA:0,(anonymous_19)
FNDA:0,(anonymous_20)
FNDA:0,(anonymous_21)
FNDA:0,(anonymous_22)
FNDA:0,(anonymous_23)
FNDA:0,(anonymous_24)
FNDA:0,(anonymous_25)
FNDA:0,(anonymous_26)
FNDA:0,(anonymous_27)
FNDA:0,(anonymous_28)
FNDA:0,(anonymous_29)
FNDA:0,(anonymous_30)
FNDA:0,(anonymous_31)
FNDA:0,(anonymous_32)
FNDA:0,(anonymous_33)
FNDA:0,(anonymous_34)
FNDA:0,(anonymous_35)
FNDA:0,(anonymous_36)
FNDA:0,(anonymous_37)
FNDA:0,(anonymous_38)
FNDA:0,(anonymous_39)
FNDA:0,(anonymous_40)
FNDA:0,(anonymous_41)
FNDA:0,(anonymous_42)
FNDA:0,(anonymous_43)
FNDA:0,(anonymous_44)
FNDA:0,(anonymous_45)
FNDA:0,(anonymous_46)
FNDA:0,(anonymous_47)
FNDA:0,(anonymous_48)
FNDA:0,(anonymous_49)
FNDA:0,(anonymous_50)
DA:2,1
DA:4,1
DA:5,1
DA:6,1
DA:7,1
DA:8,1
DA:19,1
DA:20,0
DA:23,0
DA:26,0
DA:27,0
DA:28,0
DA:29,0
DA:30,0
DA:31,0
DA:34,0
DA:42,0
DA:43,0
DA:47,0
DA:48,0
DA:49,0
DA:53,0
DA:54,0
DA:55,0
DA:56,0
DA:61,0
DA:63,0
DA:64,0
DA:65,0
DA:67,0
DA:69,0
DA:70,0
DA:71,0
DA:73,0
DA:74,0
DA:75,0
DA:80,0
DA:81,0
DA:82,0
DA:83,0
DA:85,0
DA:86,0
DA:88,0
DA:89,0
DA:90,0
DA:91,0
DA:92,0
DA:93,0
DA:94,0
DA:96,0
DA:97,0
DA:98,0
DA:100,0
DA:101,0
DA:102,0
DA:104,0
DA:108,0
DA:109,0
DA:110,0
DA:111,0
DA:112,0
DA:113,0
DA:114,0
DA:116,0
DA:122,0
DA:129,0
DA:134,0
DA:135,0
DA:136,0
DA:137,0
DA:139,0
DA:143,0
DA:144,0
DA:145,0
DA:146,0
DA:147,0
DA:148,0
DA:149,0
DA:155,0
DA:160,0
DA:161,0
DA:162,0
DA:171,0
DA:172,0
DA:173,0
DA:174,0
DA:178,0
DA:179,0
DA:180,0
DA:181,0
DA:183,0
DA:184,0
DA:185,0
DA:186,0
DA:188,0
DA:189,0
DA:190,0
DA:192,0
DA:199,0
DA:200,0
DA:207,0
DA:215,0
DA:216,0
DA:217,0
DA:225,0
DA:226,0
DA:227,0
DA:228,0
DA:229,0
DA:231,0
DA:232,0
DA:233,0
DA:235,0
DA:243,0
DA:244,0
DA:248,0
DA:254,0
DA:256,0
DA:257,0
DA:260,0
DA:261,0
DA:264,0
DA:265,0
DA:268,0
DA:269,0
DA:272,0
DA:273,0
DA:274,0
DA:279,0
DA:282,0
DA:284,0
DA:287,0
DA:288,0
DA:292,0
DA:293,0
DA:298,0
DA:300,0
DA:301,0
DA:304,0
DA:305,0
DA:306,0
DA:307,0
DA:308,0
DA:309,0
DA:315,0
DA:320,0
DA:327,0
DA:328,0
DA:329,0
DA:331,0
DA:336,0
DA:339,0
DA:341,0
DA:346,0
DA:347,0
DA:348,0
DA:350,0
DA:351,0
DA:352,0
DA:353,0
DA:356,0
DA:358,0
DA:363,0
DA:364,0
DA:365,0
DA:366,0
DA:367,0
DA:369,0
DA:370,0
DA:371,0
DA:374,0
DA:381,0
DA:384,0
DA:385,0
DA:386,0
DA:387,0
DA:388,0
DA:396,0
DA:397,0
DA:398,0
DA:399,0
DA:400,0
DA:401,0
DA:402,0
DA:404,0
DA:407,0
DA:416,0
DA:417,0
DA:418,0
DA:420,0
DA:421,0
DA:424,0
DA:429,0
DA:431,0
DA:432,0
DA:442,0
DA:443,0
DA:452,0
DA:453,0
DA:455,0
DA:456,0
DA:457,0
DA:458,0
DA:459,0
DA:460,0
DA:461,0
DA:469,0
DA:470,0
DA:474,0
DA:475,0
DA:476,0
DA:477,0
DA:478,0
DA:479,0
DA:480,0
DA:481,0
DA:482,0
DA:485,0
DA:493,0
DA:494,0
DA:497,0
DA:498,0
DA:499,0
DA:506,0
DA:507,0
DA:508,0
DA:513,0
DA:517,0
DA:524,0
DA:525,0
DA:526,0
DA:527,0
DA:535,0
DA:536,0
DA:537,0
DA:538,0
DA:540,0
DA:542,0
DA:543,0
DA:548,0
DA:549,0
DA:550,0
DA:551,0
DA:552,0
DA:553,0
DA:560,0
DA:561,0
DA:569,0
DA:570,0
DA:571,0
DA:572,0
DA:574,0
DA:575,0
DA:577,0
DA:578,0
DA:580,0
DA:582,0
DA:583,0
DA:588,0
DA:589,0
DA:590,0
DA:591,0
DA:592,0
DA:593,0
DA:600,0
DA:601,0
DA:602,0
DA:604,0
DA:612,0
DA:613,0
DA:614,0
DA:615,0
DA:617,0
DA:619,0
DA:620,0
DA:625,0
DA:626,0
DA:627,0
DA:628,0
DA:629,0
DA:630,0
DA:637,0
DA:638,0
DA:639,0
DA:641,0
DA:649,0
DA:650,0
DA:651,0
DA:652,0
DA:654,0
DA:656,0
DA:657,0
DA:662,0
LF:293
LH:7
BRDA:24,0,0,0
BRDA:24,0,1,0
BRDA:24,1,0,0
BRDA:24,1,1,0
BRDA:26,2,0,0
BRDA:26,2,1,0
BRDA:27,3,0,0
BRDA:27,3,1,0
BRDA:28,4,0,0
BRDA:28,4,1,0
BRDA:29,5,0,0
BRDA:29,5,1,0
BRDA:47,6,0,0
BRDA:47,6,1,0
BRDA:48,7,0,0
BRDA:54,8,0,0
BRDA:56,9,0,0
BRDA:57,10,0,0
BRDA:57,10,1,0
BRDA:57,10,2,0
BRDA:69,11,0,0
BRDA:69,12,0,0
BRDA:69,12,1,0
BRDA:73,13,0,0
BRDA:73,13,1,0
BRDA:82,14,0,0
BRDA:83,15,0,0
BRDA:83,15,1,0
BRDA:85,16,0,0
BRDA:88,17,0,0
BRDA:90,18,0,0
BRDA:91,19,0,0
BRDA:91,19,1,0
BRDA:92,20,0,0
BRDA:94,21,0,0
BRDA:96,22,0,0
BRDA:96,23,0,0
BRDA:96,23,1,0
BRDA:97,24,0,0
BRDA:97,24,1,0
BRDA:98,25,0,0
BRDA:100,26,0,0
BRDA:102,27,0,0
BRDA:110,28,0,0
BRDA:112,29,0,0
BRDA:134,30,0,0
BRDA:134,30,1,0
BRDA:135,31,0,0
BRDA:136,32,0,0
BRDA:143,33,0,0
BRDA:143,33,1,0
BRDA:143,33,2,0
BRDA:143,33,3,0
BRDA:143,33,4,0
BRDA:143,33,5,0
BRDA:155,34,0,0
BRDA:155,34,1,0
BRDA:160,35,0,0
BRDA:161,36,0,0
BRDA:171,37,0,0
BRDA:172,38,0,0
BRDA:173,39,0,0
BRDA:179,40,0,0
BRDA:181,41,0,0
BRDA:181,41,1,0
BRDA:181,42,0,0
BRDA:181,42,1,0
BRDA:183,43,0,0
BRDA:184,44,0,0
BRDA:188,45,0,0
BRDA:199,46,0,0
BRDA:199,46,1,0
BRDA:215,47,0,0
BRDA:215,47,1,0
BRDA:216,48,0,0
BRDA:217,49,0,0
BRDA:217,49,1,0
BRDA:225,50,0,0
BRDA:225,50,1,0
BRDA:227,51,0,0
BRDA:228,52,0,0
BRDA:232,53,0,0
BRDA:243,54,0,0
BRDA:243,55,0,0
BRDA:243,55,1,0
BRDA:256,56,0,0
BRDA:256,57,0,0
BRDA:256,57,1,0
BRDA:260,58,0,0
BRDA:264,59,0,0
BRDA:264,60,0,0
BRDA:264,60,1,0
BRDA:268,61,0,0
BRDA:273,62,0,0
BRDA:282,63,0,0
BRDA:282,63,1,0
BRDA:282,63,2,0
BRDA:284,64,0,0
BRDA:284,64,1,0
BRDA:284,64,2,0
BRDA:284,64,3,0
BRDA:284,64,4,0
BRDA:287,65,0,0
BRDA:287,66,0,0
BRDA:287,66,1,0
BRDA:287,66,2,0
BRDA:292,67,0,0
BRDA:292,68,0,0
BRDA:292,68,1,0
BRDA:292,68,2,0
BRDA:300,69,0,0
BRDA:308,70,0,0
BRDA:315,71,0,0
BRDA:315,71,1,0
BRDA:317,72,0,0
BRDA:317,72,1,0
BRDA:329,73,0,0
BRDA:332,74,0,0
BRDA:332,74,1,0
BRDA:339,75,0,0
BRDA:339,76,0,0
BRDA:339,76,1,0
BRDA:341,77,0,0
BRDA:341,77,1,0
BRDA:343,78,0,0
BRDA:343,78,1,0
BRDA:351,79,0,0
BRDA:351,79,1,0
BRDA:352,80,0,0
BRDA:352,81,0,0
BRDA:352,81,1,0
BRDA:352,81,2,0
BRDA:356,82,0,0
BRDA:356,82,1,0
BRDA:358,83,0,0
BRDA:358,83,1,0
BRDA:360,84,0,0
BRDA:360,84,1,0
BRDA:363,85,0,0
BRDA:363,85,1,0
BRDA:366,86,0,0
BRDA:366,86,1,0
BRDA:366,86,2,0
BRDA:367,87,0,0
BRDA:367,87,1,0
BRDA:369,88,0,0
BRDA:369,89,0,0
BRDA:369,89,1,0
BRDA:371,90,0,0
BRDA:371,90,1,0
BRDA:372,91,0,0
BRDA:372,91,1,0
BRDA:373,92,0,0
BRDA:373,92,1,0
BRDA:379,93,0,0
BRDA:379,93,1,0
BRDA:386,94,0,0
BRDA:386,94,1,0
BRDA:393,95,0,0
BRDA:393,95,1,0
BRDA:396,96,0,0
BRDA:397,97,0,0
BRDA:397,97,1,0
BRDA:399,98,0,0
BRDA:399,99,0,0
BRDA:399,99,1,0
BRDA:399,99,2,0
BRDA:401,100,0,0
BRDA:407,101,0,0
BRDA:407,101,1,0
BRDA:407,101,2,0
BRDA:407,101,3,0
BRDA:407,101,4,0
BRDA:407,101,5,0
BRDA:407,101,6,0
BRDA:407,101,7,0
BRDA:407,101,8,0
BRDA:407,101,9,0
BRDA:416,102,0,0
BRDA:417,103,0,0
BRDA:420,104,0,0
BRDA:436,105,0,0
BRDA:436,105,1,0
BRDA:436,105,2,0
BRDA:459,106,0,0
BRDA:459,106,1,0
BRDA:460,107,0,0
BRDA:460,107,1,0
BRDA:465,108,0,0
BRDA:465,108,1,0
BRDA:466,109,0,0
BRDA:466,109,1,0
BRDA:477,110,0,0
BRDA:477,110,1,0
BRDA:477,110,2,0
BRDA:477,110,3,0
BRDA:477,110,4,0
BRDA:494,111,0,0
BRDA:494,111,1,0
BRDA:503,112,0,0
BRDA:503,112,1,0
BRDA:503,113,0,0
BRDA:503,113,1,0
BRDA:508,114,0,0
BRDA:508,115,0,0
BRDA:508,115,1,0
BRDA:535,116,0,0
BRDA:535,116,1,0
BRDA:536,117,0,0
BRDA:536,117,1,0
BRDA:537,118,0,0
BRDA:538,119,0,0
BRDA:538,119,1,0
BRDA:542,120,0,0
BRDA:542,120,1,0
BRDA:542,120,2,0
BRDA:543,121,0,0
BRDA:543,121,1,0
BRDA:549,122,0,0
BRDA:549,122,1,0
BRDA:552,123,0,0
BRDA:569,124,0,0
BRDA:569,124,1,0
BRDA:570,125,0,0
BRDA:570,125,1,0
BRDA:571,126,0,0
BRDA:572,127,0,0
BRDA:572,127,1,0
BRDA:572,127,2,0
BRDA:574,128,0,0
BRDA:574,129,0,0
BRDA:574,129,1,0
BRDA:574,129,2,0
BRDA:574,129,3,0
BRDA:577,130,0,0
BRDA:578,131,0,0
BRDA:578,131,1,0
BRDA:582,132,0,0
BRDA:582,132,1,0
BRDA:582,132,2,0
BRDA:583,133,0,0
BRDA:583,133,1,0
BRDA:589,134,0,0
BRDA:589,134,1,0
BRDA:600,135,0,0
BRDA:601,136,0,0
BRDA:601,136,1,0
BRDA:601,137,0,0
BRDA:601,137,1,0
BRDA:601,137,2,0
BRDA:612,138,0,0
BRDA:612,138,1,0
BRDA:613,139,0,0
BRDA:613,139,1,0
BRDA:614,140,0,0
BRDA:615,141,0,0
BRDA:615,141,1,0
BRDA:619,142,0,0
BRDA:619,142,1,0
BRDA:619,142,2,0
BRDA:620,143,0,0
BRDA:620,143,1,0
BRDA:626,144,0,0
BRDA:626,144,1,0
BRDA:637,145,0,0
BRDA:638,146,0,0
BRDA:638,146,1,0
BRDA:638,147,0,0
BRDA:638,147,1,0
BRDA:638,147,2,0
BRDA:649,148,0,0
BRDA:649,148,1,0
BRDA:650,149,0,0
BRDA:650,149,1,0
BRDA:651,150,0,0
BRDA:652,151,0,0
BRDA:652,151,1,0
BRDA:656,152,0,0
BRDA:656,152,1,0
BRDA:656,152,2,0
BRDA:657,153,0,0
BRDA:657,153,1,0
BRF:282
BRH:0
end_of_record
TN:
SF:src\code-execution\dto\execute-code.dto.ts
FNF:0
FNH:0
DA:2,0
DA:3,0
DA:5,0
DA:8,0
DA:12,0
DA:16,0
LF:6
LH:0
BRF:0
BRH:0
end_of_record
TN:
SF:src\common\action-rate-limit.guard.ts
FN:14,(anonymous_2)
FN:18,(anonymous_3)
FN:23,(anonymous_4)
FNF:3
FNH:0
FNDA:0,(anonymous_2)
FNDA:0,(anonymous_3)
FNDA:0,(anonymous_4)
DA:1,0
DA:9,0
DA:10,0
DA:12,0
DA:14,0
DA:17,0
DA:19,0
DA:20,0
DA:24,0
DA:28,0
DA:29,0
DA:30,0
DA:31,0
DA:32,0
DA:33,0
DA:35,0
DA:40,0
LF:17
LH:0
BRDA:28,0,0,0
BRDA:31,1,0,0
BRDA:31,1,1,0
BRDA:31,2,0,0
BRDA:31,2,1,0
BRDA:31,2,2,0
BRF:6
BRH:0
end_of_record
TN:
SF:src\common\common.module.ts
FNF:0
FNH:0
DA:1,0
DA:2,0
DA:3,0
DA:9,0
LF:4
LH:0
BRF:0
BRH:0
end_of_record
TN:
SF:src\common\sensitive-rate-limit.service.ts
FN:13,(anonymous_1)
FNF:1
FNH:0
FNDA:0,(anonymous_1)
DA:1,0
DA:12,0
DA:14,0
LF:3
LH:0
BRF:0
BRH:0
end_of_record
TN:
SF:src\competitions\competitions.controller.ts
FN:28,(anonymous_4)
FN:32,(anonymous_5)
FN:38,(anonymous_6)
FN:44,(anonymous_7)
FN:53,(anonymous_8)
FN:59,(anonymous_9)
FN:65,(anonymous_10)
FN:77,(anonymous_11)
FN:86,(anonymous_12)
FN:95,(anonymous_13)
FN:103,(anonymous_14)
FN:111,(anonymous_15)
FN:123,(anonymous_16)
FN:136,(anonymous_17)
FNF:14
FNH:0
FNDA:0,(anonymous_4)
FNDA:0,(anonymous_5)
FNDA:0,(anonymous_6)
FNDA:0,(anonymous_7)
FNDA:0,(anonymous_8)
FNDA:0,(anonymous_9)
FNDA:0,(anonymous_10)
FNDA:0,(anonymous_11)
FNDA:0,(anonymous_12)
FNDA:0,(anonymous_13)
FNDA:0,(anonymous_14)
FNDA:0,(anonymous_15)
FNDA:0,(anonymous_16)
FNDA:0,(anonymous_17)
DA:2,0
DA:14,0
DA:15,0
DA:16,0
DA:17,0
DA:18,0
DA:19,0
DA:20,0
DA:21,0
DA:22,0
DA:23,0
DA:27,0
DA:28,0
DA:32,0
DA:33,0
DA:38,0
DA:39,0
DA:44,0
DA:45,0
DA:53,0
DA:54,0
DA:59,0
DA:60,0
DA:65,0
DA:69,0
DA:77,0
DA:78,0
DA:86,0
DA:87,0
DA:95,0
DA:96,0
DA:103,0
DA:104,0
DA:111,0
DA:116,0
DA:123,0
DA:128,0
DA:136,0
DA:140,0
LF:39
LH:0
BRF:0
BRH:0
end_of_record
TN:
SF:src\competitions\competitions.module.ts
FNF:0
FNH:0
DA:2,0
DA:3,0
DA:4,0
DA:5,0
DA:6,0
DA:7,0
DA:8,0
DA:9,0
DA:10,0
DA:11,0
DA:12,0
DA:30,0
LF:12
LH:0
BRF:0
BRH:0
end_of_record
TN:
SF:src\competitions\competitions.service.ts
FN:24,devCompetitionSeedAllowed
FN:31,shouldEnforceCompetitionTimeWindow
FN:38,(anonymous_6)
FN:50,(anonymous_7)
FN:54,(anonymous_8)
FN:70,(anonymous_9)
FN:72,(anonymous_10)
FN:77,(anonymous_11)
FN:81,(anonymous_12)
FN:91,(anonymous_13)
FN:94,(anonymous_14)
FN:120,(anonymous_15)
FN:138,(anonymous_16)
FN:152,(anonymous_17)
FN:155,(anonymous_18)
FN:165,(anonymous_19)
FN:187,(anonymous_20)
FN:200,(anonymous_21)
FN:216,(anonymous_22)
FN:266,(anonymous_23)
FN:280,(anonymous_24)
FN:298,(anonymous_25)
FN:299,(anonymous_26)
FN:311,(anonymous_27)
FN:324,(anonymous_28)
FN:325,(anonymous_29)
FN:345,(anonymous_30)
FN:350,(anonymous_31)
FN:362,(anonymous_32)
FN:380,(anonymous_33)
FN:385,(anonymous_34)
FN:416,(anonymous_35)
FN:426,(anonymous_36)
FN:427,(anonymous_37)
FN:463,(anonymous_38)
FN:483,(anonymous_39)
FN:501,(anonymous_40)
FN:512,(anonymous_41)
FN:533,(anonymous_42)
FN:545,(anonymous_43)
FN:550,(anonymous_44)
FN:633,(anonymous_45)
FN:676,(anonymous_46)
FN:678,(anonymous_47)
FN:679,(anonymous_48)
FN:687,(anonymous_49)
FN:706,(anonymous_50)
FN:720,(anonymous_51)
FN:730,(anonymous_52)
FN:742,(anonymous_53)
FN:749,(anonymous_54)
FN:757,(anonymous_55)
FNF:52
FNH:0
FNDA:0,devCompetitionSeedAllowed
FNDA:0,shouldEnforceCompetitionTimeWindow
FNDA:0,(anonymous_6)
FNDA:0,(anonymous_7)
FNDA:0,(anonymous_8)
FNDA:0,(anonymous_9)
FNDA:0,(anonymous_10)
FNDA:0,(anonymous_11)
FNDA:0,(anonymous_12)
FNDA:0,(anonymous_13)
FNDA:0,(anonymous_14)
FNDA:0,(anonymous_15)
FNDA:0,(anonymous_16)
FNDA:0,(anonymous_17)
FNDA:0,(anonymous_18)
FNDA:0,(anonymous_19)
FNDA:0,(anonymous_20)
FNDA:0,(anonymous_21)
FNDA:0,(anonymous_22)
FNDA:0,(anonymous_23)
FNDA:0,(anonymous_24)
FNDA:0,(anonymous_25)
FNDA:0,(anonymous_26)
FNDA:0,(anonymous_27)
FNDA:0,(anonymous_28)
FNDA:0,(anonymous_29)
FNDA:0,(anonymous_30)
FNDA:0,(anonymous_31)
FNDA:0,(anonymous_32)
FNDA:0,(anonymous_33)
FNDA:0,(anonymous_34)
FNDA:0,(anonymous_35)
FNDA:0,(anonymous_36)
FNDA:0,(anonymous_37)
FNDA:0,(anonymous_38)
FNDA:0,(anonymous_39)
FNDA:0,(anonymous_40)
FNDA:0,(anonymous_41)
FNDA:0,(anonymous_42)
FNDA:0,(anonymous_43)
FNDA:0,(anonymous_44)
FNDA:0,(anonymous_45)
FNDA:0,(anonymous_46)
FNDA:0,(anonymous_47)
FNDA:0,(anonymous_48)
FNDA:0,(anonymous_49)
FNDA:0,(anonymous_50)
FNDA:0,(anonymous_51)
FNDA:0,(anonymous_52)
FNDA:0,(anonymous_53)
FNDA:0,(anonymous_54)
FNDA:0,(anonymous_55)
DA:2,0
DA:8,0
DA:9,0
DA:10,0
DA:11,0
DA:18,0
DA:19,0
DA:20,0
DA:21,0
DA:22,0
DA:25,0
DA:32,0
DA:33,0
DA:37,0
DA:40,0
DA:42,0
DA:43,0
DA:44,0
DA:45,0
DA:46,0
DA:47,0
DA:51,0
DA:66,0
DA:67,0
DA:69,0
DA:70,0
DA:72,0
DA:73,0
DA:74,0
DA:76,0
DA:77,0
DA:80,0
DA:81,0
DA:85,0
DA:86,0
DA:87,0
DA:88,0
DA:91,0
DA:98,0
DA:99,0
DA:105,0
DA:106,0
DA:109,0
DA:115,0
DA:116,0
DA:118,0
DA:119,0
DA:120,0
DA:121,0
DA:122,0
DA:123,0
DA:126,0
DA:135,0
DA:138,0
DA:142,0
DA:149,0
DA:153,0
DA:155,0
DA:161,0
DA:166,0
DA:167,0
DA:168,0
DA:169,0
DA:171,0
DA:172,0
DA:173,0
DA:174,0
DA:175,0
DA:185,0
DA:187,0
DA:193,0
DA:204,0
DA:205,0
DA:209,0
DA:210,0
DA:211,0
DA:212,0
DA:216,0
DA:217,0
DA:218,0
DA:219,0
DA:227,0
DA:243,0
DA:244,0
DA:253,0
DA:254,0
DA:256,0
DA:257,0
DA:258,0
DA:259,0
DA:260,0
DA:262,0
DA:266,0
DA:274,0
DA:277,0
DA:281,0
DA:282,0
DA:283,0
DA:284,0
DA:285,0
DA:298,0
DA:299,0
DA:303,0
DA:312,0
DA:320,0
DA:322,0
DA:324,0
DA:326,0
DA:327,0
DA:335,0
DA:336,0
DA:343,0
DA:346,0
DA:350,0
DA:353,0
DA:354,0
DA:363,0
DA:364,0
DA:365,0
DA:366,0
DA:368,0
DA:369,0
DA:370,0
DA:371,0
DA:372,0
DA:380,0
DA:382,0
DA:386,0
DA:387,0
DA:388,0
DA:389,0
DA:392,0
DA:393,0
DA:394,0
DA:398,0
DA:401,0
DA:402,0
DA:403,0
DA:406,0
DA:407,0
DA:412,0
DA:413,0
DA:416,0
DA:420,0
DA:421,0
DA:426,0
DA:427,0
DA:428,0
DA:429,0
DA:430,0
DA:435,0
DA:436,0
DA:445,0
DA:455,0
DA:470,0
DA:472,0
DA:474,0
DA:476,0
DA:478,0
DA:492,0
DA:493,0
DA:494,0
DA:495,0
DA:497,0
DA:498,0
DA:502,0
DA:503,0
DA:504,0
DA:505,0
DA:507,0
DA:508,0
DA:509,0
DA:510,0
DA:512,0
DA:513,0
DA:515,0
DA:516,0
DA:519,0
DA:520,0
DA:521,0
DA:522,0
DA:525,0
DA:526,0
DA:530,0
DA:531,0
DA:533,0
DA:537,0
DA:538,0
DA:543,0
DA:544,0
DA:545,0
DA:546,0
DA:547,0
DA:548,0
DA:550,0
DA:554,0
DA:555,0
DA:563,0
DA:564,0
DA:565,0
DA:567,0
DA:572,0
DA:573,0
DA:574,0
DA:575,0
DA:577,0
DA:578,0
DA:590,0
DA:591,0
DA:596,0
DA:610,0
DA:611,0
DA:612,0
DA:615,0
DA:618,0
DA:619,0
DA:622,0
DA:637,0
DA:638,0
DA:639,0
DA:640,0
DA:642,0
DA:651,0
DA:660,0
DA:661,0
DA:662,0
DA:663,0
DA:664,0
DA:665,0
DA:673,0
DA:676,0
DA:677,0
DA:678,0
DA:679,0
DA:680,0
DA:681,0
DA:684,0
DA:688,0
DA:689,0
DA:690,0
DA:691,0
DA:692,0
DA:693,0
DA:694,0
DA:696,0
DA:697,0
DA:698,0
DA:706,0
DA:710,0
DA:711,0
DA:712,0
DA:720,0
DA:724,0
DA:725,0
DA:727,0
DA:731,0
DA:732,0
DA:733,0
DA:734,0
DA:743,0
DA:750,0
DA:753,0
DA:754,0
DA:758,0
DA:759,0
DA:760,0
DA:761,0
LF:267
LH:0
BRDA:26,0,0,0
BRDA:26,0,1,0
BRDA:32,1,0,0
BRDA:51,2,0,0
BRDA:51,2,1,0
BRDA:66,3,0,0
BRDA:66,3,1,0
BRDA:67,4,0,0
BRDA:69,5,0,0
BRDA:69,5,1,0
BRDA:70,6,0,0
BRDA:70,6,1,0
BRDA:73,7,0,0
BRDA:73,7,1,0
BRDA:73,8,0,0
BRDA:73,8,1,0
BRDA:74,9,0,0
BRDA:74,9,1,0
BRDA:74,10,0,0
BRDA:74,10,1,0
BRDA:76,11,0,0
BRDA:76,11,1,0
BRDA:77,12,0,0
BRDA:77,12,1,0
BRDA:80,13,0,0
BRDA:80,13,1,0
BRDA:81,14,0,0
BRDA:81,14,1,0
BRDA:87,15,0,0
BRDA:105,16,0,0
BRDA:119,17,0,0
BRDA:119,17,1,0
BRDA:120,18,0,0
BRDA:120,18,1,0
BRDA:120,19,0,0
BRDA:120,19,1,0
BRDA:121,20,0,0
BRDA:158,21,0,0
BRDA:158,21,1,0
BRDA:168,22,0,0
BRDA:171,23,0,0
BRDA:171,23,1,0
BRDA:190,24,0,0
BRDA:190,24,1,0
BRDA:204,25,0,0
BRDA:211,26,0,0
BRDA:243,27,0,0
BRDA:258,28,0,0
BRDA:281,29,0,0
BRDA:281,30,0,0
BRDA:283,31,0,0
BRDA:301,32,0,0
BRDA:301,32,1,0
BRDA:301,33,0,0
BRDA:301,33,1,0
BRDA:320,34,0,0
BRDA:322,35,0,0
BRDA:322,35,1,0
BRDA:324,36,0,0
BRDA:324,36,1,0
BRDA:326,37,0,0
BRDA:326,37,1,0
BRDA:330,38,0,0
BRDA:330,38,1,0
BRDA:331,39,0,0
BRDA:331,39,1,0
BRDA:338,40,0,0
BRDA:338,40,1,0
BRDA:343,41,0,0
BRDA:343,41,1,0
BRDA:346,42,0,0
BRDA:346,42,1,0
BRDA:348,43,0,0
BRDA:348,43,1,0
BRDA:348,44,0,0
BRDA:348,44,1,0
BRDA:364,45,0,0
BRDA:365,46,0,0
BRDA:365,47,0,0
BRDA:365,47,1,0
BRDA:369,48,0,0
BRDA:387,49,0,0
BRDA:388,50,0,0
BRDA:393,51,0,0
BRDA:393,52,0,0
BRDA:393,52,1,0
BRDA:398,53,0,0
BRDA:398,53,1,0
BRDA:398,53,2,0
BRDA:398,53,3,0
BRDA:401,54,0,0
BRDA:402,55,0,0
BRDA:412,56,0,0
BRDA:417,57,0,0
BRDA:417,57,1,0
BRDA:418,58,0,0
BRDA:418,58,1,0
BRDA:426,59,0,0
BRDA:426,59,1,0
BRDA:429,60,0,0
BRDA:431,61,0,0
BRDA:431,61,1,0
BRDA:435,62,0,0
BRDA:437,63,0,0
BRDA:437,63,1,0
BRDA:440,64,0,0
BRDA:440,64,1,0
BRDA:446,65,0,0
BRDA:446,65,1,0
BRDA:450,66,0,0
BRDA:450,66,1,0
BRDA:470,67,0,0
BRDA:470,67,1,0
BRDA:470,67,2,0
BRDA:470,67,3,0
BRDA:492,68,0,0
BRDA:493,69,0,0
BRDA:494,70,0,0
BRDA:497,71,0,0
BRDA:503,72,0,0
BRDA:504,73,0,0
BRDA:508,74,0,0
BRDA:508,74,1,0
BRDA:509,75,0,0
BRDA:509,76,0,0
BRDA:509,76,1,0
BRDA:512,77,0,0
BRDA:512,77,1,0
BRDA:515,78,0,0
BRDA:515,79,0,0
BRDA:515,79,1,0
BRDA:519,80,0,0
BRDA:519,80,1,0
BRDA:519,80,2,0
BRDA:520,81,0,0
BRDA:521,82,0,0
BRDA:530,83,0,0
BRDA:534,84,0,0
BRDA:534,84,1,0
BRDA:535,85,0,0
BRDA:535,85,1,0
BRDA:545,86,0,0
BRDA:545,86,1,0
BRDA:546,87,0,0
BRDA:546,87,1,0
BRDA:548,88,0,0
BRDA:548,88,1,0
BRDA:550,89,0,0
BRDA:550,89,1,0
BRDA:573,90,0,0
BRDA:574,91,0,0
BRDA:574,91,1,0
BRDA:584,92,0,0
BRDA:584,92,1,0
BRDA:585,93,0,0
BRDA:585,93,1,0
BRDA:590,94,0,0
BRDA:590,95,0,0
BRDA:590,95,1,0
BRDA:610,96,0,0
BRDA:618,97,0,0
BRDA:638,98,0,0
BRDA:639,99,0,0
BRDA:639,99,1,0
BRDA:645,100,0,0
BRDA:645,100,1,0
BRDA:646,101,0,0
BRDA:646,101,1,0
BRDA:663,102,0,0
BRDA:663,103,0,0
BRDA:663,103,1,0
BRDA:669,104,0,0
BRDA:669,104,1,0
BRDA:673,105,0,0
BRDA:681,106,0,0
BRDA:689,107,0,0
BRDA:694,108,0,0
BRDA:694,108,1,0
BRDA:696,109,0,0
BRDA:696,110,0,0
BRDA:696,110,1,0
BRDA:710,111,0,0
BRDA:710,112,0,0
BRDA:710,112,1,0
BRDA:724,113,0,0
BRDA:745,114,0,0
BRDA:745,114,1,0
BRDA:753,115,0,0
BRDA:759,116,0,0
BRF:189
BRH:0
end_of_record
TN:
SF:src\competitions\seed-competitions.data.ts
FNF:0
FNH:0
DA:3,0
LF:1
LH:0
BRF:0
BRH:0
end_of_record
TN:
SF:src\competitions\dto\create-competition.dto.ts
FNF:0
FNH:0
DA:2,0
DA:3,0
DA:5,0
DA:10,0
DA:15,0
DA:19,0
DA:24,0
DA:28,0
DA:32,0
DA:38,0
DA:43,0
DA:49,0
DA:54,0
LF:13
LH:0
BRF:0
BRH:0
end_of_record
TN:
SF:src\competitions\dto\get-competition-leaderboard.dto.ts
FN:5,(anonymous_2)
FN:13,(anonymous_3)
FNF:2
FNH:0
FNDA:0,(anonymous_2)
FNDA:0,(anonymous_3)
DA:1,0
DA:2,0
DA:3,0
DA:5,0
DA:9,0
DA:13,0
DA:17,0
LF:7
LH:0
BRF:0
BRH:0
end_of_record
TN:
SF:src\competitions\dto\get-competitions.dto.ts
FN:6,(anonymous_2)
FN:14,(anonymous_3)
FN:21,(anonymous_4)
FNF:3
FNH:0
FNDA:0,(anonymous_2)
FNDA:0,(anonymous_3)
FNDA:0,(anonymous_4)
DA:2,0
DA:3,0
DA:4,0
DA:6,0
DA:10,0
DA:14,0
DA:17,0
DA:21,0
DA:25,0
DA:30,0
DA:35,0
DA:40,0
DA:46,0
DA:51,0
DA:56,0
LF:15
LH:0
BRF:0
BRH:0
end_of_record
TN:
SF:src\competitions\dto\submit-competition.dto.ts
FNF:0
FNH:0
DA:2,0
DA:3,0
DA:5,0
DA:8,0
DA:12,0
DA:18,0
LF:6
LH:0
BRF:0
BRH:0
end_of_record
TN:
SF:src\competitions\dto\update-competition.dto.ts
FNF:0
FNH:0
DA:2,0
DA:3,0
DA:5,0
DA:11,0
DA:17,0
DA:22,0
DA:28,0
DA:33,0
DA:38,0
DA:44,0
DA:49,0
DA:55,0
DA:60,0
LF:13
LH:0
BRF:0
BRH:0
end_of_record
TN:
SF:src\competitions\schemas\competition-submission.schema.ts
FNF:0
FNH:0
DA:2,1
DA:3,1
DA:8,1
DA:10,1
DA:13,1
DA:16,1
DA:19,1
DA:22,1
DA:25,1
DA:29,1
DA:33,1
DA:36,1
DA:39,1
DA:42,1
DA:45,1
DA:47,1
DA:48,1
LF:17
LH:17
BRF:0
BRH:0
end_of_record
TN:
SF:src\competitions\schemas\competition.schema.ts
FNF:0
FNH:0
DA:2,0
DA:3,0
DA:14,0
DA:16,0
DA:19,0
DA:22,0
DA:25,0
DA:29,0
DA:32,0
DA:35,0
DA:38,0
DA:42,0
DA:45,0
DA:48,0
DA:51,0
DA:54,0
DA:56,0
DA:57,0
LF:18
LH:0
BRF:0
BRH:0
end_of_record
TN:
SF:src\config\mongo-uri.ts
FN:1,normalizeMongoUri
FNF:1
FNH:0
FNDA:0,normalizeMongoUri
DA:1,0
DA:2,0
DA:3,0
DA:6,0
DA:7,0
DA:8,0
DA:9,0
DA:11,0
DA:13,0
LF:9
LH:0
BRDA:1,0,0,0
BRDA:2,1,0,0
BRDA:8,2,0,0
BRDA:8,3,0,0
BRDA:8,3,1,0
BRDA:8,3,2,0
BRF:6
BRH:0
end_of_record
TN:
SF:src\config\validation.ts
FN:10,validateConfig
FNF:1
FNH:0
FNDA:0,validateConfig
DA:10,0
DA:11,0
DA:13,0
DA:14,0
DA:15,0
DA:19,0
LF:6
LH:0
BRDA:14,0,0,0
BRF:1
BRH:0
end_of_record
TN:
SF:src\core\index.ts
FN:6,(anonymous_0)
FN:7,(anonymous_1)
FN:8,(anonymous_2)
FNF:3
FNH:0
FNDA:0,(anonymous_0)
FNDA:0,(anonymous_1)
[...]
FNF:0
FNH:0
DA:1,0
DA:2,0
DA:3,0
DA:4,0
DA:10,0
LF:5
LH:0
BRF:0
BRH:0
end_of_record
TN:
SF:src\health\metrics.controller.ts
FN:10,(anonymous_4)
FNF:1
FNH:0
FNDA:0,(anonymous_4)
DA:1,0
DA:2,0
DA:4,0
DA:8,0
DA:10,0
DA:11,0
DA:12,0
LF:7
LH:0
BRF:0
BRH:0
end_of_record
TN:
SF:src\health\prometheus.ts
FNF:0
FNH:0
DA:1,0
DA:3,0
DA:5,0
DA:10,0
DA:12,0
DA:19,0
LF:6
LH:0
BRF:0
BRH:0
end_of_record
TN:
SF:src\leaderboard\leaderboard.controller.ts
FN:10,(anonymous_4)
FN:27,(anonymous_5)
FN:42,(anonymous_6)
FN:54,(anonymous_7)
FN:69,(anonymous_8)
FN:81,(anonymous_9)
FN:93,(anonymous_10)
FNF:7
FNH:0
FNDA:0,(anonymous_4)
FNDA:0,(anonymous_5)
FNDA:0,(anonymous_6)
FNDA:0,(anonymous_7)
FNDA:0,(anonymous_8)
FNDA:0,(anonymous_9)
FNDA:0,(anonymous_10)
DA:1,0
DA:2,0
DA:3,0
DA:4,0
DA:5,0
DA:9,0
DA:10,0
DA:27,0
DA:28,0
DA:42,0
DA:43,0
DA:54,0
DA:58,0
DA:69,0
DA:73,0
DA:81,0
DA:82,0
DA:93,0
DA:99,0
LF:19
LH:0
BRDA:29,0,0,0
BRDA:29,0,1,0
BRDA:30,1,0,0
BRDA:30,1,1,0
BRDA:31,2,0,0
BRDA:31,2,1,0
BRDA:32,3,0,0
BRDA:32,3,1,0
BRDA:56,4,0,0
BRDA:71,5,0,0
BRDA:81,6,0,0
BRDA:96,7,0,0
BRDA:97,8,0,0
BRF:13
BRH:0
end_of_record
TN:
SF:src\leaderboard\leaderboard.module.ts
FNF:0
FNH:0
DA:1,0
DA:2,0
DA:3,0
DA:4,0
DA:5,0
DA:6,0
DA:7,0
DA:8,0
DA:20,0
LF:9
LH:0
BRF:0
BRH:0
end_of_record
TN:
SF:src\leaderboard\leaderboard.service.ts
FN:48,(anonymous_4)
FN:58,(anonymous_5)
FN:189,(anonymous_6)
FN:217,(anonymous_7)
FN:259,(anonymous_8)
FN:271,(anonymous_9)
FN:338,(anonymous_10)
FN:381,(anonymous_11)
FN:392,(anonymous_12)
FN:403,(anonymous_13)
FNF:10
FNH:0
FNDA:0,(anonymous_4)
FNDA:0,(anonymous_5)
FNDA:0,(anonymous_6)
FNDA:0,(anonymous_7)
FNDA:0,(anonymous_8)
FNDA:0,(anonymous_9)
FNDA:0,(anonymous_10)
FNDA:0,(anonymous_11)
FNDA:0,(anonymous_12)
FNDA:0,(anonymous_13)
DA:1,0
DA:2,0
DA:3,0
DA:4,0
DA:5,0
DA:7,0
DA:45,0
DA:46,0
DA:49,0
DA:50,0
DA:51,0
DA:52,0
DA:65,0
DA:68,0
DA:69,0
DA:70,0
DA:75,0
DA:76,0
DA:79,0
DA:185,0
DA:186,0
DA:189,0
DA:194,0
DA:205,0
DA:206,0
DA:211,0
DA:222,0
DA:224,0
DA:247,0
DA:248,0
DA:249,0
DA:252,0
DA:253,0
DA:254,0
DA:256,0
DA:259,0
DA:277,0
DA:278,0
DA:323,0
DA:325,0
DA:339,0
DA:341,0
DA:342,0
DA:345,0
DA:375,0
DA:382,0
DA:393,0
DA:394,0
DA:396,0
DA:397,0
DA:400,0
DA:404,0
DA:405,0
DA:406,0
DA:407,0
DA:409,0
DA:411,0
DA:413,0
DA:415,0
DA:418,0
LF:60
LH:0
BRDA:59,0,0,0
BRDA:60,1,0,0
BRDA:61,2,0,0
BRDA:62,3,0,0
BRDA:65,4,0,0
BRDA:65,4,1,0
BRDA:70,5,0,0
BRDA:83,6,0,0
BRDA:83,6,1,0
BRDA:186,7,0,0
BRDA:186,7,1,0
BRDA:219,8,0,0
BRDA:220,9,0,0
BRDA:226,10,0,0
BRDA:226,10,1,0
BRDA:248,11,0,0
BRDA:248,12,0,0
BRDA:248,12,1,0
BRDA:274,13,0,0
BRDA:275,14,0,0
BRDA:281,15,0,0
BRDA:281,15,1,0
BRDA:327,16,0,0
BRDA:327,16,1,0
BRDA:329,17,0,0
BRDA:329,17,1,0
BRDA:338,18,0,0
BRDA:342,19,0,0
BRDA:354,20,0,0
BRDA:354,20,1,0
BRDA:370,21,0,0
BRDA:370,21,1,0
BRDA:371,22,0,0
BRDA:371,22,1,0
BRDA:381,23,0,0
BRDA:411,24,0,0
BRDA:411,24,1,0
BRDA:411,24,2,0
BRDA:411,24,3,0
BRF:39
BRH:0
end_of_record
TN:
SF:src\leaderboard\dto\get-global-leaderboard.dto.ts
FN:5,(anonymous_2)
FN:8,(anonymous_3)
FNF:2
FNH:0
FNDA:0,(anonymous_2)
FNDA:0,(anonymous_3)
DA:1,0
DA:2,0
DA:3,0
DA:5,0
DA:8,0
DA:12,0
LF:6
LH:0
BRF:0
BRH:0
end_of_record
TN:
SF:src\leaderboard\dto\get-leaderboard-query.dto.ts
FN:5,(anonymous_2)
FN:34,(anonymous_3)
FN:42,(anonymous_4)
FNF:3
FNH:0
FNDA:0,(anonymous_2)
FNDA:0,(anonymous_3)
FNDA:0,(anonymous_4)
DA:1,0
DA:2,0
DA:3,0
DA:5,0
DA:13,0
DA:22,0
DA:30,0
DA:34,0
DA:38,0
DA:42,0
DA:45,0
LF:11
LH:0
BRF:0
BRH:0
end_of_record
TN:
SF:src\notifications\notifications.controller.ts
FN:12,(anonymous_4)
FN:16,(anonymous_5)
FN:30,(anonymous_6)
FN:37,(anonymous_7)
FNF:4
FNH:0
FNDA:0,(anonymous_4)
FNDA:0,(anonymous_5)
FNDA:0,(anonymous_6)
FNDA:0,(anonymous_7)
DA:2,0
DA:3,0
DA:4,0
DA:5,0
DA:11,0
DA:12,0
DA:16,0
DA:21,0
DA:30,0
DA:31,0
DA:32,0
DA:37,0
DA:38,0
DA:39,0
LF:14
LH:0
BRDA:23,0,0,0
BRDA:23,0,1,0
BRDA:24,1,0,0
BRDA:24,1,1,0
BRF:4
BRH:0
end_of_record
TN:
SF:src\notifications\notifications.module.ts
FNF:0
FNH:0
DA:1,0
DA:2,0
DA:3,0
DA:4,0
DA:5,0
DA:13,0
LF:6
LH:0
BRF:0
BRH:0
end_of_record
TN:
SF:src\notifications\notifications.service.ts
FN:18,(anonymous_4)
FN:23,(anonymous_5)
FN:35,(anonymous_6)
FN:53,(anonymous_7)
FN:72,(anonymous_8)
FN:80,(anonymous_9)
FN:86,(anonymous_10)
FNF:7
FNH:0
FNDA:0,(anonymous_4)
FNDA:0,(anonymous_5)
FNDA:0,(anonymous_6)
FNDA:0,(anonymous_7)
FNDA:0,(anonymous_8)
FNDA:0,(anonymous_9)
FNDA:0,(anonymous_10)
DA:1,1
DA:2,1
DA:3,1
DA:4,1
DA:17,1
DA:20,0
DA:24,0
DA:42,0
DA:50,0
DA:54,0
DA:55,0
DA:56,0
DA:58,0
DA:59,0
DA:71,0
DA:72,0
DA:81,0
DA:87,0
DA:88,0
LF:19
LH:5
BRDA:26,0,0,0
BRDA:26,0,1,0
BRDA:27,1,0,0
BRDA:27,1,1,0
BRDA:28,2,0,0
BRDA:28,2,1,0
BRDA:29,3,0,0
BRDA:29,3,1,0
BRDA:31,4,0,0
BRDA:31,4,1,0
BRDA:47,5,0,0
BRDA:47,5,1,0
BRDA:53,6,0,0
BRDA:53,7,0,0
BRDA:54,8,0,0
BRDA:54,8,1,0
BRDA:55,9,0,0
BRDA:55,9,1,0
BRDA:87,10,0,0
BRF:19
BRH:0
end_of_record
TN:
SF:src\notifications\schemas\notification.schema.ts
FNF:0
FNH:0
DA:1,1
DA:2,1
DA:5,1
DA:7,1
DA:10,1
DA:13,1
DA:16,1
DA:19,1
DA:22,1
DA:26,1
LF:10
LH:10
BRF:0
BRH:0
end_of_record
TN:
SF:src\reclamations\reclamations.controller.ts
FN:13,(anonymous_4)
FN:19,(anonymous_5)
FN:34,(anonymous_6)
FN:42,(anonymous_7)
FN:52,(anonymous_8)
FNF:5
FNH:0
FNDA:0,(anonymous_4)
FNDA:0,(anonymous_5)
FNDA:0,(anonymous_6)
FNDA:0,(anonymous_7)
FNDA:0,(anonymous_8)
DA:2,0
DA:3,0
DA:4,0
DA:5,0
DA:6,0
DA:7,0
DA:8,0
DA:12,0
DA:13,0
DA:19,0
DA:20,0
DA:21,0
DA:22,0
DA:34,0
DA:35,0
DA:42,0
DA:43,0
DA:44,0
DA:52,0
DA:53,0
DA:54,0
LF:21
LH:0
BRDA:20,0,0,0
BRDA:20,0,1,0
BRDA:21,1,0,0
BRDA:21,1,1,0
BRF:4
BRH:0
end_of_record
TN:
SF:src\reclamations\reclamations.module.ts
FNF:0
FNH:0
DA:1,0
DA:2,0
DA:3,0
DA:4,0
DA:5,0
DA:6,0
DA:7,0
DA:18,0
LF:8
LH:0
BRF:0
BRH:0
end_of_record
TN:
SF:src\reclamations\reclamations.service.ts
FN:39,escapeRegex
FN:43,toMineItem
FN:64,(anonymous_6)
FN:69,(anonymous_7)
FN:82,(anonymous_8)
FN:112,(anonymous_9)
FN:126,(anonymous_10)
FN:144,(anonymous_11)
FN:184,(anonymous_12)
FN:204,(anonymous_13)
FN:260,(anonymous_14)
FN:280,(anonymous_15)
FN:290,(anonymous_16)
FNF:13
FNH:0
FNDA:0,escapeRegex
FNDA:0,toMineItem
FNDA:0,(anonymous_6)
FNDA:0,(anonymous_7)
FNDA:0,(anonymous_8)
FNDA:0,(anonymous_9)
FNDA:0,(anonymous_10)
FNDA:0,(anonymous_11)
FNDA:0,(anonymous_12)
FNDA:0,(anonymous_13)
FNDA:0,(anonymous_14)
FNDA:0,(anonymous_15)
FNDA:0,(anonymous_16)
DA:2,0
DA:3,0
DA:4,0
DA:5,0
DA:7,0
DA:9,0
DA:10,0
DA:40,0
DA:51,0
DA:52,0
DA:63,0
DA:65,0
DA:66,0
DA:70,0
DA:71,0
DA:79,0
DA:88,0
DA:89,0
DA:90,0
DA:91,0
DA:92,0
DA:94,0
DA:95,0
DA:97,0
DA:98,0
DA:99,0
DA:101,0
DA:102,0
DA:112,0
DA:113,0
DA:122,0
DA:123,0
DA:127,0
DA:128,0
DA:132,0
DA:133,0
DA:141,0
DA:155,0
DA:156,0
DA:157,0
DA:158,0
DA:159,0
DA:161,0
DA:162,0
DA:164,0
DA:165,0
DA:166,0
DA:173,0
DA:174,0
DA:184,0
DA:185,0
DA:193,0
DA:200,0
DA:201,0
DA:205,0
DA:226,0
DA:232,0
DA:233,0
DA:234,0
DA:238,0
DA:245,0
DA:246,0
DA:247,0
DA:251,0
DA:261,0
DA:262,0
DA:263,0
DA:264,0
DA:272,0
DA:281,0
DA:282,0
DA:283,0
DA:284,0
DA:285,0
DA:286,0
DA:291,0
DA:292,0
DA:295,0
DA:296,0
DA:297,0
DA:299,0
DA:300,0
DA:301,0
LF:83
LH:0
BRDA:58,0,0,0
BRDA:58,0,1,0
BRDA:75,1,0,0
BRDA:75,1,1,0
BRDA:84,2,0,0
BRDA:85,3,0,0
BRDA:91,4,0,0
BRDA:91,5,0,0
BRDA:91,5,1,0
BRDA:94,6,0,0
BRDA:94,7,0,0
BRDA:94,7,1,0
BRDA:97,8,0,0
BRDA:101,9,0,0
BRDA:101,9,1,0
BRDA:127,10,0,0
BRDA:132,11,0,0
BRDA:145,12,0,0
BRDA:146,13,0,0
BRDA:158,14,0,0
BRDA:158,15,0,0
BRDA:158,15,1,0
BRDA:161,16,0,0
BRDA:161,17,0,0
BRDA:161,17,1,0
BRDA:164,18,0,0
BRDA:173,19,0,0
BRDA:173,19,1,0
BRDA:233,20,0,0
BRDA:246,21,0,0
BRDA:261,22,0,0
BRDA:263,23,0,0
BRDA:281,24,0,0
BRDA:283,25,0,0
BRDA:291,26,0,0
BRDA:295,27,0,0
BRDA:296,28,0,0
BRDA:296,29,0,0
BRDA:296,29,1,0
BRF:39
BRH:0
end_of_record
TN:
SF:src\reclamations\dto\create-reclamation.dto.ts
FNF:0
FNH:0
DA:2,0
DA:3,0
DA:5,0
DA:7,0
DA:12,0
DA:17,0
DA:22,0
LF:7
LH:0
BRF:0
BRH:0
end_of_record
TN:
SF:src\reclamations\dto\list-mine-reclamations.dto.ts
FN:12,(anonymous_2)
FN:19,(anonymous_3)
FNF:2
FNH:0
FNDA:0,(anonymous_2)
FNDA:0,(anonymous_3)
DA:1,0
DA:2,0
DA:3,0
DA:5,0
DA:6,0
DA:7,0
DA:9,0
DA:12,0
DA:15,0
DA:19,0
DA:23,0
DA:29,0
DA:35,0
DA:41,0
DA:47,0
LF:15
LH:0
BRF:0
BRH:0
end_of_record
TN:
SF:src\reclamations\schemas\reclamation.schema.ts
FNF:0
FNH:0
DA:1,1
DA:2,1
DA:5,1
DA:7,1
DA:10,1
DA:13,1
DA:16,1
DA:19,1
DA:22,1
DA:25,1
DA:29,1
DA:31,1
DA:32,1
DA:33,1
LF:14
LH:14
BRF:0
BRH:0
end_of_record
TN:
SF:src\security-events\security-events.module.ts
FNF:0
FNH:0
DA:2,0
DA:3,0
DA:4,0
DA:5,0
DA:14,0
LF:5
LH:0
BRF:0
BRH:0
end_of_record
TN:
SF:src\security-events\security-events.service.ts
FN:9,(anonymous_4)
FN:14,(anonymous_5)
FNF:2
FNH:0
FNDA:0,(anonymous_4)
FNDA:0,(anonymous_5)
DA:2,1
DA:3,1
DA:4,1
DA:5,1
DA:8,1
DA:11,0
DA:21,0
LF:7
LH:5
BRF:0
BRH:0
end_of_record
TN:
SF:src\security-events\schemas\security-event.schema.ts
FNF:0
FNH:0
DA:1,1
DA:7,1
DA:9,1
DA:12,1
DA:15,1
DA:18,1
DA:21,1
DA:24,1
LF:8
LH:8
BRF:0
BRH:0
end_of_record
TN:
SF:src\site-ratings\site-ratings.controller.ts
FN:12,(anonymous_4)
FN:16,(anonymous_5)
FN:24,(anonymous_6)
FN:33,(anonymous_7)
FNF:4
FNH:0
FNDA:0,(anonymous_4)
FNDA:0,(anonymous_5)
FNDA:0,(anonymous_6)
FNDA:0,(anonymous_7)
DA:2,0
DA:3,0
DA:4,0
DA:5,0
DA:6,0
DA:7,0
DA:11,0
DA:12,0
DA:16,0
DA:17,0
DA:24,0
DA:25,0
DA:33,0
DA:34,0
LF:14
LH:0
BRF:0
BRH:0
end_of_record
TN:
SF:src\site-ratings\site-ratings.module.ts
FNF:0
FNH:0
DA:2,0
DA:3,0
DA:4,0
DA:5,0
DA:6,0
DA:7,0
DA:8,0
DA:19,0
LF:8
LH:0
BRF:0
BRH:0
end_of_record
TN:
SF:src\site-ratings\site-ratings.service.ts
FN:4,(anonymous_1)
FN:7,(anonymous_2)
FN:10,(anonymous_3)
FN:14,(anonymous_4)
FN:18,(anonymous_5)
FNF:5
FNH:0
FNDA:0,(anonymous_1)
FNDA:0,(anonymous_2)
FNDA:0,(anonymous_3)
FNDA:0,(anonymous_4)
FNDA:0,(anonymous_5)
DA:1,0
DA:4,0
DA:5,0
DA:8,0
DA:9,0
DA:10,0
DA:11,0
DA:15,0
DA:19,0
DA:20,0
LF:10
LH:0
BRDA:10,0,0,0
BRDA:10,0,1,0
BRDA:15,1,0,0
BRDA:15,1,1,0
BRF:4
BRH:0
end_of_record
TN:
SF:src\site-ratings\dto\set-site-rating.dto.ts
FNF:0
FNH:0
DA:1,0
DA:2,0
DA:4,0
DA:9,0
LF:4
LH:0
BRF:0
BRH:0
end_of_record
TN:
SF:src\site-ratings\schemas\site-rating.schema.ts
FNF:0
FNH:0
DA:1,1
DA:2,1
DA:5,1
DA:7,1
DA:10,1
DA:14,1
LF:6
LH:6
BRF:0
BRH:0
end_of_record
TN:
SF:src\types\express.d.ts
FNF:0
FNH:0
LF:0
LH:0
BRF:0
BRH:0
end_of_record
TN:
SF:src\users\users.controller.ts
FN:18,(anonymous_4)
FN:24,(anonymous_5)
FN:31,(anonymous_6)
FN:43,(anonymous_7)
FN:51,(anonymous_8)
FN:84,(anonymous_9)
FN:121,(anonymous_10)
FN:133,(anonymous_11)
FN:141,(anonymous_12)
FN:149,(anonymous_13)
FN:157,(anonymous_14)
FN:165,(anonymous_15)
FN:173,(anonymous_16)
FN:61,(anonymous_17)
FN:66,(anonymous_18)
FN:74,(anonymous_19)
FN:98,(anonymous_20)
FN:103,(anonymous_21)
FN:111,(anonymous_22)
FNF:19
FNH:0
FNDA:0,(anonymous_4)
FNDA:0,(anonymous_5)
FNDA:0,(anonymous_6)
FNDA:0,(anonymous_7)
FNDA:0,(anonymous_8)
FNDA:0,(anonymous_9)
FNDA:0,(anonymous_10)
FNDA:0,(anonymous_11)
FNDA:0,(anonymous_12)
FNDA:0,(anonymous_13)
FNDA:0,(anonymous_14)
FNDA:0,(anonymous_15)
FNDA:0,(anonymous_16)
FNDA:0,(anonymous_17)
FNDA:0,(anonymous_18)
FNDA:0,(anonymous_19)
FNDA:0,(anonymous_20)
FNDA:0,(anonymous_21)
FNDA:0,(anonymous_22)
DA:2,0
DA:3,0
DA:4,0
DA:5,0
DA:6,0
DA:7,0
DA:8,0
DA:9,0
DA:10,0
DA:11,0
DA:17,0
DA:18,0
DA:24,0
DA:25,0
DA:26,0
DA:31,0
DA:33,0
DA:34,0
DA:43,0
DA:44,0
DA:51,0
DA:52,0
DA:62,0
DA:63,0
DA:64,0
DA:67,0
DA:68,0
DA:69,0
DA:70,0
DA:75,0
DA:76,0
DA:77,0
DA:84,0
DA:85,0
DA:86,0
DA:87,0
DA:88,0
DA:89,0
DA:99,0
DA:100,0
DA:101,0
DA:104,0
DA:105,0
DA:106,0
DA:107,0
DA:112,0
DA:113,0
DA:114,0
DA:121,0
DA:122,0
DA:123,0
DA:124,0
DA:125,0
DA:126,0
DA:133,0
DA:134,0
DA:141,0
DA:142,0
DA:149,0
DA:150,0
DA:157,0
DA:158,0
DA:165,0
DA:166,0
DA:173,0
DA:174,0
LF:66
LH:0
BRDA:85,0,0,0
BRDA:86,1,0,0
BRDA:86,1,1,0
BRDA:86,1,2,0
BRDA:86,2,0,0
BRDA:86,2,1,0
BRDA:122,3,0,0
BRDA:123,4,0,0
BRDA:123,4,1,0
BRDA:123,4,2,0
BRDA:123,5,0,0
BRDA:123,5,1,0
BRDA:67,6,0,0
BRDA:67,6,1,0
BRDA:68,7,0,0
BRDA:68,7,1,0
BRDA:69,8,0,0
BRDA:69,8,1,0
BRDA:76,9,0,0
BRDA:104,10,0,0
BRDA:104,10,1,0
BRDA:105,11,0,0
BRDA:105,11,1,0
BRDA:106,12,0,0
BRDA:106,12,1,0
BRDA:113,13,0,0
BRF:26
BRH:0
end_of_record
TN:
SF:src\users\users.module.ts
FNF:0
FNH:0
DA:1,0
DA:2,0
DA:3,0
DA:4,0
DA:5,0
DA:6,0
DA:7,0
DA:8,0
DA:9,0
DA:10,0
DA:14,0
DA:15,0
DA:16,0
DA:17,0
DA:37,0
LF:15
LH:0
BRF:0
BRH:0
end_of_record
TN:
SF:src\users\users.public.controller.ts
FN:8,(anonymous_4)
FN:12,(anonymous_5)
FN:18,(anonymous_6)
FN:24,(anonymous_7)
FNF:4
FNH:0
FNDA:0,(anonymous_4)
FNDA:0,(anonymous_5)
FNDA:0,(anonymous_6)
FNDA:0,(anonymous_7)
DA:1,0
DA:2,0
DA:3,0
DA:7,0
DA:8,0
DA:12,0
DA:13,0
DA:18,0
DA:19,0
DA:24,0
DA:25,0
LF:11
LH:0
BRF:0
BRH:0
end_of_record
TN:
SF:src\users\users.service.ts
FN:20,(anonymous_13)
FN:40,(anonymous_14)
FN:92,(anonymous_15)
FN:99,(anonymous_16)
FN:109,(anonymous_17)
FN:119,(anonymous_18)
FN:125,(anonymous_19)
FN:128,(anonymous_20)
FN:135,(anonymous_21)
FN:139,(anonymous_22)
FN:151,(anonymous_23)
FN:167,(anonymous_24)
FN:182,(anonymous_25)
FN:197,(anonymous_26)
FN:210,(anonymous_27)
FN:221,(anonymous_28)
FN:222,(anonymous_29)
FN:224,(anonymous_30)
FN:230,(anonymous_31)
FN:234,(anonymous_32)
FN:237,(anonymous_33)
FN:238,(anonymous_34)
FN:239,(anonymous_35)
FN:242,(anonymous_36)
FN:243,(anonymous_37)
FN:244,(anonymous_38)
FN:246,(anonymous_39)
FN:261,(anonymous_40)
FN:267,(anonymous_41)
FN:273,(anonymous_42)
FN:279,(anonymous_43)
FN:283,(anonymous_44)
FN:286,(anonymous_45)
FN:290,(anonymous_46)
FN:293,(anonymous_47)
FN:305,(anonymous_48)
FN:354,(anonymous_49)
FN:360,(anonymous_50)
FN:367,(anonymous_51)
FN:372,(anonymous_52)
FN:380,(anonymous_53)
FN:395,(anonymous_54)
FNF:42
FNH:0
FNDA:0,(anonymous_13)
FNDA:0,(anonymous_14)
FNDA:0,(anonymous_15)
FNDA:0,(anonymous_16)
FNDA:0,(anonymous_17)
FNDA:0,(anonymous_18)
FNDA:0,(anonymous_19)
FNDA:0,(anonymous_20)
FNDA:0,(anonymous_21)
FNDA:0,(anonymous_22)
FNDA:0,(anonymous_23)
FNDA:0,(anonymous_24)
FNDA:0,(anonymous_25)
FNDA:0,(anonymous_26)
FNDA:0,(anonymous_27)
FNDA:0,(anonymous_28)
FNDA:0,(anonymous_29)
FNDA:0,(anonymous_30)
FNDA:0,(anonymous_31)
FNDA:0,(anonymous_32)
FNDA:0,(anonymous_33)
FNDA:0,(anonymous_34)
FNDA:0,(anonymous_35)
FNDA:0,(anonymous_36)
FNDA:0,(anonymous_37)
FNDA:0,(anonymous_38)
FNDA:0,(anonymous_39)
FNDA:0,(anonymous_40)
FNDA:0,(anonymous_41)
FNDA:0,(anonymous_42)
FNDA:0,(anonymous_43)
FNDA:0,(anonymous_44)
FNDA:0,(anonymous_45)
FNDA:0,(anonymous_46)
FNDA:0,(anonymous_47)
FNDA:0,(anonymous_48)
FNDA:0,(anonymous_49)
FNDA:0,(anonymous_50)
FNDA:0,(anonymous_51)
FNDA:0,(anonymous_52)
FNDA:0,(anonymous_53)
FNDA:0,(anonymous_54)
DA:2,1
DA:3,1
DA:4,1
DA:5,1
DA:6,1
DA:7,1
DA:8,1
DA:9,1
DA:10,1
DA:11,1
DA:12,1
DA:14,1
DA:15,1
DA:16,1
DA:19,1
DA:22,0
DA:24,0
DA:26,0
DA:28,0
DA:30,0
DA:32,0
DA:34,0
DA:36,0
DA:37,0
DA:41,0
DA:42,0
DA:43,0
DA:44,0
DA:45,0
DA:46,0
DA:50,0
DA:51,0
DA:52,0
DA:53,0
DA:54,0
DA:55,0
DA:56,0
DA:58,0
DA:60,0
DA:65,0
DA:66,0
DA:67,0
DA:69,0
DA:82,0
DA:84,0
DA:85,0
DA:86,0
DA:88,0
DA:93,0
DA:94,0
DA:95,0
DA:96,0
DA:97,0
DA:100,0
DA:105,0
DA:106,0
DA:110,0
DA:115,0
DA:116,0
DA:120,0
DA:126,0
DA:127,0
DA:128,0
DA:132,0
DA:136,0
DA:140,0
DA:141,0
DA:142,0
DA:144,0
DA:145,0
DA:146,0
DA:147,0
DA:152,0
DA:153,0
DA:154,0
DA:155,0
DA:156,0
DA:157,0
DA:158,0
DA:159,0
DA:160,0
DA:161,0
DA:164,1
DA:165,1
DA:168,0
DA:169,0
DA:170,0
DA:171,0
DA:172,0
DA:173,0
DA:174,0
DA:175,0
DA:177,0
DA:178,0
DA:183,0
DA:184,0
DA:185,0
DA:186,0
DA:187,0
DA:188,0
DA:189,0
DA:190,0
DA:193,0
DA:198,0
DA:199,0
DA:200,0
DA:201,0
DA:202,0
DA:203,0
DA:204,0
DA:211,0
DA:214,0
DA:215,0
DA:216,0
DA:217,0
DA:218,0
DA:221,0
DA:222,0
DA:225,0
DA:226,0
DA:227,0
DA:231,0
DA:235,0
DA:237,0
DA:238,0
DA:240,0
DA:242,0
DA:243,0
DA:244,0
DA:247,0
DA:248,0
DA:250,0
DA:252,0
DA:253,0
DA:254,0
DA:256,0
DA:257,0
DA:258,0
DA:262,0
DA:263,0
DA:264,0
DA:268,0
DA:269,0
DA:270,0
DA:274,0
DA:275,0
DA:276,0
DA:280,0
DA:281,0
DA:282,0
DA:283,0
DA:287,0
DA:288,0
DA:289,0
DA:290,0
DA:294,0
DA:295,0
DA:296,0
DA:297,0
DA:298,0
DA:306,0
DA:307,0
DA:312,0
DA:314,0
DA:315,0
DA:316,0
DA:317,0
DA:318,0
DA:319,0
DA:320,0
DA:330,0
DA:340,0
DA:355,0
DA:361,0
DA:362,0
DA:363,0
DA:368,0
DA:374,0
DA:375,0
DA:376,0
DA:381,0
DA:386,0
DA:387,0
DA:388,0
DA:391,0
DA:396,0
DA:401,0
DA:402,0
DA:403,0
DA:406,0
DA:407,0
LF:191
LH:17
BRDA:42,0,0,0
BRDA:42,0,1,0
BRDA:43,1,0,0
BRDA:43,1,1,0
BRDA:46,2,0,0
BRDA:46,2,1,0
BRDA:46,3,0,0
BRDA:46,3,1,0
BRDA:50,4,0,0
BRDA:50,4,1,0
BRDA:51,5,0,0
BRDA:51,5,1,0
BRDA:52,6,0,0
BRDA:52,6,1,0
BRDA:54,7,0,0
BRDA:56,8,0,0
BRDA:58,9,0,0
BRDA:58,9,1,0
BRDA:65,10,0,0
BRDA:66,11,0,0
BRDA:66,11,1,0
BRDA:67,12,0,0
BRDA:73,13,0,0
BRDA:73,13,1,0
BRDA:74,14,0,0
BRDA:74,14,1,0
BRDA:75,15,0,0
BRDA:75,15,1,0
BRDA:79,16,0,0
BRDA:79,16,1,0
BRDA:80,17,0,0
BRDA:80,17,1,0
BRDA:84,18,0,0
BRDA:93,19,0,0
BRDA:93,19,1,0
BRDA:94,20,0,0
BRDA:94,21,0,0
BRDA:94,21,1,0
BRDA:96,22,0,0
BRDA:105,23,0,0
BRDA:115,24,0,0
BRDA:126,25,0,0
BRDA:141,26,0,0
BRDA:141,26,1,0
BRDA:142,27,0,0
BRDA:146,28,0,0
BRDA:153,29,0,0
BRDA:154,30,0,0
BRDA:156,31,0,0
BRDA:173,32,0,0
BRDA:173,32,1,0
BRDA:173,33,0,0
BRDA:173,33,1,0
BRDA:174,34,0,0
BRDA:177,35,0,0
BRDA:178,36,0,0
BRDA:178,36,1,0
BRDA:188,37,0,0
BRDA:188,38,0,0
BRDA:188,38,1,0
BRDA:198,39,0,0
BRDA:198,40,0,0
BRDA:198,40,1,0
BRDA:200,41,0,0
BRDA:201,42,0,0
BRDA:201,42,1,0
BRDA:211,43,0,0
BRDA:211,43,1,0
BRDA:214,44,0,0
BRDA:215,45,0,0
BRDA:215,45,1,0
BRDA:217,46,0,0
BRDA:217,46,1,0
BRDA:222,47,0,0
BRDA:225,48,0,0
BRDA:225,48,1,0
BRDA:226,49,0,0
BRDA:247,50,0,0
BRDA:247,50,1,0
BRDA:247,51,0,0
BRDA:247,51,1,0
BRDA:253,52,0,0
BRDA:257,53,0,0
BRDA:257,53,1,0
BRDA:258,54,0,0
BRDA:258,54,1,0
BRDA:258,55,0,0
BRDA:258,55,1,0
BRDA:263,56,0,0
BRDA:264,57,0,0
BRDA:264,57,1,0
BRDA:264,58,0,0
BRDA:264,58,1,0
BRDA:264,59,0,0
BRDA:264,59,1,0
BRDA:264,60,0,0
BRDA:264,60,1,0
BRDA:264,61,0,0
BRDA:264,61,1,0
BRDA:269,62,0,0
BRDA:270,63,0,0
BRDA:270,63,1,0
BRDA:270,64,0,0
BRDA:270,64,1,0
BRDA:274,65,0,0
BRDA:274,65,1,0
BRDA:275,66,0,0
BRDA:276,67,0,0
BRDA:276,67,1,0
BRDA:276,68,0,0
BRDA:276,68,1,0
BRDA:281,69,0,0
BRDA:282,70,0,0
BRDA:282,70,1,0
BRDA:283,71,0,0
BRDA:283,71,1,0
BRDA:283,72,0,0
BRDA:283,72,1,0
BRDA:283,73,0,0
BRDA:283,73,1,0
BRDA:283,74,0,0
BRDA:283,74,1,0
BRDA:287,75,0,0
BRDA:287,75,1,0
BRDA:288,76,0,0
BRDA:289,77,0,0
BRDA:289,77,1,0
BRDA:290,78,0,0
BRDA:290,78,1,0
BRDA:290,79,0,0
BRDA:290,79,1,0
BRDA:290,80,0,0
BRDA:290,80,1,0
BRDA:290,81,0,0
BRDA:290,81,1,0
BRDA:295,82,0,0
BRDA:295,83,0,0
BRDA:295,83,1,0
BRDA:312,84,0,0
BRDA:348,85,0,0
BRDA:348,85,1,0
BRDA:375,86,0,0
BRDA:375,87,0,0
BRDA:375,87,1,0
BRDA:382,88,0,0
BRDA:382,88,1,0
BRDA:386,89,0,0
BRDA:387,90,0,0
BRDA:397,91,0,0
BRDA:397,91,1,0
BRDA:401,92,0,0
BRDA:402,93,0,0
BRDA:407,94,0,0
BRDA:407,94,1,0
BRF:154
BRH:0
end_of_record
TN:
SF:src\users\dto\change-password.dto.ts
FNF:0
FNH:0
DA:1,0
DA:2,0
DA:4,0
DA:7,0
DA:12,0
LF:5
LH:0
BRF:0
BRH:0
end_of_record
TN:
SF:src\users\dto\update-me.dto.ts
FN:100,(anonymous_2)
FNF:1
FNH:0
FNDA:0,(anonymous_2)
DA:2,0
DA:3,0
DA:4,0
DA:6,0
DA:12,0
DA:19,0
DA:26,0
DA:33,0
DA:36,0
DA:41,0
DA:47,0
DA:53,0
DA:59,0
DA:64,0
DA:70,0
DA:76,0
DA:82,0
DA:88,0
DA:94,0
DA:100,0
DA:101,0
DA:106,0
DA:110,0
LF:23
LH:0
BRF:0
BRH:0
end_of_record
TN:
SF:src\users\dto\upload-avatar.dto.ts
FNF:0
FNH:0
DA:2,0
DA:4,0
DA:6,0
LF:3
LH:0
BRF:0
BRH:0
end_of_record
TN:
SF:src\users\schemas\user.schema.ts
FN:50,(anonymous_2)
FN:81,(anonymous_3)
FN:85,(anonymous_4)
FN:99,(anonymous_5)
FN:150,(anonymous_6)
FNF:5
FNH:0
FNDA:0,(anonymous_2)
FNDA:0,(anonymous_3)
FNDA:0,(anonymous_4)
FNDA:0,(anonymous_5)
FNDA:0,(anonymous_6)
DA:2,1
DA:10,1
DA:12,1
DA:15,1
DA:18,1
DA:21,1
DA:24,1
DA:27,1
DA:30,1
DA:33,1
DA:36,1
DA:39,1
DA:42,1
DA:45,1
DA:48,1
DA:50,0
DA:51,1
DA:55,1
DA:58,1
DA:61,1
DA:63,1
DA:64,1
DA:65,1
DA:66,1
DA:67,1
DA:69,1
DA:71,1
DA:73,1
DA:76,1
DA:78,1
DA:79,1
DA:81,0
DA:82,1
DA:84,1
DA:85,1
DA:86,1
DA:87,1
DA:88,1
DA:89,1
DA:90,1
DA:91,1
DA:94,1
DA:97,1
DA:99,0
DA:100,1
DA:103,1
DA:106,1
DA:109,1
DA:111,1
DA:112,1
DA:113,1
DA:114,1
DA:115,1
DA:116,1
DA:117,1
DA:119,1
DA:120,1
DA:121,1
DA:122,1
DA:123,1
DA:124,1
DA:125,1
DA:129,1
DA:135,1
DA:137,1
DA:138,1
DA:144,1
DA:147,1
DA:149,1
DA:151,0
DA:152,0
DA:153,0
DA:154,0
DA:155,0
DA:156,0
LF:75
LH:66
BRF:0
BRH:0
end_of_record
